CRITICAL - 2023-07-17 00:37:12 --> unlink(datagambar/fotokosong.png): No such file or directory
in APPPATH\Controllers\API\UploudFotoKeluar.php on line 124.
 1 [internal function]: CodeIgniter\Debug\Exceptions->errorHandler(2, 'unlink(datagambar/fotokosong.png): No such file or directory', 'APPPATH\\Controllers\\API\\UploudFotoKeluar.php', 124)
 2 APPPATH\Controllers\API\UploudFotoKeluar.php(124): unlink('datagambar/fotokosong.png')
 3 SYSTEMPATH\CodeIgniter.php(927): App\Controllers\API\UploudFotoKeluar->update('20-20230717')
 4 SYSTEMPATH\CodeIgniter.php(482): CodeIgniter\CodeIgniter->runController(Object(App\Controllers\API\UploudFotoKeluar))
 5 SYSTEMPATH\CodeIgniter.php(351): CodeIgniter\CodeIgniter->handleRequest(null, Object(Config\Cache), false)
 6 FCPATH\index.php(67): CodeIgniter\CodeIgniter->run()
CRITICAL - 2023-07-17 00:37:44 --> unlink(datagambar/fotokosong.png): No such file or directory
in APPPATH\Controllers\API\UploudFotoKeluar.php on line 124.
 1 [internal function]: CodeIgniter\Debug\Exceptions->errorHandler(2, 'unlink(datagambar/fotokosong.png): No such file or directory', 'APPPATH\\Controllers\\API\\UploudFotoKeluar.php', 124)
 2 APPPATH\Controllers\API\UploudFotoKeluar.php(124): unlink('datagambar/fotokosong.png')
 3 SYSTEMPATH\CodeIgniter.php(927): App\Controllers\API\UploudFotoKeluar->update('20-20230717')
 4 SYSTEMPATH\CodeIgniter.php(482): CodeIgniter\CodeIgniter->runController(Object(App\Controllers\API\UploudFotoKeluar))
 5 SYSTEMPATH\CodeIgniter.php(351): CodeIgniter\CodeIgniter->handleRequest(null, Object(Config\Cache), false)
 6 FCPATH\index.php(67): CodeIgniter\CodeIgniter->run()
CRITICAL - 2023-07-17 00:37:59 --> unlink(datagambar/fotokosong.png): No such file or directory
in APPPATH\Controllers\API\UploudFotoKeluar.php on line 124.
 1 [internal function]: CodeIgniter\Debug\Exceptions->errorHandler(2, 'unlink(datagambar/fotokosong.png): No such file or directory', 'APPPATH\\Controllers\\API\\UploudFotoKeluar.php', 124)
 2 APPPATH\Controllers\API\UploudFotoKeluar.php(124): unlink('datagambar/fotokosong.png')
 3 SYSTEMPATH\CodeIgniter.php(927): App\Controllers\API\UploudFotoKeluar->update('20-20230717')
 4 SYSTEMPATH\CodeIgniter.php(482): CodeIgniter\CodeIgniter->runController(Object(App\Controllers\API\UploudFotoKeluar))
 5 SYSTEMPATH\CodeIgniter.php(351): CodeIgniter\CodeIgniter->handleRequest(null, Object(Config\Cache), false)
 6 FCPATH\index.php(67): CodeIgniter\CodeIgniter->run()
CRITICAL - 2023-07-17 00:38:14 --> unlink(datagambar/fotokosong.png): No such file or directory
in APPPATH\Controllers\API\UploudFotoKeluar.php on line 124.
 1 [internal function]: CodeIgniter\Debug\Exceptions->errorHandler(2, 'unlink(datagambar/fotokosong.png): No such file or directory', 'APPPATH\\Controllers\\API\\UploudFotoKeluar.php', 124)
 2 APPPATH\Controllers\API\UploudFotoKeluar.php(124): unlink('datagambar/fotokosong.png')
 3 SYSTEMPATH\CodeIgniter.php(927): App\Controllers\API\UploudFotoKeluar->update('20-20230717')
 4 SYSTEMPATH\CodeIgniter.php(482): CodeIgniter\CodeIgniter->runController(Object(App\Controllers\API\UploudFotoKeluar))
 5 SYSTEMPATH\CodeIgniter.php(351): CodeIgniter\CodeIgniter->handleRequest(null, Object(Config\Cache), false)
 6 FCPATH\index.php(67): CodeIgniter\CodeIgniter->run()
CRITICAL - 2023-07-17 00:39:22 --> unlink(datagambar/fotokosong.png): No such file or directory
in APPPATH\Controllers\API\UploudFotoKeluar.php on line 124.
 1 [internal function]: CodeIgniter\Debug\Exceptions->errorHandler(2, 'unlink(datagambar/fotokosong.png): No such file or directory', 'APPPATH\\Controllers\\API\\UploudFotoKeluar.php', 124)
 2 APPPATH\Controllers\API\UploudFotoKeluar.php(124): unlink('datagambar/fotokosong.png')
 3 SYSTEMPATH\CodeIgniter.php(927): App\Controllers\API\UploudFotoKeluar->update('20-20230717')
 4 SYSTEMPATH\CodeIgniter.php(482): CodeIgniter\CodeIgniter->runController(Object(App\Controllers\API\UploudFotoKeluar))
 5 SYSTEMPATH\CodeIgniter.php(351): CodeIgniter\CodeIgniter->handleRequest(null, Object(Config\Cache), false)
 6 FCPATH\index.php(67): CodeIgniter\CodeIgniter->run()
CRITICAL - 2023-07-17 00:40:18 --> unlink(datagambar/fotokosong.png): No such file or directory
in APPPATH\Controllers\API\UploudFotoKeluar.php on line 124.
 1 [internal function]: CodeIgniter\Debug\Exceptions->errorHandler(2, 'unlink(datagambar/fotokosong.png): No such file or directory', 'APPPATH\\Controllers\\API\\UploudFotoKeluar.php', 124)
 2 APPPATH\Controllers\API\UploudFotoKeluar.php(124): unlink('datagambar/fotokosong.png')
 3 SYSTEMPATH\CodeIgniter.php(927): App\Controllers\API\UploudFotoKeluar->update('20-20230717')
 4 SYSTEMPATH\CodeIgniter.php(482): CodeIgniter\CodeIgniter->runController(Object(App\Controllers\API\UploudFotoKeluar))
 5 SYSTEMPATH\CodeIgniter.php(351): CodeIgniter\CodeIgniter->handleRequest(null, Object(Config\Cache), false)
 6 FCPATH\index.php(67): CodeIgniter\CodeIgniter->run()
CRITICAL - 2023-07-17 00:42:42 --> unlink(datagambar/fotokosong.png): No such file or directory
in APPPATH\Controllers\API\UploudFotoKeluar.php on line 124.
 1 [internal function]: CodeIgniter\Debug\Exceptions->errorHandler(2, 'unlink(datagambar/fotokosong.png): No such file or directory', 'APPPATH\\Controllers\\API\\UploudFotoKeluar.php', 124)
 2 APPPATH\Controllers\API\UploudFotoKeluar.php(124): unlink('datagambar/fotokosong.png')
 3 SYSTEMPATH\CodeIgniter.php(927): App\Controllers\API\UploudFotoKeluar->update('20-20230717')
 4 SYSTEMPATH\CodeIgniter.php(482): CodeIgniter\CodeIgniter->runController(Object(App\Controllers\API\UploudFotoKeluar))
 5 SYSTEMPATH\CodeIgniter.php(351): CodeIgniter\CodeIgniter->handleRequest(null, Object(Config\Cache), false)
 6 FCPATH\index.php(67): CodeIgniter\CodeIgniter->run()
CRITICAL - 2023-07-17 00:43:51 --> unlink(datagambar/fotokosong.png): No such file or directory
in APPPATH\Controllers\API\UploudFotoKeluar.php on line 124.
 1 [internal function]: CodeIgniter\Debug\Exceptions->errorHandler(2, 'unlink(datagambar/fotokosong.png): No such file or directory', 'APPPATH\\Controllers\\API\\UploudFotoKeluar.php', 124)
 2 APPPATH\Controllers\API\UploudFotoKeluar.php(124): unlink('datagambar/fotokosong.png')
 3 SYSTEMPATH\CodeIgniter.php(927): App\Controllers\API\UploudFotoKeluar->update('20-20230717')
 4 SYSTEMPATH\CodeIgniter.php(482): CodeIgniter\CodeIgniter->runController(Object(App\Controllers\API\UploudFotoKeluar))
 5 SYSTEMPATH\CodeIgniter.php(351): CodeIgniter\CodeIgniter->handleRequest(null, Object(Config\Cache), false)
 6 FCPATH\index.php(67): CodeIgniter\CodeIgniter->run()
CRITICAL - 2023-07-17 00:44:41 --> unlink(datagambar/fotokosong.png): No such file or directory
in APPPATH\Controllers\API\UploudFotoKeluar.php on line 124.
 1 [internal function]: CodeIgniter\Debug\Exceptions->errorHandler(2, 'unlink(datagambar/fotokosong.png): No such file or directory', 'APPPATH\\Controllers\\API\\UploudFotoKeluar.php', 124)
 2 APPPATH\Controllers\API\UploudFotoKeluar.php(124): unlink('datagambar/fotokosong.png')
 3 SYSTEMPATH\CodeIgniter.php(927): App\Controllers\API\UploudFotoKeluar->update('20-20230717')
 4 SYSTEMPATH\CodeIgniter.php(482): CodeIgniter\CodeIgniter->runController(Object(App\Controllers\API\UploudFotoKeluar))
 5 SYSTEMPATH\CodeIgniter.php(351): CodeIgniter\CodeIgniter->handleRequest(null, Object(Config\Cache), false)
 6 FCPATH\index.php(67): CodeIgniter\CodeIgniter->run()
CRITICAL - 2023-07-17 00:45:47 --> unlink(datagambar/fotokosong.png): No such file or directory
in APPPATH\Controllers\API\UploudFotoKeluar.php on line 124.
 1 [internal function]: CodeIgniter\Debug\Exceptions->errorHandler(2, 'unlink(datagambar/fotokosong.png): No such file or directory', 'APPPATH\\Controllers\\API\\UploudFotoKeluar.php', 124)
 2 APPPATH\Controllers\API\UploudFotoKeluar.php(124): unlink('datagambar/fotokosong.png')
 3 SYSTEMPATH\CodeIgniter.php(927): App\Controllers\API\UploudFotoKeluar->update('20-20230717')
 4 SYSTEMPATH\CodeIgniter.php(482): CodeIgniter\CodeIgniter->runController(Object(App\Controllers\API\UploudFotoKeluar))
 5 SYSTEMPATH\CodeIgniter.php(351): CodeIgniter\CodeIgniter->handleRequest(null, Object(Config\Cache), false)
 6 FCPATH\index.php(67): CodeIgniter\CodeIgniter->run()
CRITICAL - 2023-07-17 00:47:55 --> unlink(datagambar/fotokosong.png): No such file or directory
in APPPATH\Controllers\API\UploudFotoKeluar.php on line 124.
 1 [internal function]: CodeIgniter\Debug\Exceptions->errorHandler(2, 'unlink(datagambar/fotokosong.png): No such file or directory', 'APPPATH\\Controllers\\API\\UploudFotoKeluar.php', 124)
 2 APPPATH\Controllers\API\UploudFotoKeluar.php(124): unlink('datagambar/fotokosong.png')
 3 SYSTEMPATH\CodeIgniter.php(927): App\Controllers\API\UploudFotoKeluar->update('19-20230717')
 4 SYSTEMPATH\CodeIgniter.php(482): CodeIgniter\CodeIgniter->runController(Object(App\Controllers\API\UploudFotoKeluar))
 5 SYSTEMPATH\CodeIgniter.php(351): CodeIgniter\CodeIgniter->handleRequest(null, Object(Config\Cache), false)
 6 FCPATH\index.php(67): CodeIgniter\CodeIgniter->run()
CRITICAL - 2023-07-17 00:49:53 --> unlink(datagambar/fotokosong.png): No such file or directory
in APPPATH\Controllers\API\UploudFotoKeluar.php on line 124.
 1 [internal function]: CodeIgniter\Debug\Exceptions->errorHandler(2, 'unlink(datagambar/fotokosong.png): No such file or directory', 'APPPATH\\Controllers\\API\\UploudFotoKeluar.php', 124)
 2 APPPATH\Controllers\API\UploudFotoKeluar.php(124): unlink('datagambar/fotokosong.png')
 3 SYSTEMPATH\CodeIgniter.php(927): App\Controllers\API\UploudFotoKeluar->update('19-20230717')
 4 SYSTEMPATH\CodeIgniter.php(482): CodeIgniter\CodeIgniter->runController(Object(App\Controllers\API\UploudFotoKeluar))
 5 SYSTEMPATH\CodeIgniter.php(351): CodeIgniter\CodeIgniter->handleRequest(null, Object(Config\Cache), false)
 6 FCPATH\index.php(67): CodeIgniter\CodeIgniter->run()
CRITICAL - 2023-07-17 00:51:43 --> unlink(datagambar/fotokosong.png): No such file or directory
in APPPATH\Controllers\API\UploudFotoKeluar.php on line 124.
 1 [internal function]: CodeIgniter\Debug\Exceptions->errorHandler(2, 'unlink(datagambar/fotokosong.png): No such file or directory', 'APPPATH\\Controllers\\API\\UploudFotoKeluar.php', 124)
 2 APPPATH\Controllers\API\UploudFotoKeluar.php(124): unlink('datagambar/fotokosong.png')
 3 SYSTEMPATH\CodeIgniter.php(927): App\Controllers\API\UploudFotoKeluar->update('19-20230717')
 4 SYSTEMPATH\CodeIgniter.php(482): CodeIgniter\CodeIgniter->runController(Object(App\Controllers\API\UploudFotoKeluar))
 5 SYSTEMPATH\CodeIgniter.php(351): CodeIgniter\CodeIgniter->handleRequest(null, Object(Config\Cache), false)
 6 FCPATH\index.php(67): CodeIgniter\CodeIgniter->run()
CRITICAL - 2023-07-17 00:51:53 --> unlink(datagambar/fotokosong.png): No such file or directory
in APPPATH\Controllers\API\UploudFotoKeluar.php on line 124.
 1 [internal function]: CodeIgniter\Debug\Exceptions->errorHandler(2, 'unlink(datagambar/fotokosong.png): No such file or directory', 'APPPATH\\Controllers\\API\\UploudFotoKeluar.php', 124)
 2 APPPATH\Controllers\API\UploudFotoKeluar.php(124): unlink('datagambar/fotokosong.png')
 3 SYSTEMPATH\CodeIgniter.php(927): App\Controllers\API\UploudFotoKeluar->update('19-20230717')
 4 SYSTEMPATH\CodeIgniter.php(482): CodeIgniter\CodeIgniter->runController(Object(App\Controllers\API\UploudFotoKeluar))
 5 SYSTEMPATH\CodeIgniter.php(351): CodeIgniter\CodeIgniter->handleRequest(null, Object(Config\Cache), false)
 6 FCPATH\index.php(67): CodeIgniter\CodeIgniter->run()
CRITICAL - 2023-07-17 00:53:56 --> unlink(datagambar/fotokosong.png): No such file or directory
in APPPATH\Controllers\API\UploudFotoKeluar.php on line 124.
 1 [internal function]: CodeIgniter\Debug\Exceptions->errorHandler(2, 'unlink(datagambar/fotokosong.png): No such file or directory', 'APPPATH\\Controllers\\API\\UploudFotoKeluar.php', 124)
 2 APPPATH\Controllers\API\UploudFotoKeluar.php(124): unlink('datagambar/fotokosong.png')
 3 SYSTEMPATH\CodeIgniter.php(927): App\Controllers\API\UploudFotoKeluar->update('19-20230717')
 4 SYSTEMPATH\CodeIgniter.php(482): CodeIgniter\CodeIgniter->runController(Object(App\Controllers\API\UploudFotoKeluar))
 5 SYSTEMPATH\CodeIgniter.php(351): CodeIgniter\CodeIgniter->handleRequest(null, Object(Config\Cache), false)
 6 FCPATH\index.php(67): CodeIgniter\CodeIgniter->run()
CRITICAL - 2023-07-17 00:55:14 --> unlink(datagambar/fotokosong.png): No such file or directory
in APPPATH\Controllers\API\UploudFotoKeluar.php on line 124.
 1 [internal function]: CodeIgniter\Debug\Exceptions->errorHandler(2, 'unlink(datagambar/fotokosong.png): No such file or directory', 'APPPATH\\Controllers\\API\\UploudFotoKeluar.php', 124)
 2 APPPATH\Controllers\API\UploudFotoKeluar.php(124): unlink('datagambar/fotokosong.png')
 3 SYSTEMPATH\CodeIgniter.php(927): App\Controllers\API\UploudFotoKeluar->update('19-20230717')
 4 SYSTEMPATH\CodeIgniter.php(482): CodeIgniter\CodeIgniter->runController(Object(App\Controllers\API\UploudFotoKeluar))
 5 SYSTEMPATH\CodeIgniter.php(351): CodeIgniter\CodeIgniter->handleRequest(null, Object(Config\Cache), false)
 6 FCPATH\index.php(67): CodeIgniter\CodeIgniter->run()
CRITICAL - 2023-07-17 01:12:48 --> unlink(datagambar/fotokosong.png): No such file or directory
in APPPATH\Controllers\API\UploudFotoKeluar.php on line 124.
 1 [internal function]: CodeIgniter\Debug\Exceptions->errorHandler(2, 'unlink(datagambar/fotokosong.png): No such file or directory', 'APPPATH\\Controllers\\API\\UploudFotoKeluar.php', 124)
 2 APPPATH\Controllers\API\UploudFotoKeluar.php(124): unlink('datagambar/fotokosong.png')
 3 SYSTEMPATH\CodeIgniter.php(927): App\Controllers\API\UploudFotoKeluar->update('20-20230717')
 4 SYSTEMPATH\CodeIgniter.php(482): CodeIgniter\CodeIgniter->runController(Object(App\Controllers\API\UploudFotoKeluar))
 5 SYSTEMPATH\CodeIgniter.php(351): CodeIgniter\CodeIgniter->handleRequest(null, Object(Config\Cache), false)
 6 FCPATH\index.php(67): CodeIgniter\CodeIgniter->run()
CRITICAL - 2023-07-17 01:13:41 --> unlink(datagambar/fotokosong.png): No such file or directory
in APPPATH\Controllers\API\UploudFotoKeluar.php on line 124.
 1 [internal function]: CodeIgniter\Debug\Exceptions->errorHandler(2, 'unlink(datagambar/fotokosong.png): No such file or directory', 'APPPATH\\Controllers\\API\\UploudFotoKeluar.php', 124)
 2 APPPATH\Controllers\API\UploudFotoKeluar.php(124): unlink('datagambar/fotokosong.png')
 3 SYSTEMPATH\CodeIgniter.php(927): App\Controllers\API\UploudFotoKeluar->update('20-20230717')
 4 SYSTEMPATH\CodeIgniter.php(482): CodeIgniter\CodeIgniter->runController(Object(App\Controllers\API\UploudFotoKeluar))
 5 SYSTEMPATH\CodeIgniter.php(351): CodeIgniter\CodeIgniter->handleRequest(null, Object(Config\Cache), false)
 6 FCPATH\index.php(67): CodeIgniter\CodeIgniter->run()
CRITICAL - 2023-07-17 01:13:48 --> unlink(datagambar/fotokosong.png): No such file or directory
in APPPATH\Controllers\API\UploudFotoKeluar.php on line 124.
 1 [internal function]: CodeIgniter\Debug\Exceptions->errorHandler(2, 'unlink(datagambar/fotokosong.png): No such file or directory', 'APPPATH\\Controllers\\API\\UploudFotoKeluar.php', 124)
 2 APPPATH\Controllers\API\UploudFotoKeluar.php(124): unlink('datagambar/fotokosong.png')
 3 SYSTEMPATH\CodeIgniter.php(927): App\Controllers\API\UploudFotoKeluar->update('20-20230717')
 4 SYSTEMPATH\CodeIgniter.php(482): CodeIgniter\CodeIgniter->runController(Object(App\Controllers\API\UploudFotoKeluar))
 5 SYSTEMPATH\CodeIgniter.php(351): CodeIgniter\CodeIgniter->handleRequest(null, Object(Config\Cache), false)
 6 FCPATH\index.php(67): CodeIgniter\CodeIgniter->run()
CRITICAL - 2023-07-17 01:14:19 --> unlink(datagambar/fotokosong.png): No such file or directory
in APPPATH\Controllers\API\UploudFotoKeluar.php on line 124.
 1 [internal function]: CodeIgniter\Debug\Exceptions->errorHandler(2, 'unlink(datagambar/fotokosong.png): No such file or directory', 'APPPATH\\Controllers\\API\\UploudFotoKeluar.php', 124)
 2 APPPATH\Controllers\API\UploudFotoKeluar.php(124): unlink('datagambar/fotokosong.png')
 3 SYSTEMPATH\CodeIgniter.php(927): App\Controllers\API\UploudFotoKeluar->update('20-20230717')
 4 SYSTEMPATH\CodeIgniter.php(482): CodeIgniter\CodeIgniter->runController(Object(App\Controllers\API\UploudFotoKeluar))
 5 SYSTEMPATH\CodeIgniter.php(351): CodeIgniter\CodeIgniter->handleRequest(null, Object(Config\Cache), false)
 6 FCPATH\index.php(67): CodeIgniter\CodeIgniter->run()
CRITICAL - 2023-07-17 01:18:09 --> unlink(datagambar/fotokosong.png): No such file or directory
in APPPATH\Controllers\API\UploudFotoKeluar.php on line 124.
 1 [internal function]: CodeIgniter\Debug\Exceptions->errorHandler(2, 'unlink(datagambar/fotokosong.png): No such file or directory', 'APPPATH\\Controllers\\API\\UploudFotoKeluar.php', 124)
 2 APPPATH\Controllers\API\UploudFotoKeluar.php(124): unlink('datagambar/fotokosong.png')
 3 SYSTEMPATH\CodeIgniter.php(927): App\Controllers\API\UploudFotoKeluar->update('20-20230717')
 4 SYSTEMPATH\CodeIgniter.php(482): CodeIgniter\CodeIgniter->runController(Object(App\Controllers\API\UploudFotoKeluar))
 5 SYSTEMPATH\CodeIgniter.php(351): CodeIgniter\CodeIgniter->handleRequest(null, Object(Config\Cache), false)
 6 FCPATH\index.php(67): CodeIgniter\CodeIgniter->run()
CRITICAL - 2023-07-17 01:18:21 --> unlink(datagambar/fotokosong.png): No such file or directory
in APPPATH\Controllers\API\UploudFotoKeluar.php on line 124.
 1 [internal function]: CodeIgniter\Debug\Exceptions->errorHandler(2, 'unlink(datagambar/fotokosong.png): No such file or directory', 'APPPATH\\Controllers\\API\\UploudFotoKeluar.php', 124)
 2 APPPATH\Controllers\API\UploudFotoKeluar.php(124): unlink('datagambar/fotokosong.png')
 3 SYSTEMPATH\CodeIgniter.php(927): App\Controllers\API\UploudFotoKeluar->update('20-20230717')
 4 SYSTEMPATH\CodeIgniter.php(482): CodeIgniter\CodeIgniter->runController(Object(App\Controllers\API\UploudFotoKeluar))
 5 SYSTEMPATH\CodeIgniter.php(351): CodeIgniter\CodeIgniter->handleRequest(null, Object(Config\Cache), false)
 6 FCPATH\index.php(67): CodeIgniter\CodeIgniter->run()
CRITICAL - 2023-07-17 01:19:12 --> unlink(datagambar/fotokosong.png): No such file or directory
in APPPATH\Controllers\API\UploudFotoKeluar.php on line 124.
 1 [internal function]: CodeIgniter\Debug\Exceptions->errorHandler(2, 'unlink(datagambar/fotokosong.png): No such file or directory', 'APPPATH\\Controllers\\API\\UploudFotoKeluar.php', 124)
 2 APPPATH\Controllers\API\UploudFotoKeluar.php(124): unlink('datagambar/fotokosong.png')
 3 SYSTEMPATH\CodeIgniter.php(927): App\Controllers\API\UploudFotoKeluar->update('20-20230717')
 4 SYSTEMPATH\CodeIgniter.php(482): CodeIgniter\CodeIgniter->runController(Object(App\Controllers\API\UploudFotoKeluar))
 5 SYSTEMPATH\CodeIgniter.php(351): CodeIgniter\CodeIgniter->handleRequest(null, Object(Config\Cache), false)
 6 FCPATH\index.php(67): CodeIgniter\CodeIgniter->run()
CRITICAL - 2023-07-17 01:19:17 --> unlink(datagambar/fotokosong.png): No such file or directory
in APPPATH\Controllers\API\UploudFotoKeluar.php on line 124.
 1 [internal function]: CodeIgniter\Debug\Exceptions->errorHandler(2, 'unlink(datagambar/fotokosong.png): No such file or directory', 'APPPATH\\Controllers\\API\\UploudFotoKeluar.php', 124)
 2 APPPATH\Controllers\API\UploudFotoKeluar.php(124): unlink('datagambar/fotokosong.png')
 3 SYSTEMPATH\CodeIgniter.php(927): App\Controllers\API\UploudFotoKeluar->update('20-20230717')
 4 SYSTEMPATH\CodeIgniter.php(482): CodeIgniter\CodeIgniter->runController(Object(App\Controllers\API\UploudFotoKeluar))
 5 SYSTEMPATH\CodeIgniter.php(351): CodeIgniter\CodeIgniter->handleRequest(null, Object(Config\Cache), false)
 6 FCPATH\index.php(67): CodeIgniter\CodeIgniter->run()
CRITICAL - 2023-07-17 01:20:20 --> unlink(datagambar/fotokosong.png): No such file or directory
in APPPATH\Controllers\API\UploudFotoKeluar.php on line 124.
 1 [internal function]: CodeIgniter\Debug\Exceptions->errorHandler(2, 'unlink(datagambar/fotokosong.png): No such file or directory', 'APPPATH\\Controllers\\API\\UploudFotoKeluar.php', 124)
 2 APPPATH\Controllers\API\UploudFotoKeluar.php(124): unlink('datagambar/fotokosong.png')
 3 SYSTEMPATH\CodeIgniter.php(927): App\Controllers\API\UploudFotoKeluar->update('20-20230717')
 4 SYSTEMPATH\CodeIgniter.php(482): CodeIgniter\CodeIgniter->runController(Object(App\Controllers\API\UploudFotoKeluar))
 5 SYSTEMPATH\CodeIgniter.php(351): CodeIgniter\CodeIgniter->handleRequest(null, Object(Config\Cache), false)
 6 FCPATH\index.php(67): CodeIgniter\CodeIgniter->run()
CRITICAL - 2023-07-17 01:23:23 --> unlink(datagambar/): Is a directory
in APPPATH\Controllers\API\UploudFotoKeluar.php on line 148.
 1 [internal function]: CodeIgniter\Debug\Exceptions->errorHandler(2, 'unlink(datagambar/): Is a directory', 'APPPATH\\Controllers\\API\\UploudFotoKeluar.php', 148)
 2 APPPATH\Controllers\API\UploudFotoKeluar.php(148): unlink('FCPATH\\datagambar')
 3 SYSTEMPATH\CodeIgniter.php(927): App\Controllers\API\UploudFotoKeluar->update('20-20230717')
 4 SYSTEMPATH\CodeIgniter.php(482): CodeIgniter\CodeIgniter->runController(Object(App\Controllers\API\UploudFotoKeluar))
 5 SYSTEMPATH\CodeIgniter.php(351): CodeIgniter\CodeIgniter->handleRequest(null, Object(Config\Cache), false)
 6 FCPATH\index.php(67): CodeIgniter\CodeIgniter->run()
CRITICAL - 2023-07-17 01:23:33 --> unlink(datagambar/): Is a directory
in APPPATH\Controllers\API\UploudFotoKeluar.php on line 148.
 1 [internal function]: CodeIgniter\Debug\Exceptions->errorHandler(2, 'unlink(datagambar/): Is a directory', 'APPPATH\\Controllers\\API\\UploudFotoKeluar.php', 148)
 2 APPPATH\Controllers\API\UploudFotoKeluar.php(148): unlink('FCPATH\\datagambar')
 3 SYSTEMPATH\CodeIgniter.php(927): App\Controllers\API\UploudFotoKeluar->update('20-20230717')
 4 SYSTEMPATH\CodeIgniter.php(482): CodeIgniter\CodeIgniter->runController(Object(App\Controllers\API\UploudFotoKeluar))
 5 SYSTEMPATH\CodeIgniter.php(351): CodeIgniter\CodeIgniter->handleRequest(null, Object(Config\Cache), false)
 6 FCPATH\index.php(67): CodeIgniter\CodeIgniter->run()
CRITICAL - 2023-07-17 01:23:37 --> unlink(datagambar/): Is a directory
in APPPATH\Controllers\API\UploudFotoKeluar.php on line 148.
 1 [internal function]: CodeIgniter\Debug\Exceptions->errorHandler(2, 'unlink(datagambar/): Is a directory', 'APPPATH\\Controllers\\API\\UploudFotoKeluar.php', 148)
 2 APPPATH\Controllers\API\UploudFotoKeluar.php(148): unlink('FCPATH\\datagambar')
 3 SYSTEMPATH\CodeIgniter.php(927): App\Controllers\API\UploudFotoKeluar->update('20-20230717')
 4 SYSTEMPATH\CodeIgniter.php(482): CodeIgniter\CodeIgniter->runController(Object(App\Controllers\API\UploudFotoKeluar))
 5 SYSTEMPATH\CodeIgniter.php(351): CodeIgniter\CodeIgniter->handleRequest(null, Object(Config\Cache), false)
 6 FCPATH\index.php(67): CodeIgniter\CodeIgniter->run()
CRITICAL - 2023-07-17 01:24:57 --> unlink(datagambar/): Is a directory
in APPPATH\Controllers\API\UploudFotoKeluar.php on line 156.
 1 [internal function]: CodeIgniter\Debug\Exceptions->errorHandler(2, 'unlink(datagambar/): Is a directory', 'APPPATH\\Controllers\\API\\UploudFotoKeluar.php', 156)
 2 APPPATH\Controllers\API\UploudFotoKeluar.php(156): unlink('FCPATH\\datagambar')
 3 SYSTEMPATH\CodeIgniter.php(927): App\Controllers\API\UploudFotoKeluar->update('20-20230717')
 4 SYSTEMPATH\CodeIgniter.php(482): CodeIgniter\CodeIgniter->runController(Object(App\Controllers\API\UploudFotoKeluar))
 5 SYSTEMPATH\CodeIgniter.php(351): CodeIgniter\CodeIgniter->handleRequest(null, Object(Config\Cache), false)
 6 FCPATH\index.php(67): CodeIgniter\CodeIgniter->run()
CRITICAL - 2023-07-17 01:25:02 --> unlink(datagambar/): Is a directory
in APPPATH\Controllers\API\UploudFotoKeluar.php on line 156.
 1 [internal function]: CodeIgniter\Debug\Exceptions->errorHandler(2, 'unlink(datagambar/): Is a directory', 'APPPATH\\Controllers\\API\\UploudFotoKeluar.php', 156)
 2 APPPATH\Controllers\API\UploudFotoKeluar.php(156): unlink('FCPATH\\datagambar')
 3 SYSTEMPATH\CodeIgniter.php(927): App\Controllers\API\UploudFotoKeluar->update('20-20230717')
 4 SYSTEMPATH\CodeIgniter.php(482): CodeIgniter\CodeIgniter->runController(Object(App\Controllers\API\UploudFotoKeluar))
 5 SYSTEMPATH\CodeIgniter.php(351): CodeIgniter\CodeIgniter->handleRequest(null, Object(Config\Cache), false)
 6 FCPATH\index.php(67): CodeIgniter\CodeIgniter->run()
CRITICAL - 2023-07-17 01:25:24 --> unlink(datagambar/): Is a directory
in APPPATH\Controllers\API\UploudFotoKeluar.php on line 156.
 1 [internal function]: CodeIgniter\Debug\Exceptions->errorHandler(2, 'unlink(datagambar/): Is a directory', 'APPPATH\\Controllers\\API\\UploudFotoKeluar.php', 156)
 2 APPPATH\Controllers\API\UploudFotoKeluar.php(156): unlink('FCPATH\\datagambar')
 3 SYSTEMPATH\CodeIgniter.php(927): App\Controllers\API\UploudFotoKeluar->update('20-20230717')
 4 SYSTEMPATH\CodeIgniter.php(482): CodeIgniter\CodeIgniter->runController(Object(App\Controllers\API\UploudFotoKeluar))
 5 SYSTEMPATH\CodeIgniter.php(351): CodeIgniter\CodeIgniter->handleRequest(null, Object(Config\Cache), false)
 6 FCPATH\index.php(67): CodeIgniter\CodeIgniter->run()
CRITICAL - 2023-07-17 02:39:34 --> Undefined variable $idkar
in APPPATH\Controllers\API\InputAbsensiIzinKaryawanApi.php on line 267.
 1 APPPATH\Controllers\API\InputAbsensiIzinKaryawanApi.php(267): CodeIgniter\Debug\Exceptions->errorHandler(2, 'Undefined variable $idkar', 'APPPATH\\Controllers\\API\\InputAbsensiIzinKaryawanApi.php', 267)
 2 SYSTEMPATH\CodeIgniter.php(927): App\Controllers\API\InputAbsensiIzinKaryawanApi->update('nofriwanto')
 3 SYSTEMPATH\CodeIgniter.php(482): CodeIgniter\CodeIgniter->runController(Object(App\Controllers\API\InputAbsensiIzinKaryawanApi))
 4 SYSTEMPATH\CodeIgniter.php(351): CodeIgniter\CodeIgniter->handleRequest(null, Object(Config\Cache), false)
 5 FCPATH\index.php(67): CodeIgniter\CodeIgniter->run()
CRITICAL - 2023-07-17 02:39:45 --> Undefined variable $idkar
in APPPATH\Controllers\API\InputAbsensiIzinKaryawanApi.php on line 267.
 1 APPPATH\Controllers\API\InputAbsensiIzinKaryawanApi.php(267): CodeIgniter\Debug\Exceptions->errorHandler(2, 'Undefined variable $idkar', 'APPPATH\\Controllers\\API\\InputAbsensiIzinKaryawanApi.php', 267)
 2 SYSTEMPATH\CodeIgniter.php(927): App\Controllers\API\InputAbsensiIzinKaryawanApi->update('nofriwanto')
 3 SYSTEMPATH\CodeIgniter.php(482): CodeIgniter\CodeIgniter->runController(Object(App\Controllers\API\InputAbsensiIzinKaryawanApi))
 4 SYSTEMPATH\CodeIgniter.php(351): CodeIgniter\CodeIgniter->handleRequest(null, Object(Config\Cache), false)
 5 FCPATH\index.php(67): CodeIgniter\CodeIgniter->run()
CRITICAL - 2023-07-17 02:41:04 --> Undefined variable $idkar
in APPPATH\Controllers\API\InputAbsensiIzinKaryawanApi.php on line 267.
 1 APPPATH\Controllers\API\InputAbsensiIzinKaryawanApi.php(267): CodeIgniter\Debug\Exceptions->errorHandler(2, 'Undefined variable $idkar', 'APPPATH\\Controllers\\API\\InputAbsensiIzinKaryawanApi.php', 267)
 2 SYSTEMPATH\CodeIgniter.php(927): App\Controllers\API\InputAbsensiIzinKaryawanApi->update('nofriwanto')
 3 SYSTEMPATH\CodeIgniter.php(482): CodeIgniter\CodeIgniter->runController(Object(App\Controllers\API\InputAbsensiIzinKaryawanApi))
 4 SYSTEMPATH\CodeIgniter.php(351): CodeIgniter\CodeIgniter->handleRequest(null, Object(Config\Cache), false)
 5 FCPATH\index.php(67): CodeIgniter\CodeIgniter->run()
CRITICAL - 2023-07-17 03:43:52 --> date(): Argument #2 ($timestamp) must be of type ?int, string given
in APPPATH\Controllers\Absensi.php on line 153.
 1 APPPATH\Controllers\Absensi.php(153): date('Ymd', '2023-07-17')
 2 SYSTEMPATH\CodeIgniter.php(927): App\Controllers\Absensi->simpandata()
 3 SYSTEMPATH\CodeIgniter.php(482): CodeIgniter\CodeIgniter->runController(Object(App\Controllers\Absensi))
 4 SYSTEMPATH\CodeIgniter.php(351): CodeIgniter\CodeIgniter->handleRequest(null, Object(Config\Cache), false)
 5 FCPATH\index.php(67): CodeIgniter\CodeIgniter->run()
CRITICAL - 2023-07-17 03:45:46 --> Undefined variable $nama
in APPPATH\Controllers\Absensi.php on line 249.
 1 APPPATH\Controllers\Absensi.php(249): CodeIgniter\Debug\Exceptions->errorHandler(2, 'Undefined variable $nama', 'APPPATH\\Controllers\\Absensi.php', 249)
 2 SYSTEMPATH\CodeIgniter.php(927): App\Controllers\Absensi->simpandata()
 3 SYSTEMPATH\CodeIgniter.php(482): CodeIgniter\CodeIgniter->runController(Object(App\Controllers\Absensi))
 4 SYSTEMPATH\CodeIgniter.php(351): CodeIgniter\CodeIgniter->handleRequest(null, Object(Config\Cache), false)
 5 FCPATH\index.php(67): CodeIgniter\CodeIgniter->run()
ERROR - 2023-07-17 03:46:07 --> mysqli_sql_exception: Duplicate entry '18-19700101' for key 'PRIMARY' in D:\INSTALER\XAMP806\htdocs\maadvertising.co.id\system\Database\MySQLi\Connection.php:292
Stack trace:
#0 D:\INSTALER\XAMP806\htdocs\maadvertising.co.id\system\Database\MySQLi\Connection.php(292): mysqli->query('INSERT INTO `ab...', 0)
#1 D:\INSTALER\XAMP806\htdocs\maadvertising.co.id\system\Database\BaseConnection.php(666): CodeIgniter\Database\MySQLi\Connection->execute('INSERT INTO `ab...')
#2 D:\INSTALER\XAMP806\htdocs\maadvertising.co.id\system\Database\BaseConnection.php(593): CodeIgniter\Database\BaseConnection->simpleQuery('INSERT INTO `ab...')
#3 D:\INSTALER\XAMP806\htdocs\maadvertising.co.id\system\Database\BaseBuilder.php(1916): CodeIgniter\Database\BaseConnection->query('INSERT INTO `ab...', Array, false)
#4 D:\INSTALER\XAMP806\htdocs\maadvertising.co.id\system\Model.php(279): CodeIgniter\Database\BaseBuilder->insert()
#5 D:\INSTALER\XAMP806\htdocs\maadvertising.co.id\system\BaseModel.php(749): CodeIgniter\Model->doInsert(Array)
#6 D:\INSTALER\XAMP806\htdocs\maadvertising.co.id\system\Model.php(667): CodeIgniter\BaseModel->insert(Array, true)
#7 D:\INSTALER\XAMP806\htdocs\maadvertising.co.id\app\Controllers\Absensi.php(244): CodeIgniter\Model->insert(Array)
#8 D:\INSTALER\XAMP806\htdocs\maadvertising.co.id\system\CodeIgniter.php(927): App\Controllers\Absensi->simpandata()
#9 D:\INSTALER\XAMP806\htdocs\maadvertising.co.id\system\CodeIgniter.php(482): CodeIgniter\CodeIgniter->runController(Object(App\Controllers\Absensi))
#10 D:\INSTALER\XAMP806\htdocs\maadvertising.co.id\system\CodeIgniter.php(351): CodeIgniter\CodeIgniter->handleRequest(NULL, Object(Config\Cache), false)
#11 D:\INSTALER\XAMP806\htdocs\maadvertising.co.id\public\index.php(67): CodeIgniter\CodeIgniter->run()
#12 {main}
CRITICAL - 2023-07-17 03:46:07 --> Duplicate entry '18-19700101' for key 'PRIMARY'
in SYSTEMPATH\Database\MySQLi\Connection.php on line 292.
 1 SYSTEMPATH\Database\MySQLi\Connection.php(292): mysqli->query('INSERT INTO `absensi_karyawan` (`id_absensi`, `id_karyawan`, `tgl_absensi`, `shift`, `jam_masuk`, `jam_pulang`, `lokasi_masuk`, `lokasi_pulang`, `foto_masuk`, `foto_kaluar`, `keterangan`, `status`) VALUES (\'18-19700101\', \'18\', \'2023-07-17\', \'Shift 1\', \'03:43\', \'\', \'\', \'\', \'\', \'\', \'hei\', \'hai\')', 0)
 2 SYSTEMPATH\Database\BaseConnection.php(666): CodeIgniter\Database\MySQLi\Connection->execute('INSERT INTO `absensi_karyawan` (`id_absensi`, `id_karyawan`, `tgl_absensi`, `shift`, `jam_masuk`, `jam_pulang`, `lokasi_masuk`, `lokasi_pulang`, `foto_masuk`, `foto_kaluar`, `keterangan`, `status`) VALUES (\'18-19700101\', \'18\', \'2023-07-17\', \'Shift 1\', \'03:43\', \'\', \'\', \'\', \'\', \'\', \'hei\', \'hai\')')
 3 SYSTEMPATH\Database\BaseConnection.php(593): CodeIgniter\Database\BaseConnection->simpleQuery('INSERT INTO `absensi_karyawan` (`id_absensi`, `id_karyawan`, `tgl_absensi`, `shift`, `jam_masuk`, `jam_pulang`, `lokasi_masuk`, `lokasi_pulang`, `foto_masuk`, `foto_kaluar`, `keterangan`, `status`) VALUES (\'18-19700101\', \'18\', \'2023-07-17\', \'Shift 1\', \'03:43\', \'\', \'\', \'\', \'\', \'\', \'hei\', \'hai\')')
 4 SYSTEMPATH\Database\BaseBuilder.php(1916): CodeIgniter\Database\BaseConnection->query('INSERT INTO `absensi_karyawan` (`id_absensi`, `id_karyawan`, `tgl_absensi`, `shift`, `jam_masuk`, `jam_pulang`, `lokasi_masuk`, `lokasi_pulang`, `foto_masuk`, `foto_kaluar`, `keterangan`, `status`) VALUES (:id_absensi:, :id_karyawan:, :tgl_absensi:, :shift:, :jam_masuk:, :jam_pulang:, :lokasi_masuk:, :lokasi_pulang:, :foto_masuk:, :foto_kaluar:, :keterangan:, :status:)', [...], false)
 5 SYSTEMPATH\Model.php(279): CodeIgniter\Database\BaseBuilder->insert()
 6 SYSTEMPATH\BaseModel.php(749): CodeIgniter\Model->doInsert([...])
 7 SYSTEMPATH\Model.php(667): CodeIgniter\BaseModel->insert([...], true)
 8 APPPATH\Controllers\Absensi.php(244): CodeIgniter\Model->insert([...])
 9 SYSTEMPATH\CodeIgniter.php(927): App\Controllers\Absensi->simpandata()
10 SYSTEMPATH\CodeIgniter.php(482): CodeIgniter\CodeIgniter->runController(Object(App\Controllers\Absensi))
11 SYSTEMPATH\CodeIgniter.php(351): CodeIgniter\CodeIgniter->handleRequest(null, Object(Config\Cache), false)
12 FCPATH\index.php(67): CodeIgniter\CodeIgniter->run()
ERROR - 2023-07-17 04:03:03 --> mysqli_sql_exception: Duplicate entry '18-20230717' for key 'PRIMARY' in D:\INSTALER\XAMP806\htdocs\maadvertising.co.id\system\Database\MySQLi\Connection.php:292
Stack trace:
#0 D:\INSTALER\XAMP806\htdocs\maadvertising.co.id\system\Database\MySQLi\Connection.php(292): mysqli->query('INSERT INTO `ab...', 0)
#1 D:\INSTALER\XAMP806\htdocs\maadvertising.co.id\system\Database\BaseConnection.php(666): CodeIgniter\Database\MySQLi\Connection->execute('INSERT INTO `ab...')
#2 D:\INSTALER\XAMP806\htdocs\maadvertising.co.id\system\Database\BaseConnection.php(593): CodeIgniter\Database\BaseConnection->simpleQuery('INSERT INTO `ab...')
#3 D:\INSTALER\XAMP806\htdocs\maadvertising.co.id\system\Database\BaseBuilder.php(1916): CodeIgniter\Database\BaseConnection->query('INSERT INTO `ab...', Array, false)
#4 D:\INSTALER\XAMP806\htdocs\maadvertising.co.id\system\Model.php(279): CodeIgniter\Database\BaseBuilder->insert()
#5 D:\INSTALER\XAMP806\htdocs\maadvertising.co.id\system\BaseModel.php(749): CodeIgniter\Model->doInsert(Array)
#6 D:\INSTALER\XAMP806\htdocs\maadvertising.co.id\system\Model.php(667): CodeIgniter\BaseModel->insert(Array, true)
#7 D:\INSTALER\XAMP806\htdocs\maadvertising.co.id\app\Controllers\Absensi.php(245): CodeIgniter\Model->insert(Array)
#8 D:\INSTALER\XAMP806\htdocs\maadvertising.co.id\system\CodeIgniter.php(927): App\Controllers\Absensi->simpandata()
#9 D:\INSTALER\XAMP806\htdocs\maadvertising.co.id\system\CodeIgniter.php(482): CodeIgniter\CodeIgniter->runController(Object(App\Controllers\Absensi))
#10 D:\INSTALER\XAMP806\htdocs\maadvertising.co.id\system\CodeIgniter.php(351): CodeIgniter\CodeIgniter->handleRequest(NULL, Object(Config\Cache), false)
#11 D:\INSTALER\XAMP806\htdocs\maadvertising.co.id\public\index.php(67): CodeIgniter\CodeIgniter->run()
#12 {main}
CRITICAL - 2023-07-17 04:03:03 --> Duplicate entry '18-20230717' for key 'PRIMARY'
in SYSTEMPATH\Database\MySQLi\Connection.php on line 292.
 1 SYSTEMPATH\Database\MySQLi\Connection.php(292): mysqli->query('INSERT INTO `absensi_karyawan` (`id_absensi`, `id_karyawan`, `tgl_absensi`, `shift`, `jam_masuk`, `jam_pulang`, `lokasi_masuk`, `lokasi_pulang`, `foto_masuk`, `foto_kaluar`, `keterangan`, `status`) VALUES (\'18-20230717\', \'18\', \'2023-07-17\', \'Shift 1\', \'04:03\', \'\', \'\', \'\', \'\', \'\', \'fgf\', \'hai\')', 0)
 2 SYSTEMPATH\Database\BaseConnection.php(666): CodeIgniter\Database\MySQLi\Connection->execute('INSERT INTO `absensi_karyawan` (`id_absensi`, `id_karyawan`, `tgl_absensi`, `shift`, `jam_masuk`, `jam_pulang`, `lokasi_masuk`, `lokasi_pulang`, `foto_masuk`, `foto_kaluar`, `keterangan`, `status`) VALUES (\'18-20230717\', \'18\', \'2023-07-17\', \'Shift 1\', \'04:03\', \'\', \'\', \'\', \'\', \'\', \'fgf\', \'hai\')')
 3 SYSTEMPATH\Database\BaseConnection.php(593): CodeIgniter\Database\BaseConnection->simpleQuery('INSERT INTO `absensi_karyawan` (`id_absensi`, `id_karyawan`, `tgl_absensi`, `shift`, `jam_masuk`, `jam_pulang`, `lokasi_masuk`, `lokasi_pulang`, `foto_masuk`, `foto_kaluar`, `keterangan`, `status`) VALUES (\'18-20230717\', \'18\', \'2023-07-17\', \'Shift 1\', \'04:03\', \'\', \'\', \'\', \'\', \'\', \'fgf\', \'hai\')')
 4 SYSTEMPATH\Database\BaseBuilder.php(1916): CodeIgniter\Database\BaseConnection->query('INSERT INTO `absensi_karyawan` (`id_absensi`, `id_karyawan`, `tgl_absensi`, `shift`, `jam_masuk`, `jam_pulang`, `lokasi_masuk`, `lokasi_pulang`, `foto_masuk`, `foto_kaluar`, `keterangan`, `status`) VALUES (:id_absensi:, :id_karyawan:, :tgl_absensi:, :shift:, :jam_masuk:, :jam_pulang:, :lokasi_masuk:, :lokasi_pulang:, :foto_masuk:, :foto_kaluar:, :keterangan:, :status:)', [...], false)
 5 SYSTEMPATH\Model.php(279): CodeIgniter\Database\BaseBuilder->insert()
 6 SYSTEMPATH\BaseModel.php(749): CodeIgniter\Model->doInsert([...])
 7 SYSTEMPATH\Model.php(667): CodeIgniter\BaseModel->insert([...], true)
 8 APPPATH\Controllers\Absensi.php(245): CodeIgniter\Model->insert([...])
 9 SYSTEMPATH\CodeIgniter.php(927): App\Controllers\Absensi->simpandata()
10 SYSTEMPATH\CodeIgniter.php(482): CodeIgniter\CodeIgniter->runController(Object(App\Controllers\Absensi))
11 SYSTEMPATH\CodeIgniter.php(351): CodeIgniter\CodeIgniter->handleRequest(null, Object(Config\Cache), false)
12 FCPATH\index.php(67): CodeIgniter\CodeIgniter->run()
CRITICAL - 2023-07-17 04:46:49 --> Undefined variable $keluarjamkerja
in APPPATH\Controllers\Absensi.php on line 457.
 1 APPPATH\Controllers\Absensi.php(457): CodeIgniter\Debug\Exceptions->errorHandler(2, 'Undefined variable $keluarjamkerja', 'APPPATH\\Controllers\\Absensi.php', 457)
 2 SYSTEMPATH\CodeIgniter.php(927): App\Controllers\Absensi->simpandatapulang()
 3 SYSTEMPATH\CodeIgniter.php(482): CodeIgniter\CodeIgniter->runController(Object(App\Controllers\Absensi))
 4 SYSTEMPATH\CodeIgniter.php(351): CodeIgniter\CodeIgniter->handleRequest(null, Object(Config\Cache), false)
 5 FCPATH\index.php(67): CodeIgniter\CodeIgniter->run()
CRITICAL - 2023-07-17 04:47:49 --> Call to undefined method App\Models\ModelInputAbsensiKaryawan::updatedata
in SYSTEMPATH\Model.php on line 774.
 1 APPPATH\Controllers\Absensi.php(492): CodeIgniter\Model->__call('updatedata', [...])
 2 SYSTEMPATH\CodeIgniter.php(927): App\Controllers\Absensi->simpandatapulang()
 3 SYSTEMPATH\CodeIgniter.php(482): CodeIgniter\CodeIgniter->runController(Object(App\Controllers\Absensi))
 4 SYSTEMPATH\CodeIgniter.php(351): CodeIgniter\CodeIgniter->handleRequest(null, Object(Config\Cache), false)
 5 FCPATH\index.php(67): CodeIgniter\CodeIgniter->run()
CRITICAL - 2023-07-17 04:51:28 --> Undefined variable $id
in APPPATH\Controllers\Absensi.php on line 466.
 1 APPPATH\Controllers\Absensi.php(466): CodeIgniter\Debug\Exceptions->errorHandler(2, 'Undefined variable $id', 'APPPATH\\Controllers\\Absensi.php', 466)
 2 SYSTEMPATH\CodeIgniter.php(927): App\Controllers\Absensi->simpandatapulang()
 3 SYSTEMPATH\CodeIgniter.php(482): CodeIgniter\CodeIgniter->runController(Object(App\Controllers\Absensi))
 4 SYSTEMPATH\CodeIgniter.php(351): CodeIgniter\CodeIgniter->handleRequest(null, Object(Config\Cache), false)
 5 FCPATH\index.php(67): CodeIgniter\CodeIgniter->run()
