CRITICAL - 2023-06-14 00:49:38 --> Undefined variable $cari
in APPPATH\Views\karyawan\formtambahkaryawan.php on line 50.
 1 APPPATH\Views\karyawan\formtambahkaryawan.php(50): CodeIgniter\Debug\Exceptions->errorHandler(2, 'Undefined variable $cari', 'APPPATH\\Views\\karyawan\\formtambahkaryawan.php', 50)
 2 SYSTEMPATH\View\View.php(213): include('APPPATH\\Views\\karyawan\\formtambahkaryawan.php')
 3 SYSTEMPATH\View\View.php(216): CodeIgniter\View\View->CodeIgniter\View\{closure}()
 4 SYSTEMPATH\Common.php(1134): CodeIgniter\View\View->render('karyawan/formtambahkaryawan', [], true)
 5 APPPATH\Controllers\Karyawan.php(68): view('karyawan/formtambahkaryawan')
 6 SYSTEMPATH\CodeIgniter.php(927): App\Controllers\Karyawan->tambah()
 7 SYSTEMPATH\CodeIgniter.php(482): CodeIgniter\CodeIgniter->runController(Object(App\Controllers\Karyawan))
 8 SYSTEMPATH\CodeIgniter.php(351): CodeIgniter\CodeIgniter->handleRequest(null, Object(Config\Cache), false)
 9 FCPATH\index.php(67): CodeIgniter\CodeIgniter->run()
10 SYSTEMPATH\Commands\Server\rewrite.php(46): require_once('FCPATH\\index.php')
CRITICAL - 2023-06-14 02:25:58 --> Call to undefined method App\Models\ModelKaryawan::cekFaktur
in SYSTEMPATH\Model.php on line 774.
 1 APPPATH\Controllers\Karyawan.php(210): CodeIgniter\Model->__call('cekFaktur', [...])
 2 SYSTEMPATH\CodeIgniter.php(927): App\Controllers\Karyawan->edit('27')
 3 SYSTEMPATH\CodeIgniter.php(482): CodeIgniter\CodeIgniter->runController(Object(App\Controllers\Karyawan))
 4 SYSTEMPATH\CodeIgniter.php(351): CodeIgniter\CodeIgniter->handleRequest(null, Object(Config\Cache), false)
 5 FCPATH\index.php(67): CodeIgniter\CodeIgniter->run()
 6 SYSTEMPATH\Commands\Server\rewrite.php(46): require_once('FCPATH\\index.php')
CRITICAL - 2023-06-14 02:26:04 --> Call to undefined method App\Models\ModelKaryawan::cekFaktur
in SYSTEMPATH\Model.php on line 774.
 1 APPPATH\Controllers\Karyawan.php(210): CodeIgniter\Model->__call('cekFaktur', [...])
 2 SYSTEMPATH\CodeIgniter.php(927): App\Controllers\Karyawan->edit('27')
 3 SYSTEMPATH\CodeIgniter.php(482): CodeIgniter\CodeIgniter->runController(Object(App\Controllers\Karyawan))
 4 SYSTEMPATH\CodeIgniter.php(351): CodeIgniter\CodeIgniter->handleRequest(null, Object(Config\Cache), false)
 5 FCPATH\index.php(67): CodeIgniter\CodeIgniter->run()
 6 SYSTEMPATH\Commands\Server\rewrite.php(46): require_once('FCPATH\\index.php')
CRITICAL - 2023-06-14 02:27:04 --> Call to a member function getNumRows() on array
in APPPATH\Controllers\Karyawan.php on line 213.
 1 SYSTEMPATH\CodeIgniter.php(927): App\Controllers\Karyawan->edit('27')
 2 SYSTEMPATH\CodeIgniter.php(482): CodeIgniter\CodeIgniter->runController(Object(App\Controllers\Karyawan))
 3 SYSTEMPATH\CodeIgniter.php(351): CodeIgniter\CodeIgniter->handleRequest(null, Object(Config\Cache), false)
 4 FCPATH\index.php(67): CodeIgniter\CodeIgniter->run()
 5 SYSTEMPATH\Commands\Server\rewrite.php(46): require_once('FCPATH\\index.php')
CRITICAL - 2023-06-14 02:27:51 --> Call to a member function getRowArray() on array
in APPPATH\Controllers\Karyawan.php on line 214.
 1 SYSTEMPATH\CodeIgniter.php(927): App\Controllers\Karyawan->edit('27')
 2 SYSTEMPATH\CodeIgniter.php(482): CodeIgniter\CodeIgniter->runController(Object(App\Controllers\Karyawan))
 3 SYSTEMPATH\CodeIgniter.php(351): CodeIgniter\CodeIgniter->handleRequest(null, Object(Config\Cache), false)
 4 FCPATH\index.php(67): CodeIgniter\CodeIgniter->run()
 5 SYSTEMPATH\Commands\Server\rewrite.php(46): require_once('FCPATH\\index.php')
CRITICAL - 2023-06-14 02:28:00 --> Undefined variable $row
in APPPATH\Controllers\Karyawan.php on line 216.
 1 APPPATH\Controllers\Karyawan.php(216): CodeIgniter\Debug\Exceptions->errorHandler(2, 'Undefined variable $row', 'APPPATH\\Controllers\\Karyawan.php', 216)
 2 SYSTEMPATH\CodeIgniter.php(927): App\Controllers\Karyawan->edit('27')
 3 SYSTEMPATH\CodeIgniter.php(482): CodeIgniter\CodeIgniter->runController(Object(App\Controllers\Karyawan))
 4 SYSTEMPATH\CodeIgniter.php(351): CodeIgniter\CodeIgniter->handleRequest(null, Object(Config\Cache), false)
 5 FCPATH\index.php(67): CodeIgniter\CodeIgniter->run()
 6 SYSTEMPATH\Commands\Server\rewrite.php(46): require_once('FCPATH\\index.php')
CRITICAL - 2023-06-14 02:38:43 --> Undefined variable $row
in APPPATH\Views\karyawan\formeditkaryawan.php on line 97.
 1 APPPATH\Views\karyawan\formeditkaryawan.php(97): CodeIgniter\Debug\Exceptions->errorHandler(2, 'Undefined variable $row', 'APPPATH\\Views\\karyawan\\formeditkaryawan.php', 97)
 2 SYSTEMPATH\View\View.php(213): include('APPPATH\\Views\\karyawan\\formeditkaryawan.php')
 3 SYSTEMPATH\View\View.php(216): CodeIgniter\View\View->CodeIgniter\View\{closure}()
 4 SYSTEMPATH\Common.php(1134): CodeIgniter\View\View->render('karyawan/formeditkaryawan', [], true)
 5 APPPATH\Controllers\Karyawan.php(227): view('karyawan/formeditkaryawan', [...])
 6 SYSTEMPATH\CodeIgniter.php(927): App\Controllers\Karyawan->edit('27')
 7 SYSTEMPATH\CodeIgniter.php(482): CodeIgniter\CodeIgniter->runController(Object(App\Controllers\Karyawan))
 8 SYSTEMPATH\CodeIgniter.php(351): CodeIgniter\CodeIgniter->handleRequest(null, Object(Config\Cache), false)
 9 FCPATH\index.php(67): CodeIgniter\CodeIgniter->run()
10 SYSTEMPATH\Commands\Server\rewrite.php(46): require_once('FCPATH\\index.php')
CRITICAL - 2023-06-14 02:54:24 --> Undefined variable $nama_karyawan
in APPPATH\Views\karyawan\viewkaryawan.php on line 52.
 1 APPPATH\Views\karyawan\viewkaryawan.php(52): CodeIgniter\Debug\Exceptions->errorHandler(2, 'Undefined variable $nama_karyawan', 'APPPATH\\Views\\karyawan\\viewkaryawan.php', 52)
 2 SYSTEMPATH\View\View.php(213): include('APPPATH\\Views\\karyawan\\viewkaryawan.php')
 3 SYSTEMPATH\View\View.php(216): CodeIgniter\View\View->CodeIgniter\View\{closure}()
 4 SYSTEMPATH\Common.php(1134): CodeIgniter\View\View->render('karyawan/viewkaryawan', [], true)
 5 APPPATH\Controllers\Karyawan.php(42): view('karyawan/viewkaryawan', [...])
 6 SYSTEMPATH\CodeIgniter.php(927): App\Controllers\Karyawan->index()
 7 SYSTEMPATH\CodeIgniter.php(482): CodeIgniter\CodeIgniter->runController(Object(App\Controllers\Karyawan))
 8 SYSTEMPATH\CodeIgniter.php(351): CodeIgniter\CodeIgniter->handleRequest(null, Object(Config\Cache), false)
 9 FCPATH\index.php(67): CodeIgniter\CodeIgniter->run()
10 SYSTEMPATH\Commands\Server\rewrite.php(46): require_once('FCPATH\\index.php')
CRITICAL - 2023-06-14 03:47:16 --> unlink(Cokelat Cake.jpg): No such file or directory
in APPPATH\Controllers\Karyawan.php on line 258.
 1 [internal function]: CodeIgniter\Debug\Exceptions->errorHandler(2, 'unlink(Cokelat Cake.jpg): No such file or directory', 'APPPATH\\Controllers\\Karyawan.php', 258)
 2 APPPATH\Controllers\Karyawan.php(258): unlink('Cokelat Cake.jpg')
 3 SYSTEMPATH\CodeIgniter.php(927): App\Controllers\Karyawan->updatedata()
 4 SYSTEMPATH\CodeIgniter.php(482): CodeIgniter\CodeIgniter->runController(Object(App\Controllers\Karyawan))
 5 SYSTEMPATH\CodeIgniter.php(351): CodeIgniter\CodeIgniter->handleRequest(null, Object(Config\Cache), false)
 6 FCPATH\index.php(67): CodeIgniter\CodeIgniter->run()
CRITICAL - 2023-06-14 03:49:29 --> Unsupported operand types: string + string
in APPPATH\Controllers\Karyawan.php on line 258.
 1 SYSTEMPATH\CodeIgniter.php(927): App\Controllers\Karyawan->updatedata()
 2 SYSTEMPATH\CodeIgniter.php(482): CodeIgniter\CodeIgniter->runController(Object(App\Controllers\Karyawan))
 3 SYSTEMPATH\CodeIgniter.php(351): CodeIgniter\CodeIgniter->handleRequest(null, Object(Config\Cache), false)
 4 FCPATH\index.php(67): CodeIgniter\CodeIgniter->run()
CRITICAL - 2023-06-14 03:51:14 --> unlink(uploud/uploud/Cokelat Cake2): No such file or directory
in APPPATH\Controllers\Karyawan.php on line 258.
 1 [internal function]: CodeIgniter\Debug\Exceptions->errorHandler(2, 'unlink(uploud/uploud/Cokelat Cake2): No such file or directory', 'APPPATH\\Controllers\\Karyawan.php', 258)
 2 APPPATH\Controllers\Karyawan.php(258): unlink('uploud/uploud/Cokelat Cake2')
 3 SYSTEMPATH\CodeIgniter.php(927): App\Controllers\Karyawan->updatedata()
 4 SYSTEMPATH\CodeIgniter.php(482): CodeIgniter\CodeIgniter->runController(Object(App\Controllers\Karyawan))
 5 SYSTEMPATH\CodeIgniter.php(351): CodeIgniter\CodeIgniter->handleRequest(null, Object(Config\Cache), false)
 6 FCPATH\index.php(67): CodeIgniter\CodeIgniter->run()
CRITICAL - 2023-06-14 17:07:53 --> Undefined array key "foto_karyawan"
in APPPATH\Views\pengguna\viewpengguna.php on line 90.
 1 APPPATH\Views\pengguna\viewpengguna.php(90): CodeIgniter\Debug\Exceptions->errorHandler(2, 'Undefined array key "foto_karyawan"', 'APPPATH\\Views\\pengguna\\viewpengguna.php', 90)
 2 SYSTEMPATH\View\View.php(213): include('APPPATH\\Views\\pengguna\\viewpengguna.php')
 3 SYSTEMPATH\View\View.php(216): CodeIgniter\View\View->CodeIgniter\View\{closure}()
 4 SYSTEMPATH\Common.php(1134): CodeIgniter\View\View->render('pengguna/viewpengguna', [], true)
 5 APPPATH\Controllers\User.php(41): view('pengguna/viewpengguna', [...])
 6 SYSTEMPATH\CodeIgniter.php(927): App\Controllers\User->index()
 7 SYSTEMPATH\CodeIgniter.php(482): CodeIgniter\CodeIgniter->runController(Object(App\Controllers\User))
 8 SYSTEMPATH\CodeIgniter.php(351): CodeIgniter\CodeIgniter->handleRequest(null, Object(Config\Cache), false)
 9 FCPATH\index.php(67): CodeIgniter\CodeIgniter->run()
CRITICAL - 2023-06-14 17:10:20 --> Undefined array key "foto_karyawan"
in APPPATH\Views\pengguna\viewpengguna.php on line 90.
 1 APPPATH\Views\pengguna\viewpengguna.php(90): CodeIgniter\Debug\Exceptions->errorHandler(2, 'Undefined array key "foto_karyawan"', 'APPPATH\\Views\\pengguna\\viewpengguna.php', 90)
 2 SYSTEMPATH\View\View.php(213): include('APPPATH\\Views\\pengguna\\viewpengguna.php')
 3 SYSTEMPATH\View\View.php(216): CodeIgniter\View\View->CodeIgniter\View\{closure}()
 4 SYSTEMPATH\Common.php(1134): CodeIgniter\View\View->render('pengguna/viewpengguna', [], true)
 5 APPPATH\Controllers\User.php(41): view('pengguna/viewpengguna', [...])
 6 SYSTEMPATH\CodeIgniter.php(927): App\Controllers\User->index()
 7 SYSTEMPATH\CodeIgniter.php(482): CodeIgniter\CodeIgniter->runController(Object(App\Controllers\User))
 8 SYSTEMPATH\CodeIgniter.php(351): CodeIgniter\CodeIgniter->handleRequest(null, Object(Config\Cache), false)
 9 FCPATH\index.php(67): CodeIgniter\CodeIgniter->run()
CRITICAL - 2023-06-14 17:10:24 --> Undefined array key "foto_karyawan"
in APPPATH\Views\pengguna\viewpengguna.php on line 90.
 1 APPPATH\Views\pengguna\viewpengguna.php(90): CodeIgniter\Debug\Exceptions->errorHandler(2, 'Undefined array key "foto_karyawan"', 'APPPATH\\Views\\pengguna\\viewpengguna.php', 90)
 2 SYSTEMPATH\View\View.php(213): include('APPPATH\\Views\\pengguna\\viewpengguna.php')
 3 SYSTEMPATH\View\View.php(216): CodeIgniter\View\View->CodeIgniter\View\{closure}()
 4 SYSTEMPATH\Common.php(1134): CodeIgniter\View\View->render('pengguna/viewpengguna', [], true)
 5 APPPATH\Controllers\User.php(41): view('pengguna/viewpengguna', [...])
 6 SYSTEMPATH\CodeIgniter.php(927): App\Controllers\User->index()
 7 SYSTEMPATH\CodeIgniter.php(482): CodeIgniter\CodeIgniter->runController(Object(App\Controllers\User))
 8 SYSTEMPATH\CodeIgniter.php(351): CodeIgniter\CodeIgniter->handleRequest(null, Object(Config\Cache), false)
 9 FCPATH\index.php(67): CodeIgniter\CodeIgniter->run()
ERROR - 2023-06-14 17:53:39 --> mysqli_sql_exception: Table 'db_skripsi_absensi.barang1910005' doesn't exist in D:\INSTALER\XAMP806\htdocs\maadvertising.co.id\system\Database\MySQLi\Connection.php:292
Stack trace:
#0 D:\INSTALER\XAMP806\htdocs\maadvertising.co.id\system\Database\MySQLi\Connection.php(292): mysqli->query('SELECT 1\nFROM `...', 0)
#1 D:\INSTALER\XAMP806\htdocs\maadvertising.co.id\system\Database\BaseConnection.php(666): CodeIgniter\Database\MySQLi\Connection->execute('SELECT 1\nFROM `...')
#2 D:\INSTALER\XAMP806\htdocs\maadvertising.co.id\system\Database\BaseConnection.php(593): CodeIgniter\Database\BaseConnection->simpleQuery('SELECT 1\nFROM `...')
#3 D:\INSTALER\XAMP806\htdocs\maadvertising.co.id\system\Database\BaseBuilder.php(1585): CodeIgniter\Database\BaseConnection->query('SELECT 1\nFROM `...', Array, false)
#4 D:\INSTALER\XAMP806\htdocs\maadvertising.co.id\system\Validation\Rules.php(142): CodeIgniter\Database\BaseBuilder->get()
#5 D:\INSTALER\XAMP806\htdocs\maadvertising.co.id\system\Validation\Validation.php(315): CodeIgniter\Validation\Rules->is_unique('febriatuliqbal', 'brgkode1910005', Array, NULL, 'username')
#6 D:\INSTALER\XAMP806\htdocs\maadvertising.co.id\system\Validation\Validation.php(175): CodeIgniter\Validation\Validation->processRules('username', 'Username', 'febriatuliqbal', Array, Array)
#7 D:\INSTALER\XAMP806\htdocs\maadvertising.co.id\system\Controller.php(140): CodeIgniter\Validation\Validation->run()
#8 D:\INSTALER\XAMP806\htdocs\maadvertising.co.id\app\Controllers\User.php(88): CodeIgniter\Controller->validate(Array)
#9 D:\INSTALER\XAMP806\htdocs\maadvertising.co.id\system\CodeIgniter.php(927): App\Controllers\User->simpandata()
#10 D:\INSTALER\XAMP806\htdocs\maadvertising.co.id\system\CodeIgniter.php(482): CodeIgniter\CodeIgniter->runController(Object(App\Controllers\User))
#11 D:\INSTALER\XAMP806\htdocs\maadvertising.co.id\system\CodeIgniter.php(351): CodeIgniter\CodeIgniter->handleRequest(NULL, Object(Config\Cache), false)
#12 D:\INSTALER\XAMP806\htdocs\maadvertising.co.id\public\index.php(67): CodeIgniter\CodeIgniter->run()
#13 {main}
CRITICAL - 2023-06-14 17:53:39 --> Table 'db_skripsi_absensi.barang1910005' doesn't exist
in SYSTEMPATH\Database\MySQLi\Connection.php on line 292.
 1 SYSTEMPATH\Database\MySQLi\Connection.php(292): mysqli->query('SELECT 1
FROM `barang1910005`
WHERE `brgkode1910005` = \'febriatuliqbal\'
 LIMIT 1', 0)
 2 SYSTEMPATH\Database\BaseConnection.php(666): CodeIgniter\Database\MySQLi\Connection->execute('SELECT 1
FROM `barang1910005`
WHERE `brgkode1910005` = \'febriatuliqbal\'
 LIMIT 1')
 3 SYSTEMPATH\Database\BaseConnection.php(593): CodeIgniter\Database\BaseConnection->simpleQuery('SELECT 1
FROM `barang1910005`
WHERE `brgkode1910005` = \'febriatuliqbal\'
 LIMIT 1')
 4 SYSTEMPATH\Database\BaseBuilder.php(1585): CodeIgniter\Database\BaseConnection->query('SELECT 1
FROM `barang1910005`
WHERE `brgkode1910005` = :brgkode1910005:
 LIMIT 1', [...], false)
 5 SYSTEMPATH\Validation\Rules.php(142): CodeIgniter\Database\BaseBuilder->get()
 6 SYSTEMPATH\Validation\Validation.php(315): CodeIgniter\Validation\Rules->is_unique('febriatuliqbal', 'brgkode1910005', [...], null, 'username')
 7 SYSTEMPATH\Validation\Validation.php(175): CodeIgniter\Validation\Validation->processRules('username', 'Username', 'febriatuliqbal', [...], [...])
 8 SYSTEMPATH\Controller.php(140): CodeIgniter\Validation\Validation->run()
 9 APPPATH\Controllers\User.php(88): CodeIgniter\Controller->validate([...])
10 SYSTEMPATH\CodeIgniter.php(927): App\Controllers\User->simpandata()
11 SYSTEMPATH\CodeIgniter.php(482): CodeIgniter\CodeIgniter->runController(Object(App\Controllers\User))
12 SYSTEMPATH\CodeIgniter.php(351): CodeIgniter\CodeIgniter->handleRequest(null, Object(Config\Cache), false)
13 FCPATH\index.php(67): CodeIgniter\CodeIgniter->run()
CRITICAL - 2023-06-14 17:54:24 --> Undefined variable $nama
in APPPATH\Controllers\User.php on line 124.
 1 APPPATH\Controllers\User.php(124): CodeIgniter\Debug\Exceptions->errorHandler(2, 'Undefined variable $nama', 'APPPATH\\Controllers\\User.php', 124)
 2 SYSTEMPATH\CodeIgniter.php(927): App\Controllers\User->simpandata()
 3 SYSTEMPATH\CodeIgniter.php(482): CodeIgniter\CodeIgniter->runController(Object(App\Controllers\User))
 4 SYSTEMPATH\CodeIgniter.php(351): CodeIgniter\CodeIgniter->handleRequest(null, Object(Config\Cache), false)
 5 FCPATH\index.php(67): CodeIgniter\CodeIgniter->run()
CRITICAL - 2023-06-14 18:53:10 --> Undefined variable $nohalaman
in APPPATH\Views\karyawan\modaldata.php on line 47.
 1 APPPATH\Views\karyawan\modaldata.php(47): CodeIgniter\Debug\Exceptions->errorHandler(2, 'Undefined variable $nohalaman', 'APPPATH\\Views\\karyawan\\modaldata.php', 47)
 2 SYSTEMPATH\View\View.php(213): include('APPPATH\\Views\\karyawan\\modaldata.php')
 3 SYSTEMPATH\View\View.php(216): CodeIgniter\View\View->CodeIgniter\View\{closure}()
 4 SYSTEMPATH\Common.php(1134): CodeIgniter\View\View->render('karyawan/modaldata', [], true)
 5 APPPATH\Controllers\User.php(76): view('karyawan/modaldata')
 6 SYSTEMPATH\CodeIgniter.php(927): App\Controllers\User->modalDataPelanggan()
 7 SYSTEMPATH\CodeIgniter.php(482): CodeIgniter\CodeIgniter->runController(Object(App\Controllers\User))
 8 SYSTEMPATH\CodeIgniter.php(351): CodeIgniter\CodeIgniter->handleRequest(null, Object(Config\Cache), false)
 9 FCPATH\index.php(67): CodeIgniter\CodeIgniter->run()
CRITICAL - 2023-06-14 18:53:12 --> Undefined variable $nohalaman
in APPPATH\Views\karyawan\modaldata.php on line 47.
 1 APPPATH\Views\karyawan\modaldata.php(47): CodeIgniter\Debug\Exceptions->errorHandler(2, 'Undefined variable $nohalaman', 'APPPATH\\Views\\karyawan\\modaldata.php', 47)
 2 SYSTEMPATH\View\View.php(213): include('APPPATH\\Views\\karyawan\\modaldata.php')
 3 SYSTEMPATH\View\View.php(216): CodeIgniter\View\View->CodeIgniter\View\{closure}()
 4 SYSTEMPATH\Common.php(1134): CodeIgniter\View\View->render('karyawan/modaldata', [], true)
 5 APPPATH\Controllers\User.php(76): view('karyawan/modaldata')
 6 SYSTEMPATH\CodeIgniter.php(927): App\Controllers\User->modalDataPelanggan()
 7 SYSTEMPATH\CodeIgniter.php(482): CodeIgniter\CodeIgniter->runController(Object(App\Controllers\User))
 8 SYSTEMPATH\CodeIgniter.php(351): CodeIgniter\CodeIgniter->handleRequest(null, Object(Config\Cache), false)
 9 FCPATH\index.php(67): CodeIgniter\CodeIgniter->run()
CRITICAL - 2023-06-14 18:53:14 --> Undefined variable $nohalaman
in APPPATH\Views\karyawan\modaldata.php on line 47.
 1 APPPATH\Views\karyawan\modaldata.php(47): CodeIgniter\Debug\Exceptions->errorHandler(2, 'Undefined variable $nohalaman', 'APPPATH\\Views\\karyawan\\modaldata.php', 47)
 2 SYSTEMPATH\View\View.php(213): include('APPPATH\\Views\\karyawan\\modaldata.php')
 3 SYSTEMPATH\View\View.php(216): CodeIgniter\View\View->CodeIgniter\View\{closure}()
 4 SYSTEMPATH\Common.php(1134): CodeIgniter\View\View->render('karyawan/modaldata', [], true)
 5 APPPATH\Controllers\User.php(76): view('karyawan/modaldata')
 6 SYSTEMPATH\CodeIgniter.php(927): App\Controllers\User->modalDataPelanggan()
 7 SYSTEMPATH\CodeIgniter.php(482): CodeIgniter\CodeIgniter->runController(Object(App\Controllers\User))
 8 SYSTEMPATH\CodeIgniter.php(351): CodeIgniter\CodeIgniter->handleRequest(null, Object(Config\Cache), false)
 9 FCPATH\index.php(67): CodeIgniter\CodeIgniter->run()
CRITICAL - 2023-06-14 18:56:49 --> Undefined variable $nohalaman
in APPPATH\Views\karyawan\modaldata.php on line 46.
 1 APPPATH\Views\karyawan\modaldata.php(46): CodeIgniter\Debug\Exceptions->errorHandler(2, 'Undefined variable $nohalaman', 'APPPATH\\Views\\karyawan\\modaldata.php', 46)
 2 SYSTEMPATH\View\View.php(213): include('APPPATH\\Views\\karyawan\\modaldata.php')
 3 SYSTEMPATH\View\View.php(216): CodeIgniter\View\View->CodeIgniter\View\{closure}()
 4 SYSTEMPATH\Common.php(1134): CodeIgniter\View\View->render('karyawan/modaldata', [], true)
 5 APPPATH\Controllers\User.php(101): view('karyawan/modaldata')
 6 SYSTEMPATH\CodeIgniter.php(927): App\Controllers\User->modalDataPelanggan()
 7 SYSTEMPATH\CodeIgniter.php(482): CodeIgniter\CodeIgniter->runController(Object(App\Controllers\User))
 8 SYSTEMPATH\CodeIgniter.php(351): CodeIgniter\CodeIgniter->handleRequest(null, Object(Config\Cache), false)
 9 FCPATH\index.php(67): CodeIgniter\CodeIgniter->run()
CRITICAL - 2023-06-14 18:56:51 --> Undefined variable $nohalaman
in APPPATH\Views\karyawan\modaldata.php on line 46.
 1 APPPATH\Views\karyawan\modaldata.php(46): CodeIgniter\Debug\Exceptions->errorHandler(2, 'Undefined variable $nohalaman', 'APPPATH\\Views\\karyawan\\modaldata.php', 46)
 2 SYSTEMPATH\View\View.php(213): include('APPPATH\\Views\\karyawan\\modaldata.php')
 3 SYSTEMPATH\View\View.php(216): CodeIgniter\View\View->CodeIgniter\View\{closure}()
 4 SYSTEMPATH\Common.php(1134): CodeIgniter\View\View->render('karyawan/modaldata', [], true)
 5 APPPATH\Controllers\User.php(101): view('karyawan/modaldata')
 6 SYSTEMPATH\CodeIgniter.php(927): App\Controllers\User->modalDataPelanggan()
 7 SYSTEMPATH\CodeIgniter.php(482): CodeIgniter\CodeIgniter->runController(Object(App\Controllers\User))
 8 SYSTEMPATH\CodeIgniter.php(351): CodeIgniter\CodeIgniter->handleRequest(null, Object(Config\Cache), false)
 9 FCPATH\index.php(67): CodeIgniter\CodeIgniter->run()
ERROR - 2023-06-14 23:32:34 --> mysqli_sql_exception: Unknown column 'brgnama1910005' in 'where clause' in D:\INSTALER\XAMP806\htdocs\maadvertising.co.id\system\Database\MySQLi\Connection.php:292
Stack trace:
#0 D:\INSTALER\XAMP806\htdocs\maadvertising.co.id\system\Database\MySQLi\Connection.php(292): mysqli->query('SELECT *\nFROM `...', 0)
#1 D:\INSTALER\XAMP806\htdocs\maadvertising.co.id\system\Database\BaseConnection.php(666): CodeIgniter\Database\MySQLi\Connection->execute('SELECT *\nFROM `...')
#2 D:\INSTALER\XAMP806\htdocs\maadvertising.co.id\system\Database\BaseConnection.php(593): CodeIgniter\Database\BaseConnection->simpleQuery('SELECT *\nFROM `...')
#3 D:\INSTALER\XAMP806\htdocs\maadvertising.co.id\system\Database\BaseBuilder.php(1585): CodeIgniter\Database\BaseConnection->query('SELECT *\nFROM `...', Array, false)
#4 D:\INSTALER\XAMP806\htdocs\maadvertising.co.id\app\Models\ModelDataUserUntukModal.php(55): CodeIgniter\Database\BaseBuilder->get()
#5 D:\INSTALER\XAMP806\htdocs\maadvertising.co.id\app\Controllers\User.php(116): App\Models\ModelDataUserUntukModal->get_datatables()
#6 D:\INSTALER\XAMP806\htdocs\maadvertising.co.id\system\CodeIgniter.php(927): App\Controllers\User->listDataBarang()
#7 D:\INSTALER\XAMP806\htdocs\maadvertising.co.id\system\CodeIgniter.php(482): CodeIgniter\CodeIgniter->runController(Object(App\Controllers\User))
#8 D:\INSTALER\XAMP806\htdocs\maadvertising.co.id\system\CodeIgniter.php(351): CodeIgniter\CodeIgniter->handleRequest(NULL, Object(Config\Cache), false)
#9 D:\INSTALER\XAMP806\htdocs\maadvertising.co.id\public\index.php(67): CodeIgniter\CodeIgniter->run()
#10 {main}
CRITICAL - 2023-06-14 23:32:34 --> Unknown column 'brgnama1910005' in 'where clause'
in SYSTEMPATH\Database\MySQLi\Connection.php on line 292.
 1 SYSTEMPATH\Database\MySQLi\Connection.php(292): mysqli->query('SELECT *
FROM `tb_pengguna`
WHERE   (
`username_peng` LIKE \'%a%\' ESCAPE \'!\'
OR  `brgnama1910005` LIKE \'%a%\' ESCAPE \'!\'
 )
ORDER BY `username_peng` ASC
 LIMIT 10', 0)
 2 SYSTEMPATH\Database\BaseConnection.php(666): CodeIgniter\Database\MySQLi\Connection->execute('SELECT *
FROM `tb_pengguna`
WHERE   (
`username_peng` LIKE \'%a%\' ESCAPE \'!\'
OR  `brgnama1910005` LIKE \'%a%\' ESCAPE \'!\'
 )
ORDER BY `username_peng` ASC
 LIMIT 10')
 3 SYSTEMPATH\Database\BaseConnection.php(593): CodeIgniter\Database\BaseConnection->simpleQuery('SELECT *
FROM `tb_pengguna`
WHERE   (
`username_peng` LIKE \'%a%\' ESCAPE \'!\'
OR  `brgnama1910005` LIKE \'%a%\' ESCAPE \'!\'
 )
ORDER BY `username_peng` ASC
 LIMIT 10')
 4 SYSTEMPATH\Database\BaseBuilder.php(1585): CodeIgniter\Database\BaseConnection->query('SELECT *
FROM `tb_pengguna`
WHERE   (
`username_peng` LIKE :username_peng: ESCAPE \'!\'
OR  `brgnama1910005` LIKE :brgnama1910005: ESCAPE \'!\'
 )
ORDER BY `username_peng` ASC
 LIMIT 10', [...], false)
 5 APPPATH\Models\ModelDataUserUntukModal.php(55): CodeIgniter\Database\BaseBuilder->get()
 6 APPPATH\Controllers\User.php(116): App\Models\ModelDataUserUntukModal->get_datatables()
 7 SYSTEMPATH\CodeIgniter.php(927): App\Controllers\User->listDataBarang()
 8 SYSTEMPATH\CodeIgniter.php(482): CodeIgniter\CodeIgniter->runController(Object(App\Controllers\User))
 9 SYSTEMPATH\CodeIgniter.php(351): CodeIgniter\CodeIgniter->handleRequest(null, Object(Config\Cache), false)
10 FCPATH\index.php(67): CodeIgniter\CodeIgniter->run()
CRITICAL - 2023-06-14 23:32:41 --> Undefined property: stdClass::$brgkode1910005
in APPPATH\Controllers\User.php on line 123.
 1 APPPATH\Controllers\User.php(123): CodeIgniter\Debug\Exceptions->errorHandler(2, 'Undefined property: stdClass::$brgkode1910005', 'APPPATH\\Controllers\\User.php', 123)
 2 SYSTEMPATH\CodeIgniter.php(927): App\Controllers\User->listDataBarang()
 3 SYSTEMPATH\CodeIgniter.php(482): CodeIgniter\CodeIgniter->runController(Object(App\Controllers\User))
 4 SYSTEMPATH\CodeIgniter.php(351): CodeIgniter\CodeIgniter->handleRequest(null, Object(Config\Cache), false)
 5 FCPATH\index.php(67): CodeIgniter\CodeIgniter->run()
CRITICAL - 2023-06-14 23:33:56 --> Undefined property: stdClass::$brgkode1910005
in APPPATH\Controllers\User.php on line 123.
 1 APPPATH\Controllers\User.php(123): CodeIgniter\Debug\Exceptions->errorHandler(2, 'Undefined property: stdClass::$brgkode1910005', 'APPPATH\\Controllers\\User.php', 123)
 2 SYSTEMPATH\CodeIgniter.php(927): App\Controllers\User->listDataBarang()
 3 SYSTEMPATH\CodeIgniter.php(482): CodeIgniter\CodeIgniter->runController(Object(App\Controllers\User))
 4 SYSTEMPATH\CodeIgniter.php(351): CodeIgniter\CodeIgniter->handleRequest(null, Object(Config\Cache), false)
 5 FCPATH\index.php(67): CodeIgniter\CodeIgniter->run()
CRITICAL - 2023-06-14 23:39:24 --> Undefined property: stdClass::$brgkode1910005
in APPPATH\Controllers\User.php on line 123.
 1 APPPATH\Controllers\User.php(123): CodeIgniter\Debug\Exceptions->errorHandler(2, 'Undefined property: stdClass::$brgkode1910005', 'APPPATH\\Controllers\\User.php', 123)
 2 SYSTEMPATH\CodeIgniter.php(927): App\Controllers\User->listDataBarang()
 3 SYSTEMPATH\CodeIgniter.php(482): CodeIgniter\CodeIgniter->runController(Object(App\Controllers\User))
 4 SYSTEMPATH\CodeIgniter.php(351): CodeIgniter\CodeIgniter->handleRequest(null, Object(Config\Cache), false)
 5 FCPATH\index.php(67): CodeIgniter\CodeIgniter->run()
CRITICAL - 2023-06-14 23:39:39 --> Undefined property: stdClass::$brgkode1910005
in APPPATH\Controllers\User.php on line 123.
 1 APPPATH\Controllers\User.php(123): CodeIgniter\Debug\Exceptions->errorHandler(2, 'Undefined property: stdClass::$brgkode1910005', 'APPPATH\\Controllers\\User.php', 123)
 2 SYSTEMPATH\CodeIgniter.php(927): App\Controllers\User->listDataBarang()
 3 SYSTEMPATH\CodeIgniter.php(482): CodeIgniter\CodeIgniter->runController(Object(App\Controllers\User))
 4 SYSTEMPATH\CodeIgniter.php(351): CodeIgniter\CodeIgniter->handleRequest(null, Object(Config\Cache), false)
 5 FCPATH\index.php(67): CodeIgniter\CodeIgniter->run()
CRITICAL - 2023-06-14 23:40:16 --> Undefined property: stdClass::$brgkode1910005
in APPPATH\Controllers\User.php on line 123.
 1 APPPATH\Controllers\User.php(123): CodeIgniter\Debug\Exceptions->errorHandler(2, 'Undefined property: stdClass::$brgkode1910005', 'APPPATH\\Controllers\\User.php', 123)
 2 SYSTEMPATH\CodeIgniter.php(927): App\Controllers\User->listDataBarang()
 3 SYSTEMPATH\CodeIgniter.php(482): CodeIgniter\CodeIgniter->runController(Object(App\Controllers\User))
 4 SYSTEMPATH\CodeIgniter.php(351): CodeIgniter\CodeIgniter->handleRequest(null, Object(Config\Cache), false)
 5 FCPATH\index.php(67): CodeIgniter\CodeIgniter->run()
CRITICAL - 2023-06-14 23:40:28 --> Undefined property: stdClass::$brgkode1910005
in APPPATH\Controllers\User.php on line 123.
 1 APPPATH\Controllers\User.php(123): CodeIgniter\Debug\Exceptions->errorHandler(2, 'Undefined property: stdClass::$brgkode1910005', 'APPPATH\\Controllers\\User.php', 123)
 2 SYSTEMPATH\CodeIgniter.php(927): App\Controllers\User->listDataBarang()
 3 SYSTEMPATH\CodeIgniter.php(482): CodeIgniter\CodeIgniter->runController(Object(App\Controllers\User))
 4 SYSTEMPATH\CodeIgniter.php(351): CodeIgniter\CodeIgniter->handleRequest(null, Object(Config\Cache), false)
 5 FCPATH\index.php(67): CodeIgniter\CodeIgniter->run()
CRITICAL - 2023-06-14 23:40:43 --> Undefined property: stdClass::$brgkode1910005
in APPPATH\Controllers\User.php on line 123.
 1 APPPATH\Controllers\User.php(123): CodeIgniter\Debug\Exceptions->errorHandler(2, 'Undefined property: stdClass::$brgkode1910005', 'APPPATH\\Controllers\\User.php', 123)
 2 SYSTEMPATH\CodeIgniter.php(927): App\Controllers\User->listDataBarang()
 3 SYSTEMPATH\CodeIgniter.php(482): CodeIgniter\CodeIgniter->runController(Object(App\Controllers\User))
 4 SYSTEMPATH\CodeIgniter.php(351): CodeIgniter\CodeIgniter->handleRequest(null, Object(Config\Cache), false)
 5 FCPATH\index.php(67): CodeIgniter\CodeIgniter->run()
CRITICAL - 2023-06-14 23:41:52 --> Undefined property: stdClass::$brgkode1910005
in APPPATH\Controllers\User.php on line 123.
 1 APPPATH\Controllers\User.php(123): CodeIgniter\Debug\Exceptions->errorHandler(2, 'Undefined property: stdClass::$brgkode1910005', 'APPPATH\\Controllers\\User.php', 123)
 2 SYSTEMPATH\CodeIgniter.php(927): App\Controllers\User->listDataBarang()
 3 SYSTEMPATH\CodeIgniter.php(482): CodeIgniter\CodeIgniter->runController(Object(App\Controllers\User))
 4 SYSTEMPATH\CodeIgniter.php(351): CodeIgniter\CodeIgniter->handleRequest(null, Object(Config\Cache), false)
 5 FCPATH\index.php(67): CodeIgniter\CodeIgniter->run()
