CRITICAL - 2023-06-13 18:06:16 --> Undefined variable $cari
in APPPATH\Views\karyawan\viewkaryawan.php on line 27.
 1 APPPATH\Views\karyawan\viewkaryawan.php(27): CodeIgniter\Debug\Exceptions->errorHandler(2, 'Undefined variable $cari', 'APPPATH\\Views\\karyawan\\viewkaryawan.php', 27)
 2 SYSTEMPATH\View\View.php(213): include('APPPATH\\Views\\karyawan\\viewkaryawan.php')
 3 SYSTEMPATH\View\View.php(216): CodeIgniter\View\View->CodeIgniter\View\{closure}()
 4 SYSTEMPATH\Common.php(1134): CodeIgniter\View\View->render('karyawan/viewkaryawan', [], true)
 5 APPPATH\Controllers\Karyawan.php(9): view('karyawan/viewkaryawan')
 6 SYSTEMPATH\CodeIgniter.php(927): App\Controllers\Karyawan->index()
 7 SYSTEMPATH\CodeIgniter.php(482): CodeIgniter\CodeIgniter->runController(Object(App\Controllers\Karyawan))
 8 SYSTEMPATH\CodeIgniter.php(351): CodeIgniter\CodeIgniter->handleRequest(null, Object(Config\Cache), false)
 9 FCPATH\index.php(67): CodeIgniter\CodeIgniter->run()
10 SYSTEMPATH\Commands\Server\rewrite.php(46): require_once('FCPATH\\index.php')
CRITICAL - 2023-06-13 18:27:18 --> Undefined array key "idpihaktravel"
in APPPATH\Views\karyawan\viewkaryawan.php on line 76.
 1 APPPATH\Views\karyawan\viewkaryawan.php(76): CodeIgniter\Debug\Exceptions->errorHandler(2, 'Undefined array key "idpihaktravel"', 'APPPATH\\Views\\karyawan\\viewkaryawan.php', 76)
 2 SYSTEMPATH\View\View.php(213): include('APPPATH\\Views\\karyawan\\viewkaryawan.php')
 3 SYSTEMPATH\View\View.php(216): CodeIgniter\View\View->CodeIgniter\View\{closure}()
 4 SYSTEMPATH\Common.php(1134): CodeIgniter\View\View->render('karyawan/viewkaryawan', [], true)
 5 APPPATH\Controllers\Karyawan.php(32): view('karyawan/viewkaryawan', [...])
 6 SYSTEMPATH\CodeIgniter.php(927): App\Controllers\Karyawan->index()
 7 SYSTEMPATH\CodeIgniter.php(482): CodeIgniter\CodeIgniter->runController(Object(App\Controllers\Karyawan))
 8 SYSTEMPATH\CodeIgniter.php(351): CodeIgniter\CodeIgniter->handleRequest(null, Object(Config\Cache), false)
 9 FCPATH\index.php(67): CodeIgniter\CodeIgniter->run()
10 SYSTEMPATH\Commands\Server\rewrite.php(46): require_once('FCPATH\\index.php')
CRITICAL - 2023-06-13 18:28:20 --> Undefined variable $nomor
in APPPATH\Views\karyawan\viewkaryawan.php on line 57.
 1 APPPATH\Views\karyawan\viewkaryawan.php(57): CodeIgniter\Debug\Exceptions->errorHandler(2, 'Undefined variable $nomor', 'APPPATH\\Views\\karyawan\\viewkaryawan.php', 57)
 2 SYSTEMPATH\View\View.php(213): include('APPPATH\\Views\\karyawan\\viewkaryawan.php')
 3 SYSTEMPATH\View\View.php(216): CodeIgniter\View\View->CodeIgniter\View\{closure}()
 4 SYSTEMPATH\Common.php(1134): CodeIgniter\View\View->render('karyawan/viewkaryawan', [], true)
 5 APPPATH\Controllers\Karyawan.php(32): view('karyawan/viewkaryawan', [...])
 6 SYSTEMPATH\CodeIgniter.php(927): App\Controllers\Karyawan->index()
 7 SYSTEMPATH\CodeIgniter.php(482): CodeIgniter\CodeIgniter->runController(Object(App\Controllers\Karyawan))
 8 SYSTEMPATH\CodeIgniter.php(351): CodeIgniter\CodeIgniter->handleRequest(null, Object(Config\Cache), false)
 9 FCPATH\index.php(67): CodeIgniter\CodeIgniter->run()
10 SYSTEMPATH\Commands\Server\rewrite.php(46): require_once('FCPATH\\index.php')
CRITICAL - 2023-06-13 22:41:51 --> Object of class App\Models\ModelKaryawan could not be converted to string
in APPPATH\Controllers\Karyawan.php on line 29.
 1 SYSTEMPATH\CodeIgniter.php(927): App\Controllers\Karyawan->index()
 2 SYSTEMPATH\CodeIgniter.php(482): CodeIgniter\CodeIgniter->runController(Object(App\Controllers\Karyawan))
 3 SYSTEMPATH\CodeIgniter.php(351): CodeIgniter\CodeIgniter->handleRequest(null, Object(Config\Cache), false)
 4 FCPATH\index.php(67): CodeIgniter\CodeIgniter->run()
 5 SYSTEMPATH\Commands\Server\rewrite.php(46): require_once('FCPATH\\index.php')
CRITICAL - 2023-06-13 22:43:00 --> Undefined property: App\Controllers\Karyawan::$model
in APPPATH\Controllers\Karyawan.php on line 29.
 1 APPPATH\Controllers\Karyawan.php(29): CodeIgniter\Debug\Exceptions->errorHandler(2, 'Undefined property: App\\Controllers\\Karyawan::$model', 'APPPATH\\Controllers\\Karyawan.php', 29)
 2 SYSTEMPATH\CodeIgniter.php(927): App\Controllers\Karyawan->index()
 3 SYSTEMPATH\CodeIgniter.php(482): CodeIgniter\CodeIgniter->runController(Object(App\Controllers\Karyawan))
 4 SYSTEMPATH\CodeIgniter.php(351): CodeIgniter\CodeIgniter->handleRequest(null, Object(Config\Cache), false)
 5 FCPATH\index.php(67): CodeIgniter\CodeIgniter->run()
 6 SYSTEMPATH\Commands\Server\rewrite.php(46): require_once('FCPATH\\index.php')
CRITICAL - 2023-06-13 22:43:01 --> Undefined property: App\Controllers\Karyawan::$model
in APPPATH\Controllers\Karyawan.php on line 29.
 1 APPPATH\Controllers\Karyawan.php(29): CodeIgniter\Debug\Exceptions->errorHandler(2, 'Undefined property: App\\Controllers\\Karyawan::$model', 'APPPATH\\Controllers\\Karyawan.php', 29)
 2 SYSTEMPATH\CodeIgniter.php(927): App\Controllers\Karyawan->index()
 3 SYSTEMPATH\CodeIgniter.php(482): CodeIgniter\CodeIgniter->runController(Object(App\Controllers\Karyawan))
 4 SYSTEMPATH\CodeIgniter.php(351): CodeIgniter\CodeIgniter->handleRequest(null, Object(Config\Cache), false)
 5 FCPATH\index.php(67): CodeIgniter\CodeIgniter->run()
 6 SYSTEMPATH\Commands\Server\rewrite.php(46): require_once('FCPATH\\index.php')
CRITICAL - 2023-06-13 22:43:01 --> Undefined property: App\Controllers\Karyawan::$model
in APPPATH\Controllers\Karyawan.php on line 29.
 1 APPPATH\Controllers\Karyawan.php(29): CodeIgniter\Debug\Exceptions->errorHandler(2, 'Undefined property: App\\Controllers\\Karyawan::$model', 'APPPATH\\Controllers\\Karyawan.php', 29)
 2 SYSTEMPATH\CodeIgniter.php(927): App\Controllers\Karyawan->index()
 3 SYSTEMPATH\CodeIgniter.php(482): CodeIgniter\CodeIgniter->runController(Object(App\Controllers\Karyawan))
 4 SYSTEMPATH\CodeIgniter.php(351): CodeIgniter\CodeIgniter->handleRequest(null, Object(Config\Cache), false)
 5 FCPATH\index.php(67): CodeIgniter\CodeIgniter->run()
 6 SYSTEMPATH\Commands\Server\rewrite.php(46): require_once('FCPATH\\index.php')
CRITICAL - 2023-06-13 22:43:02 --> Undefined property: App\Controllers\Karyawan::$model
in APPPATH\Controllers\Karyawan.php on line 29.
 1 APPPATH\Controllers\Karyawan.php(29): CodeIgniter\Debug\Exceptions->errorHandler(2, 'Undefined property: App\\Controllers\\Karyawan::$model', 'APPPATH\\Controllers\\Karyawan.php', 29)
 2 SYSTEMPATH\CodeIgniter.php(927): App\Controllers\Karyawan->index()
 3 SYSTEMPATH\CodeIgniter.php(482): CodeIgniter\CodeIgniter->runController(Object(App\Controllers\Karyawan))
 4 SYSTEMPATH\CodeIgniter.php(351): CodeIgniter\CodeIgniter->handleRequest(null, Object(Config\Cache), false)
 5 FCPATH\index.php(67): CodeIgniter\CodeIgniter->run()
 6 SYSTEMPATH\Commands\Server\rewrite.php(46): require_once('FCPATH\\index.php')
CRITICAL - 2023-06-13 22:43:02 --> Undefined property: App\Controllers\Karyawan::$model
in APPPATH\Controllers\Karyawan.php on line 29.
 1 APPPATH\Controllers\Karyawan.php(29): CodeIgniter\Debug\Exceptions->errorHandler(2, 'Undefined property: App\\Controllers\\Karyawan::$model', 'APPPATH\\Controllers\\Karyawan.php', 29)
 2 SYSTEMPATH\CodeIgniter.php(927): App\Controllers\Karyawan->index()
 3 SYSTEMPATH\CodeIgniter.php(482): CodeIgniter\CodeIgniter->runController(Object(App\Controllers\Karyawan))
 4 SYSTEMPATH\CodeIgniter.php(351): CodeIgniter\CodeIgniter->handleRequest(null, Object(Config\Cache), false)
 5 FCPATH\index.php(67): CodeIgniter\CodeIgniter->run()
 6 SYSTEMPATH\Commands\Server\rewrite.php(46): require_once('FCPATH\\index.php')
CRITICAL - 2023-06-13 22:43:02 --> Undefined property: App\Controllers\Karyawan::$model
in APPPATH\Controllers\Karyawan.php on line 29.
 1 APPPATH\Controllers\Karyawan.php(29): CodeIgniter\Debug\Exceptions->errorHandler(2, 'Undefined property: App\\Controllers\\Karyawan::$model', 'APPPATH\\Controllers\\Karyawan.php', 29)
 2 SYSTEMPATH\CodeIgniter.php(927): App\Controllers\Karyawan->index()
 3 SYSTEMPATH\CodeIgniter.php(482): CodeIgniter\CodeIgniter->runController(Object(App\Controllers\Karyawan))
 4 SYSTEMPATH\CodeIgniter.php(351): CodeIgniter\CodeIgniter->handleRequest(null, Object(Config\Cache), false)
 5 FCPATH\index.php(67): CodeIgniter\CodeIgniter->run()
 6 SYSTEMPATH\Commands\Server\rewrite.php(46): require_once('FCPATH\\index.php')
CRITICAL - 2023-06-13 22:43:02 --> Undefined property: App\Controllers\Karyawan::$model
in APPPATH\Controllers\Karyawan.php on line 29.
 1 APPPATH\Controllers\Karyawan.php(29): CodeIgniter\Debug\Exceptions->errorHandler(2, 'Undefined property: App\\Controllers\\Karyawan::$model', 'APPPATH\\Controllers\\Karyawan.php', 29)
 2 SYSTEMPATH\CodeIgniter.php(927): App\Controllers\Karyawan->index()
 3 SYSTEMPATH\CodeIgniter.php(482): CodeIgniter\CodeIgniter->runController(Object(App\Controllers\Karyawan))
 4 SYSTEMPATH\CodeIgniter.php(351): CodeIgniter\CodeIgniter->handleRequest(null, Object(Config\Cache), false)
 5 FCPATH\index.php(67): CodeIgniter\CodeIgniter->run()
 6 SYSTEMPATH\Commands\Server\rewrite.php(46): require_once('FCPATH\\index.php')
CRITICAL - 2023-06-13 22:43:02 --> Undefined property: App\Controllers\Karyawan::$model
in APPPATH\Controllers\Karyawan.php on line 29.
 1 APPPATH\Controllers\Karyawan.php(29): CodeIgniter\Debug\Exceptions->errorHandler(2, 'Undefined property: App\\Controllers\\Karyawan::$model', 'APPPATH\\Controllers\\Karyawan.php', 29)
 2 SYSTEMPATH\CodeIgniter.php(927): App\Controllers\Karyawan->index()
 3 SYSTEMPATH\CodeIgniter.php(482): CodeIgniter\CodeIgniter->runController(Object(App\Controllers\Karyawan))
 4 SYSTEMPATH\CodeIgniter.php(351): CodeIgniter\CodeIgniter->handleRequest(null, Object(Config\Cache), false)
 5 FCPATH\index.php(67): CodeIgniter\CodeIgniter->run()
 6 SYSTEMPATH\Commands\Server\rewrite.php(46): require_once('FCPATH\\index.php')
CRITICAL - 2023-06-13 22:43:03 --> Undefined property: App\Controllers\Karyawan::$model
in APPPATH\Controllers\Karyawan.php on line 29.
 1 APPPATH\Controllers\Karyawan.php(29): CodeIgniter\Debug\Exceptions->errorHandler(2, 'Undefined property: App\\Controllers\\Karyawan::$model', 'APPPATH\\Controllers\\Karyawan.php', 29)
 2 SYSTEMPATH\CodeIgniter.php(927): App\Controllers\Karyawan->index()
 3 SYSTEMPATH\CodeIgniter.php(482): CodeIgniter\CodeIgniter->runController(Object(App\Controllers\Karyawan))
 4 SYSTEMPATH\CodeIgniter.php(351): CodeIgniter\CodeIgniter->handleRequest(null, Object(Config\Cache), false)
 5 FCPATH\index.php(67): CodeIgniter\CodeIgniter->run()
 6 SYSTEMPATH\Commands\Server\rewrite.php(46): require_once('FCPATH\\index.php')
CRITICAL - 2023-06-13 22:43:03 --> Undefined property: App\Controllers\Karyawan::$model
in APPPATH\Controllers\Karyawan.php on line 29.
 1 APPPATH\Controllers\Karyawan.php(29): CodeIgniter\Debug\Exceptions->errorHandler(2, 'Undefined property: App\\Controllers\\Karyawan::$model', 'APPPATH\\Controllers\\Karyawan.php', 29)
 2 SYSTEMPATH\CodeIgniter.php(927): App\Controllers\Karyawan->index()
 3 SYSTEMPATH\CodeIgniter.php(482): CodeIgniter\CodeIgniter->runController(Object(App\Controllers\Karyawan))
 4 SYSTEMPATH\CodeIgniter.php(351): CodeIgniter\CodeIgniter->handleRequest(null, Object(Config\Cache), false)
 5 FCPATH\index.php(67): CodeIgniter\CodeIgniter->run()
 6 SYSTEMPATH\Commands\Server\rewrite.php(46): require_once('FCPATH\\index.php')
CRITICAL - 2023-06-13 22:44:33 --> Call to a member function links() on null
in APPPATH\Views\karyawan\viewkaryawan.php on line 119.
 1 SYSTEMPATH\View\View.php(213): include()
 2 SYSTEMPATH\View\View.php(216): CodeIgniter\View\View->CodeIgniter\View\{closure}()
 3 SYSTEMPATH\Common.php(1134): CodeIgniter\View\View->render('karyawan/viewkaryawan', [], true)
 4 APPPATH\Controllers\Karyawan.php(41): view('karyawan/viewkaryawan', [...])
 5 SYSTEMPATH\CodeIgniter.php(927): App\Controllers\Karyawan->index()
 6 SYSTEMPATH\CodeIgniter.php(482): CodeIgniter\CodeIgniter->runController(Object(App\Controllers\Karyawan))
 7 SYSTEMPATH\CodeIgniter.php(351): CodeIgniter\CodeIgniter->handleRequest(null, Object(Config\Cache), false)
 8 FCPATH\index.php(67): CodeIgniter\CodeIgniter->run()
 9 SYSTEMPATH\Commands\Server\rewrite.php(46): require_once('FCPATH\\index.php')
CRITICAL - 2023-06-13 22:44:34 --> Call to a member function links() on null
in APPPATH\Views\karyawan\viewkaryawan.php on line 119.
 1 SYSTEMPATH\View\View.php(213): include()
 2 SYSTEMPATH\View\View.php(216): CodeIgniter\View\View->CodeIgniter\View\{closure}()
 3 SYSTEMPATH\Common.php(1134): CodeIgniter\View\View->render('karyawan/viewkaryawan', [], true)
 4 APPPATH\Controllers\Karyawan.php(41): view('karyawan/viewkaryawan', [...])
 5 SYSTEMPATH\CodeIgniter.php(927): App\Controllers\Karyawan->index()
 6 SYSTEMPATH\CodeIgniter.php(482): CodeIgniter\CodeIgniter->runController(Object(App\Controllers\Karyawan))
 7 SYSTEMPATH\CodeIgniter.php(351): CodeIgniter\CodeIgniter->handleRequest(null, Object(Config\Cache), false)
 8 FCPATH\index.php(67): CodeIgniter\CodeIgniter->run()
 9 SYSTEMPATH\Commands\Server\rewrite.php(46): require_once('FCPATH\\index.php')
CRITICAL - 2023-06-13 22:46:29 --> Call to a member function links() on null
in APPPATH\Views\karyawan\viewkaryawan.php on line 119.
 1 SYSTEMPATH\View\View.php(213): include()
 2 SYSTEMPATH\View\View.php(216): CodeIgniter\View\View->CodeIgniter\View\{closure}()
 3 SYSTEMPATH\Common.php(1134): CodeIgniter\View\View->render('karyawan/viewkaryawan', [], true)
 4 APPPATH\Controllers\Karyawan.php(41): view('karyawan/viewkaryawan', [...])
 5 SYSTEMPATH\CodeIgniter.php(927): App\Controllers\Karyawan->index()
 6 SYSTEMPATH\CodeIgniter.php(482): CodeIgniter\CodeIgniter->runController(Object(App\Controllers\Karyawan))
 7 SYSTEMPATH\CodeIgniter.php(351): CodeIgniter\CodeIgniter->handleRequest(null, Object(Config\Cache), false)
 8 FCPATH\index.php(67): CodeIgniter\CodeIgniter->run()
 9 SYSTEMPATH\Commands\Server\rewrite.php(46): require_once('FCPATH\\index.php')
CRITICAL - 2023-06-13 22:46:29 --> Call to a member function links() on null
in APPPATH\Views\karyawan\viewkaryawan.php on line 119.
 1 SYSTEMPATH\View\View.php(213): include()
 2 SYSTEMPATH\View\View.php(216): CodeIgniter\View\View->CodeIgniter\View\{closure}()
 3 SYSTEMPATH\Common.php(1134): CodeIgniter\View\View->render('karyawan/viewkaryawan', [], true)
 4 APPPATH\Controllers\Karyawan.php(41): view('karyawan/viewkaryawan', [...])
 5 SYSTEMPATH\CodeIgniter.php(927): App\Controllers\Karyawan->index()
 6 SYSTEMPATH\CodeIgniter.php(482): CodeIgniter\CodeIgniter->runController(Object(App\Controllers\Karyawan))
 7 SYSTEMPATH\CodeIgniter.php(351): CodeIgniter\CodeIgniter->handleRequest(null, Object(Config\Cache), false)
 8 FCPATH\index.php(67): CodeIgniter\CodeIgniter->run()
 9 SYSTEMPATH\Commands\Server\rewrite.php(46): require_once('FCPATH\\index.php')
CRITICAL - 2023-06-13 22:46:33 --> Call to a member function links() on null
in APPPATH\Views\karyawan\viewkaryawan.php on line 119.
 1 SYSTEMPATH\View\View.php(213): include()
 2 SYSTEMPATH\View\View.php(216): CodeIgniter\View\View->CodeIgniter\View\{closure}()
 3 SYSTEMPATH\Common.php(1134): CodeIgniter\View\View->render('karyawan/viewkaryawan', [], true)
 4 APPPATH\Controllers\Karyawan.php(41): view('karyawan/viewkaryawan', [...])
 5 SYSTEMPATH\CodeIgniter.php(927): App\Controllers\Karyawan->index()
 6 SYSTEMPATH\CodeIgniter.php(482): CodeIgniter\CodeIgniter->runController(Object(App\Controllers\Karyawan))
 7 SYSTEMPATH\CodeIgniter.php(351): CodeIgniter\CodeIgniter->handleRequest(null, Object(Config\Cache), false)
 8 FCPATH\index.php(67): CodeIgniter\CodeIgniter->run()
 9 SYSTEMPATH\Commands\Server\rewrite.php(46): require_once('FCPATH\\index.php')
CRITICAL - 2023-06-13 22:46:36 --> Call to a member function links() on null
in APPPATH\Views\karyawan\viewkaryawan.php on line 119.
 1 SYSTEMPATH\View\View.php(213): include()
 2 SYSTEMPATH\View\View.php(216): CodeIgniter\View\View->CodeIgniter\View\{closure}()
 3 SYSTEMPATH\Common.php(1134): CodeIgniter\View\View->render('karyawan/viewkaryawan', [], true)
 4 APPPATH\Controllers\Karyawan.php(41): view('karyawan/viewkaryawan', [...])
 5 SYSTEMPATH\CodeIgniter.php(927): App\Controllers\Karyawan->index()
 6 SYSTEMPATH\CodeIgniter.php(482): CodeIgniter\CodeIgniter->runController(Object(App\Controllers\Karyawan))
 7 SYSTEMPATH\CodeIgniter.php(351): CodeIgniter\CodeIgniter->handleRequest(null, Object(Config\Cache), false)
 8 FCPATH\index.php(67): CodeIgniter\CodeIgniter->run()
 9 SYSTEMPATH\Commands\Server\rewrite.php(46): require_once('FCPATH\\index.php')
CRITICAL - 2023-06-13 22:49:41 --> Object of class App\Models\ModelKaryawan could not be converted to string
in APPPATH\Controllers\Karyawan.php on line 30.
 1 SYSTEMPATH\CodeIgniter.php(927): App\Controllers\Karyawan->index()
 2 SYSTEMPATH\CodeIgniter.php(482): CodeIgniter\CodeIgniter->runController(Object(App\Controllers\Karyawan))
 3 SYSTEMPATH\CodeIgniter.php(351): CodeIgniter\CodeIgniter->handleRequest(null, Object(Config\Cache), false)
 4 FCPATH\index.php(67): CodeIgniter\CodeIgniter->run()
 5 SYSTEMPATH\Commands\Server\rewrite.php(46): require_once('FCPATH\\index.php')
CRITICAL - 2023-06-13 22:49:42 --> Object of class App\Models\ModelKaryawan could not be converted to string
in APPPATH\Controllers\Karyawan.php on line 30.
 1 SYSTEMPATH\CodeIgniter.php(927): App\Controllers\Karyawan->index()
 2 SYSTEMPATH\CodeIgniter.php(482): CodeIgniter\CodeIgniter->runController(Object(App\Controllers\Karyawan))
 3 SYSTEMPATH\CodeIgniter.php(351): CodeIgniter\CodeIgniter->handleRequest(null, Object(Config\Cache), false)
 4 FCPATH\index.php(67): CodeIgniter\CodeIgniter->run()
 5 SYSTEMPATH\Commands\Server\rewrite.php(46): require_once('FCPATH\\index.php')
CRITICAL - 2023-06-13 22:49:43 --> Object of class App\Models\ModelKaryawan could not be converted to string
in APPPATH\Controllers\Karyawan.php on line 30.
 1 SYSTEMPATH\CodeIgniter.php(927): App\Controllers\Karyawan->index()
 2 SYSTEMPATH\CodeIgniter.php(482): CodeIgniter\CodeIgniter->runController(Object(App\Controllers\Karyawan))
 3 SYSTEMPATH\CodeIgniter.php(351): CodeIgniter\CodeIgniter->handleRequest(null, Object(Config\Cache), false)
 4 FCPATH\index.php(67): CodeIgniter\CodeIgniter->run()
 5 SYSTEMPATH\Commands\Server\rewrite.php(46): require_once('FCPATH\\index.php')
CRITICAL - 2023-06-13 22:50:47 --> Object of class App\Models\ModelKaryawan could not be converted to string
in APPPATH\Controllers\Karyawan.php on line 30.
 1 SYSTEMPATH\CodeIgniter.php(927): App\Controllers\Karyawan->index()
 2 SYSTEMPATH\CodeIgniter.php(482): CodeIgniter\CodeIgniter->runController(Object(App\Controllers\Karyawan))
 3 SYSTEMPATH\CodeIgniter.php(351): CodeIgniter\CodeIgniter->handleRequest(null, Object(Config\Cache), false)
 4 FCPATH\index.php(67): CodeIgniter\CodeIgniter->run()
 5 SYSTEMPATH\Commands\Server\rewrite.php(46): require_once('FCPATH\\index.php')
CRITICAL - 2023-06-13 22:50:48 --> Object of class App\Models\ModelKaryawan could not be converted to string
in APPPATH\Controllers\Karyawan.php on line 30.
 1 SYSTEMPATH\CodeIgniter.php(927): App\Controllers\Karyawan->index()
 2 SYSTEMPATH\CodeIgniter.php(482): CodeIgniter\CodeIgniter->runController(Object(App\Controllers\Karyawan))
 3 SYSTEMPATH\CodeIgniter.php(351): CodeIgniter\CodeIgniter->handleRequest(null, Object(Config\Cache), false)
 4 FCPATH\index.php(67): CodeIgniter\CodeIgniter->run()
 5 SYSTEMPATH\Commands\Server\rewrite.php(46): require_once('FCPATH\\index.php')
CRITICAL - 2023-06-13 22:50:49 --> Object of class App\Models\ModelKaryawan could not be converted to string
in APPPATH\Controllers\Karyawan.php on line 30.
 1 SYSTEMPATH\CodeIgniter.php(927): App\Controllers\Karyawan->index()
 2 SYSTEMPATH\CodeIgniter.php(482): CodeIgniter\CodeIgniter->runController(Object(App\Controllers\Karyawan))
 3 SYSTEMPATH\CodeIgniter.php(351): CodeIgniter\CodeIgniter->handleRequest(null, Object(Config\Cache), false)
 4 FCPATH\index.php(67): CodeIgniter\CodeIgniter->run()
 5 SYSTEMPATH\Commands\Server\rewrite.php(46): require_once('FCPATH\\index.php')
CRITICAL - 2023-06-13 22:50:49 --> Object of class App\Models\ModelKaryawan could not be converted to string
in APPPATH\Controllers\Karyawan.php on line 30.
 1 SYSTEMPATH\CodeIgniter.php(927): App\Controllers\Karyawan->index()
 2 SYSTEMPATH\CodeIgniter.php(482): CodeIgniter\CodeIgniter->runController(Object(App\Controllers\Karyawan))
 3 SYSTEMPATH\CodeIgniter.php(351): CodeIgniter\CodeIgniter->handleRequest(null, Object(Config\Cache), false)
 4 FCPATH\index.php(67): CodeIgniter\CodeIgniter->run()
 5 SYSTEMPATH\Commands\Server\rewrite.php(46): require_once('FCPATH\\index.php')
CRITICAL - 2023-06-13 22:50:49 --> Object of class App\Models\ModelKaryawan could not be converted to string
in APPPATH\Controllers\Karyawan.php on line 30.
 1 SYSTEMPATH\CodeIgniter.php(927): App\Controllers\Karyawan->index()
 2 SYSTEMPATH\CodeIgniter.php(482): CodeIgniter\CodeIgniter->runController(Object(App\Controllers\Karyawan))
 3 SYSTEMPATH\CodeIgniter.php(351): CodeIgniter\CodeIgniter->handleRequest(null, Object(Config\Cache), false)
 4 FCPATH\index.php(67): CodeIgniter\CodeIgniter->run()
 5 SYSTEMPATH\Commands\Server\rewrite.php(46): require_once('FCPATH\\index.php')
CRITICAL - 2023-06-13 22:50:49 --> Object of class App\Models\ModelKaryawan could not be converted to string
in APPPATH\Controllers\Karyawan.php on line 30.
 1 SYSTEMPATH\CodeIgniter.php(927): App\Controllers\Karyawan->index()
 2 SYSTEMPATH\CodeIgniter.php(482): CodeIgniter\CodeIgniter->runController(Object(App\Controllers\Karyawan))
 3 SYSTEMPATH\CodeIgniter.php(351): CodeIgniter\CodeIgniter->handleRequest(null, Object(Config\Cache), false)
 4 FCPATH\index.php(67): CodeIgniter\CodeIgniter->run()
 5 SYSTEMPATH\Commands\Server\rewrite.php(46): require_once('FCPATH\\index.php')
CRITICAL - 2023-06-13 22:50:50 --> Object of class App\Models\ModelKaryawan could not be converted to string
in APPPATH\Controllers\Karyawan.php on line 30.
 1 SYSTEMPATH\CodeIgniter.php(927): App\Controllers\Karyawan->index()
 2 SYSTEMPATH\CodeIgniter.php(482): CodeIgniter\CodeIgniter->runController(Object(App\Controllers\Karyawan))
 3 SYSTEMPATH\CodeIgniter.php(351): CodeIgniter\CodeIgniter->handleRequest(null, Object(Config\Cache), false)
 4 FCPATH\index.php(67): CodeIgniter\CodeIgniter->run()
 5 SYSTEMPATH\Commands\Server\rewrite.php(46): require_once('FCPATH\\index.php')
CRITICAL - 2023-06-13 22:50:53 --> Object of class App\Models\ModelKaryawan could not be converted to string
in APPPATH\Controllers\Karyawan.php on line 30.
 1 SYSTEMPATH\CodeIgniter.php(927): App\Controllers\Karyawan->index()
 2 SYSTEMPATH\CodeIgniter.php(482): CodeIgniter\CodeIgniter->runController(Object(App\Controllers\Karyawan))
 3 SYSTEMPATH\CodeIgniter.php(351): CodeIgniter\CodeIgniter->handleRequest(null, Object(Config\Cache), false)
 4 FCPATH\index.php(67): CodeIgniter\CodeIgniter->run()
 5 SYSTEMPATH\Commands\Server\rewrite.php(46): require_once('FCPATH\\index.php')
CRITICAL - 2023-06-13 22:51:21 --> Invalid file: pelanggan/viewpelanggan.php
in SYSTEMPATH\Exceptions\FrameworkException.php on line 33.
 1 SYSTEMPATH\View\View.php(201): CodeIgniter\Exceptions\FrameworkException::forInvalidFile('pelanggan/viewpelanggan.php')
 2 SYSTEMPATH\Common.php(1134): CodeIgniter\View\View->render('pelanggan/viewpelanggan', [], true)
 3 APPPATH\Controllers\Karyawan.php(43): view('pelanggan/viewpelanggan', [...])
 4 SYSTEMPATH\CodeIgniter.php(927): App\Controllers\Karyawan->index()
 5 SYSTEMPATH\CodeIgniter.php(482): CodeIgniter\CodeIgniter->runController(Object(App\Controllers\Karyawan))
 6 SYSTEMPATH\CodeIgniter.php(351): CodeIgniter\CodeIgniter->handleRequest(null, Object(Config\Cache), false)
 7 FCPATH\index.php(67): CodeIgniter\CodeIgniter->run()
 8 SYSTEMPATH\Commands\Server\rewrite.php(46): require_once('FCPATH\\index.php')
CRITICAL - 2023-06-13 22:51:23 --> Invalid file: pelanggan/viewpelanggan.php
in SYSTEMPATH\Exceptions\FrameworkException.php on line 33.
 1 SYSTEMPATH\View\View.php(201): CodeIgniter\Exceptions\FrameworkException::forInvalidFile('pelanggan/viewpelanggan.php')
 2 SYSTEMPATH\Common.php(1134): CodeIgniter\View\View->render('pelanggan/viewpelanggan', [], true)
 3 APPPATH\Controllers\Karyawan.php(43): view('pelanggan/viewpelanggan', [...])
 4 SYSTEMPATH\CodeIgniter.php(927): App\Controllers\Karyawan->index()
 5 SYSTEMPATH\CodeIgniter.php(482): CodeIgniter\CodeIgniter->runController(Object(App\Controllers\Karyawan))
 6 SYSTEMPATH\CodeIgniter.php(351): CodeIgniter\CodeIgniter->handleRequest(null, Object(Config\Cache), false)
 7 FCPATH\index.php(67): CodeIgniter\CodeIgniter->run()
 8 SYSTEMPATH\Commands\Server\rewrite.php(46): require_once('FCPATH\\index.php')
CRITICAL - 2023-06-13 22:55:52 --> Undefined variable $cari
in APPPATH\Views\karyawan\viewkaryawan.php on line 31.
 1 APPPATH\Views\karyawan\viewkaryawan.php(31): CodeIgniter\Debug\Exceptions->errorHandler(2, 'Undefined variable $cari', 'APPPATH\\Views\\karyawan\\viewkaryawan.php', 31)
 2 SYSTEMPATH\View\View.php(213): include('APPPATH\\Views\\karyawan\\viewkaryawan.php')
 3 SYSTEMPATH\View\View.php(216): CodeIgniter\View\View->CodeIgniter\View\{closure}()
 4 SYSTEMPATH\Common.php(1134): CodeIgniter\View\View->render('karyawan/viewkaryawan', [], true)
 5 APPPATH\Controllers\Karyawan.php(43): view('karyawan/viewkaryawan', [...])
 6 SYSTEMPATH\CodeIgniter.php(927): App\Controllers\Karyawan->index()
 7 SYSTEMPATH\CodeIgniter.php(482): CodeIgniter\CodeIgniter->runController(Object(App\Controllers\Karyawan))
 8 SYSTEMPATH\CodeIgniter.php(351): CodeIgniter\CodeIgniter->handleRequest(null, Object(Config\Cache), false)
 9 FCPATH\index.php(67): CodeIgniter\CodeIgniter->run()
10 SYSTEMPATH\Commands\Server\rewrite.php(46): require_once('FCPATH\\index.php')
CRITICAL - 2023-06-13 22:57:50 --> Undefined variable $cari
in APPPATH\Views\karyawan\viewkaryawan.php on line 31.
 1 APPPATH\Views\karyawan\viewkaryawan.php(31): CodeIgniter\Debug\Exceptions->errorHandler(2, 'Undefined variable $cari', 'APPPATH\\Views\\karyawan\\viewkaryawan.php', 31)
 2 SYSTEMPATH\View\View.php(213): include('APPPATH\\Views\\karyawan\\viewkaryawan.php')
 3 SYSTEMPATH\View\View.php(216): CodeIgniter\View\View->CodeIgniter\View\{closure}()
 4 SYSTEMPATH\Common.php(1134): CodeIgniter\View\View->render('karyawan/viewkaryawan', [], true)
 5 APPPATH\Controllers\Karyawan.php(43): view('karyawan/viewkaryawan', [...])
 6 SYSTEMPATH\CodeIgniter.php(927): App\Controllers\Karyawan->index()
 7 SYSTEMPATH\CodeIgniter.php(482): CodeIgniter\CodeIgniter->runController(Object(App\Controllers\Karyawan))
 8 SYSTEMPATH\CodeIgniter.php(351): CodeIgniter\CodeIgniter->handleRequest(null, Object(Config\Cache), false)
 9 FCPATH\index.php(67): CodeIgniter\CodeIgniter->run()
10 SYSTEMPATH\Commands\Server\rewrite.php(46): require_once('FCPATH\\index.php')
CRITICAL - 2023-06-13 22:58:58 --> Undefined variable $cari
in APPPATH\Views\karyawan\viewkaryawan.php on line 31.
 1 APPPATH\Views\karyawan\viewkaryawan.php(31): CodeIgniter\Debug\Exceptions->errorHandler(2, 'Undefined variable $cari', 'APPPATH\\Views\\karyawan\\viewkaryawan.php', 31)
 2 SYSTEMPATH\View\View.php(213): include('APPPATH\\Views\\karyawan\\viewkaryawan.php')
 3 SYSTEMPATH\View\View.php(216): CodeIgniter\View\View->CodeIgniter\View\{closure}()
 4 SYSTEMPATH\Common.php(1134): CodeIgniter\View\View->render('karyawan/viewkaryawan', [], true)
 5 APPPATH\Controllers\Karyawan.php(43): view('karyawan/viewkaryawan', [...])
 6 SYSTEMPATH\CodeIgniter.php(927): App\Controllers\Karyawan->index()
 7 SYSTEMPATH\CodeIgniter.php(482): CodeIgniter\CodeIgniter->runController(Object(App\Controllers\Karyawan))
 8 SYSTEMPATH\CodeIgniter.php(351): CodeIgniter\CodeIgniter->handleRequest(null, Object(Config\Cache), false)
 9 FCPATH\index.php(67): CodeIgniter\CodeIgniter->run()
10 SYSTEMPATH\Commands\Server\rewrite.php(46): require_once('FCPATH\\index.php')
