ERROR - 2022-12-28 08:08:41 --> mysqli_sql_exception: Duplicate entry '33333' for key 'PRIMARY' in D:\INSTALER\XAMP806\htdocs\ci4crudpaktototwebapi\system\Database\MySQLi\Connection.php:292
Stack trace:
#0 D:\INSTALER\XAMP806\htdocs\ci4crudpaktototwebapi\system\Database\MySQLi\Connection.php(292): mysqli->query('INSERT INTO `ma...', 0)
#1 D:\INSTALER\XAMP806\htdocs\ci4crudpaktototwebapi\system\Database\BaseConnection.php(666): CodeIgniter\Database\MySQLi\Connection->execute('INSERT INTO `ma...')
#2 D:\INSTALER\XAMP806\htdocs\ci4crudpaktototwebapi\system\Database\BaseConnection.php(593): CodeIgniter\Database\BaseConnection->simpleQuery('INSERT INTO `ma...')
#3 D:\INSTALER\XAMP806\htdocs\ci4crudpaktototwebapi\system\Database\BaseBuilder.php(1916): CodeIgniter\Database\BaseConnection->query('INSERT INTO `ma...', Array, false)
#4 D:\INSTALER\XAMP806\htdocs\ci4crudpaktototwebapi\system\Model.php(279): CodeIgniter\Database\BaseBuilder->insert()
#5 D:\INSTALER\XAMP806\htdocs\ci4crudpaktototwebapi\system\BaseModel.php(749): CodeIgniter\Model->doInsert(Array)
#6 D:\INSTALER\XAMP806\htdocs\ci4crudpaktototwebapi\system\Model.php(667): CodeIgniter\BaseModel->insert(Array, true)
#7 D:\INSTALER\XAMP806\htdocs\ci4crudpaktototwebapi\app\Controllers\MahasiswaApi.php(92): CodeIgniter\Model->insert(Array)
#8 D:\INSTALER\XAMP806\htdocs\ci4crudpaktototwebapi\system\CodeIgniter.php(927): App\Controllers\MahasiswaApi->create()
#9 D:\INSTALER\XAMP806\htdocs\ci4crudpaktototwebapi\system\CodeIgniter.php(482): CodeIgniter\CodeIgniter->runController(Object(App\Controllers\MahasiswaApi))
#10 D:\INSTALER\XAMP806\htdocs\ci4crudpaktototwebapi\system\CodeIgniter.php(351): CodeIgniter\CodeIgniter->handleRequest(NULL, Object(Config\Cache), false)
#11 D:\INSTALER\XAMP806\htdocs\ci4crudpaktototwebapi\public\index.php(67): CodeIgniter\CodeIgniter->run()
#12 {main}
CRITICAL - 2022-12-28 08:08:41 --> Duplicate entry '33333' for key 'PRIMARY'
in SYSTEMPATH\Database\MySQLi\Connection.php on line 292.
 1 SYSTEMPATH\Database\MySQLi\Connection.php(292): mysqli->query('INSERT INTO `mahasiswa` (`mhsnobp`, `mhsnama`, `mhsalamat`, `prodinama`, `mhstgllhr`) VALUES (\'33333\', \'yulianda\', NULL, NULL, NULL)', 0)
 2 SYSTEMPATH\Database\BaseConnection.php(666): CodeIgniter\Database\MySQLi\Connection->execute('INSERT INTO `mahasiswa` (`mhsnobp`, `mhsnama`, `mhsalamat`, `prodinama`, `mhstgllhr`) VALUES (\'33333\', \'yulianda\', NULL, NULL, NULL)')
 3 SYSTEMPATH\Database\BaseConnection.php(593): CodeIgniter\Database\BaseConnection->simpleQuery('INSERT INTO `mahasiswa` (`mhsnobp`, `mhsnama`, `mhsalamat`, `prodinama`, `mhstgllhr`) VALUES (\'33333\', \'yulianda\', NULL, NULL, NULL)')
 4 SYSTEMPATH\Database\BaseBuilder.php(1916): CodeIgniter\Database\BaseConnection->query('INSERT INTO `mahasiswa` (`mhsnobp`, `mhsnama`, `mhsalamat`, `prodinama`, `mhstgllhr`) VALUES (:mhsnobp:, :mhsnama:, :mhsalamat:, :prodinama:, :mhstgllhr:)', [...], false)
 5 SYSTEMPATH\Model.php(279): CodeIgniter\Database\BaseBuilder->insert()
 6 SYSTEMPATH\BaseModel.php(749): CodeIgniter\Model->doInsert([...])
 7 SYSTEMPATH\Model.php(667): CodeIgniter\BaseModel->insert([...], true)
 8 APPPATH\Controllers\MahasiswaApi.php(92): CodeIgniter\Model->insert([...])
 9 SYSTEMPATH\CodeIgniter.php(927): App\Controllers\MahasiswaApi->create()
10 SYSTEMPATH\CodeIgniter.php(482): CodeIgniter\CodeIgniter->runController(Object(App\Controllers\MahasiswaApi))
11 SYSTEMPATH\CodeIgniter.php(351): CodeIgniter\CodeIgniter->handleRequest(null, Object(Config\Cache), false)
12 FCPATH\index.php(67): CodeIgniter\CodeIgniter->run()
