CRITICAL - 2023-06-12 10:10:31 --> unlink(datagambar/1212): No such file or directory
in APPPATH\Controllers\API\UploudFoto.php on line 124.
 1 [internal function]: CodeIgniter\Debug\Exceptions->errorHandler(2, 'unlink(datagambar/1212): No such file or directory', 'APPPATH\\Controllers\\API\\UploudFoto.php', 124)
 2 APPPATH\Controllers\API\UploudFoto.php(124): unlink('datagambar/1212')
 3 SYSTEMPATH\CodeIgniter.php(927): App\Controllers\API\UploudFoto->update('Kotlin 1-20230612')
 4 SYSTEMPATH\CodeIgniter.php(482): CodeIgniter\CodeIgniter->runController(Object(App\Controllers\API\UploudFoto))
 5 SYSTEMPATH\CodeIgniter.php(351): CodeIgniter\CodeIgniter->handleRequest(null, Object(Config\Cache), false)
 6 FCPATH\index.php(67): CodeIgniter\CodeIgniter->run()
CRITICAL - 2023-06-12 10:10:43 --> unlink(datagambar/1212): No such file or directory
in APPPATH\Controllers\API\UploudFoto.php on line 124.
 1 [internal function]: CodeIgniter\Debug\Exceptions->errorHandler(2, 'unlink(datagambar/1212): No such file or directory', 'APPPATH\\Controllers\\API\\UploudFoto.php', 124)
 2 APPPATH\Controllers\API\UploudFoto.php(124): unlink('datagambar/1212')
 3 SYSTEMPATH\CodeIgniter.php(927): App\Controllers\API\UploudFoto->update('Kotlin 1-20230612')
 4 SYSTEMPATH\CodeIgniter.php(482): CodeIgniter\CodeIgniter->runController(Object(App\Controllers\API\UploudFoto))
 5 SYSTEMPATH\CodeIgniter.php(351): CodeIgniter\CodeIgniter->handleRequest(null, Object(Config\Cache), false)
 6 FCPATH\index.php(67): CodeIgniter\CodeIgniter->run()
CRITICAL - 2023-06-12 10:39:05 --> Trying to access array offset on value of type null
in APPPATH\Controllers\API\UploudFoto.php on line 112.
 1 APPPATH\Controllers\API\UploudFoto.php(112): CodeIgniter\Debug\Exceptions->errorHandler(2, 'Trying to access array offset on value of type null', 'APPPATH\\Controllers\\API\\UploudFoto.php', 112)
 2 SYSTEMPATH\CodeIgniter.php(927): App\Controllers\API\UploudFoto->update('null')
 3 SYSTEMPATH\CodeIgniter.php(482): CodeIgniter\CodeIgniter->runController(Object(App\Controllers\API\UploudFoto))
 4 SYSTEMPATH\CodeIgniter.php(351): CodeIgniter\CodeIgniter->handleRequest(null, Object(Config\Cache), false)
 5 FCPATH\index.php(67): CodeIgniter\CodeIgniter->run()
