CRITICAL - 2023-07-04 00:47:00 --> Undefined array key "jumlah_hutang"
in APPPATH\Controllers\API\RiwayatUtangPerbulan.php on line 44.
 1 APPPATH\Controllers\API\RiwayatUtangPerbulan.php(44): CodeIgniter\Debug\Exceptions->errorHandler(2, 'Undefined array key "jumlah_hutang"', 'APPPATH\\Controllers\\API\\RiwayatUtangPerbulan.php', 44)
 2 SYSTEMPATH\CodeIgniter.php(927): App\Controllers\API\RiwayatUtangPerbulan->show('1')
 3 SYSTEMPATH\CodeIgniter.php(482): CodeIgniter\CodeIgniter->runController(Object(App\Controllers\API\RiwayatUtangPerbulan))
 4 SYSTEMPATH\CodeIgniter.php(351): CodeIgniter\CodeIgniter->handleRequest(null, Object(Config\Cache), false)
 5 FCPATH\index.php(67): CodeIgniter\CodeIgniter->run()
CRITICAL - 2023-07-04 00:47:32 --> array_sum(): Argument #1 ($array) must be of type array, stdClass given
in APPPATH\Controllers\API\RiwayatUtangPerbulan.php on line 44.
 1 APPPATH\Controllers\API\RiwayatUtangPerbulan.php(44): array_sum(Object(stdClass))
 2 SYSTEMPATH\CodeIgniter.php(927): App\Controllers\API\RiwayatUtangPerbulan->show('1')
 3 SYSTEMPATH\CodeIgniter.php(482): CodeIgniter\CodeIgniter->runController(Object(App\Controllers\API\RiwayatUtangPerbulan))
 4 SYSTEMPATH\CodeIgniter.php(351): CodeIgniter\CodeIgniter->handleRequest(null, Object(Config\Cache), false)
 5 FCPATH\index.php(67): CodeIgniter\CodeIgniter->run()
CRITICAL - 2023-07-04 00:47:33 --> array_sum(): Argument #1 ($array) must be of type array, stdClass given
in APPPATH\Controllers\API\RiwayatUtangPerbulan.php on line 44.
 1 APPPATH\Controllers\API\RiwayatUtangPerbulan.php(44): array_sum(Object(stdClass))
 2 SYSTEMPATH\CodeIgniter.php(927): App\Controllers\API\RiwayatUtangPerbulan->show('1')
 3 SYSTEMPATH\CodeIgniter.php(482): CodeIgniter\CodeIgniter->runController(Object(App\Controllers\API\RiwayatUtangPerbulan))
 4 SYSTEMPATH\CodeIgniter.php(351): CodeIgniter\CodeIgniter->handleRequest(null, Object(Config\Cache), false)
 5 FCPATH\index.php(67): CodeIgniter\CodeIgniter->run()
ERROR - 2023-07-04 01:52:53 --> mysqli_sql_exception: Unknown column 'id_hutang' in 'where clause' in D:\INSTALER\XAMP806\htdocs\maadvertising.co.id\system\Database\MySQLi\Connection.php:292
Stack trace:
#0 D:\INSTALER\XAMP806\htdocs\maadvertising.co.id\system\Database\MySQLi\Connection.php(292): mysqli->query('SELECT *\nFROM `...', 0)
#1 D:\INSTALER\XAMP806\htdocs\maadvertising.co.id\system\Database\BaseConnection.php(666): CodeIgniter\Database\MySQLi\Connection->execute('SELECT *\nFROM `...')
#2 D:\INSTALER\XAMP806\htdocs\maadvertising.co.id\system\Database\BaseConnection.php(593): CodeIgniter\Database\BaseConnection->simpleQuery('SELECT *\nFROM `...')
#3 D:\INSTALER\XAMP806\htdocs\maadvertising.co.id\system\Database\BaseBuilder.php(1585): CodeIgniter\Database\BaseConnection->query('SELECT *\nFROM `...', Array, false)
#4 D:\INSTALER\XAMP806\htdocs\maadvertising.co.id\system\Model.php(772): CodeIgniter\Database\BaseBuilder->get()
#5 D:\INSTALER\XAMP806\htdocs\maadvertising.co.id\app\Controllers\API\RiwayatKelalaianPerbulan.php(44): CodeIgniter\Model->__call('get', Array)
#6 D:\INSTALER\XAMP806\htdocs\maadvertising.co.id\system\CodeIgniter.php(927): App\Controllers\API\RiwayatKelalaianPerbulan->show('18010723')
#7 D:\INSTALER\XAMP806\htdocs\maadvertising.co.id\system\CodeIgniter.php(482): CodeIgniter\CodeIgniter->runController(Object(App\Controllers\API\RiwayatKelalaianPerbulan))
#8 D:\INSTALER\XAMP806\htdocs\maadvertising.co.id\system\CodeIgniter.php(351): CodeIgniter\CodeIgniter->handleRequest(NULL, Object(Config\Cache), false)
#9 D:\INSTALER\XAMP806\htdocs\maadvertising.co.id\public\index.php(67): CodeIgniter\CodeIgniter->run()
#10 {main}
CRITICAL - 2023-07-04 01:52:53 --> Unknown column 'id_hutang' in 'where clause'
in SYSTEMPATH\Database\MySQLi\Connection.php on line 292.
 1 SYSTEMPATH\Database\MySQLi\Connection.php(292): mysqli->query('SELECT *
FROM `tb_detail_kelalaian`
WHERE `id_hutang` LIKE \'%18010723%\' ESCAPE \'!\'
ORDER BY `tgl_hutang` DESC', 0)
 2 SYSTEMPATH\Database\BaseConnection.php(666): CodeIgniter\Database\MySQLi\Connection->execute('SELECT *
FROM `tb_detail_kelalaian`
WHERE `id_hutang` LIKE \'%18010723%\' ESCAPE \'!\'
ORDER BY `tgl_hutang` DESC')
 3 SYSTEMPATH\Database\BaseConnection.php(593): CodeIgniter\Database\BaseConnection->simpleQuery('SELECT *
FROM `tb_detail_kelalaian`
WHERE `id_hutang` LIKE \'%18010723%\' ESCAPE \'!\'
ORDER BY `tgl_hutang` DESC')
 4 SYSTEMPATH\Database\BaseBuilder.php(1585): CodeIgniter\Database\BaseConnection->query('SELECT *
FROM `tb_detail_kelalaian`
WHERE `id_hutang` LIKE :id_hutang: ESCAPE \'!\'
ORDER BY `tgl_hutang` DESC', [...], false)
 5 SYSTEMPATH\Model.php(772): CodeIgniter\Database\BaseBuilder->get()
 6 APPPATH\Controllers\API\RiwayatKelalaianPerbulan.php(44): CodeIgniter\Model->__call('get', [])
 7 SYSTEMPATH\CodeIgniter.php(927): App\Controllers\API\RiwayatKelalaianPerbulan->show('18010723')
 8 SYSTEMPATH\CodeIgniter.php(482): CodeIgniter\CodeIgniter->runController(Object(App\Controllers\API\RiwayatKelalaianPerbulan))
 9 SYSTEMPATH\CodeIgniter.php(351): CodeIgniter\CodeIgniter->handleRequest(null, Object(Config\Cache), false)
10 FCPATH\index.php(67): CodeIgniter\CodeIgniter->run()
ERROR - 2023-07-04 01:53:14 --> mysqli_sql_exception: Unknown column 'tgl_hutang' in 'order clause' in D:\INSTALER\XAMP806\htdocs\maadvertising.co.id\system\Database\MySQLi\Connection.php:292
Stack trace:
#0 D:\INSTALER\XAMP806\htdocs\maadvertising.co.id\system\Database\MySQLi\Connection.php(292): mysqli->query('SELECT *\nFROM `...', 0)
#1 D:\INSTALER\XAMP806\htdocs\maadvertising.co.id\system\Database\BaseConnection.php(666): CodeIgniter\Database\MySQLi\Connection->execute('SELECT *\nFROM `...')
#2 D:\INSTALER\XAMP806\htdocs\maadvertising.co.id\system\Database\BaseConnection.php(593): CodeIgniter\Database\BaseConnection->simpleQuery('SELECT *\nFROM `...')
#3 D:\INSTALER\XAMP806\htdocs\maadvertising.co.id\system\Database\BaseBuilder.php(1585): CodeIgniter\Database\BaseConnection->query('SELECT *\nFROM `...', Array, false)
#4 D:\INSTALER\XAMP806\htdocs\maadvertising.co.id\system\Model.php(772): CodeIgniter\Database\BaseBuilder->get()
#5 D:\INSTALER\XAMP806\htdocs\maadvertising.co.id\app\Controllers\API\RiwayatKelalaianPerbulan.php(44): CodeIgniter\Model->__call('get', Array)
#6 D:\INSTALER\XAMP806\htdocs\maadvertising.co.id\system\CodeIgniter.php(927): App\Controllers\API\RiwayatKelalaianPerbulan->show('18010723')
#7 D:\INSTALER\XAMP806\htdocs\maadvertising.co.id\system\CodeIgniter.php(482): CodeIgniter\CodeIgniter->runController(Object(App\Controllers\API\RiwayatKelalaianPerbulan))
#8 D:\INSTALER\XAMP806\htdocs\maadvertising.co.id\system\CodeIgniter.php(351): CodeIgniter\CodeIgniter->handleRequest(NULL, Object(Config\Cache), false)
#9 D:\INSTALER\XAMP806\htdocs\maadvertising.co.id\public\index.php(67): CodeIgniter\CodeIgniter->run()
#10 {main}
CRITICAL - 2023-07-04 01:53:14 --> Unknown column 'tgl_hutang' in 'order clause'
in SYSTEMPATH\Database\MySQLi\Connection.php on line 292.
 1 SYSTEMPATH\Database\MySQLi\Connection.php(292): mysqli->query('SELECT *
FROM `tb_detail_kelalaian`
WHERE `id_kelalaian` LIKE \'%18010723%\' ESCAPE \'!\'
ORDER BY `tgl_hutang` DESC', 0)
 2 SYSTEMPATH\Database\BaseConnection.php(666): CodeIgniter\Database\MySQLi\Connection->execute('SELECT *
FROM `tb_detail_kelalaian`
WHERE `id_kelalaian` LIKE \'%18010723%\' ESCAPE \'!\'
ORDER BY `tgl_hutang` DESC')
 3 SYSTEMPATH\Database\BaseConnection.php(593): CodeIgniter\Database\BaseConnection->simpleQuery('SELECT *
FROM `tb_detail_kelalaian`
WHERE `id_kelalaian` LIKE \'%18010723%\' ESCAPE \'!\'
ORDER BY `tgl_hutang` DESC')
 4 SYSTEMPATH\Database\BaseBuilder.php(1585): CodeIgniter\Database\BaseConnection->query('SELECT *
FROM `tb_detail_kelalaian`
WHERE `id_kelalaian` LIKE :id_kelalaian: ESCAPE \'!\'
ORDER BY `tgl_hutang` DESC', [...], false)
 5 SYSTEMPATH\Model.php(772): CodeIgniter\Database\BaseBuilder->get()
 6 APPPATH\Controllers\API\RiwayatKelalaianPerbulan.php(44): CodeIgniter\Model->__call('get', [])
 7 SYSTEMPATH\CodeIgniter.php(927): App\Controllers\API\RiwayatKelalaianPerbulan->show('18010723')
 8 SYSTEMPATH\CodeIgniter.php(482): CodeIgniter\CodeIgniter->runController(Object(App\Controllers\API\RiwayatKelalaianPerbulan))
 9 SYSTEMPATH\CodeIgniter.php(351): CodeIgniter\CodeIgniter->handleRequest(null, Object(Config\Cache), false)
10 FCPATH\index.php(67): CodeIgniter\CodeIgniter->run()
ERROR - 2023-07-04 03:09:03 --> mysqli_sql_exception: Column 'idkaryawan' in on clause is ambiguous in D:\INSTALER\XAMP806\htdocs\maadvertising.co.id\system\Database\MySQLi\Connection.php:292
Stack trace:
#0 D:\INSTALER\XAMP806\htdocs\maadvertising.co.id\system\Database\MySQLi\Connection.php(292): mysqli->query('SELECT COUNT(*)...', 0)
#1 D:\INSTALER\XAMP806\htdocs\maadvertising.co.id\system\Database\BaseConnection.php(666): CodeIgniter\Database\MySQLi\Connection->execute('SELECT COUNT(*)...')
#2 D:\INSTALER\XAMP806\htdocs\maadvertising.co.id\system\Database\BaseConnection.php(593): CodeIgniter\Database\BaseConnection->simpleQuery('SELECT COUNT(*)...')
#3 D:\INSTALER\XAMP806\htdocs\maadvertising.co.id\system\Database\BaseBuilder.php(1669): CodeIgniter\Database\BaseConnection->query('SELECT COUNT(*)...', Array, false)
#4 D:\INSTALER\XAMP806\htdocs\maadvertising.co.id\system\Model.php(551): CodeIgniter\Database\BaseBuilder->countAllResults(true)
#5 D:\INSTALER\XAMP806\htdocs\maadvertising.co.id\app\Controllers\Lembur.php(33): CodeIgniter\Model->countAllResults()
#6 D:\INSTALER\XAMP806\htdocs\maadvertising.co.id\system\CodeIgniter.php(927): App\Controllers\Lembur->index()
#7 D:\INSTALER\XAMP806\htdocs\maadvertising.co.id\system\CodeIgniter.php(482): CodeIgniter\CodeIgniter->runController(Object(App\Controllers\Lembur))
#8 D:\INSTALER\XAMP806\htdocs\maadvertising.co.id\system\CodeIgniter.php(351): CodeIgniter\CodeIgniter->handleRequest(NULL, Object(Config\Cache), false)
#9 D:\INSTALER\XAMP806\htdocs\maadvertising.co.id\public\index.php(67): CodeIgniter\CodeIgniter->run()
#10 {main}
CRITICAL - 2023-07-04 03:09:03 --> Column 'idkaryawan' in on clause is ambiguous
in SYSTEMPATH\Database\MySQLi\Connection.php on line 292.
 1 SYSTEMPATH\Database\MySQLi\Connection.php(292): mysqli->query('SELECT COUNT(*) AS `numrows`
FROM `tb_detail_lembur`
JOIN `tb_karyawan` ON `idkaryawan`=`idkaryawan`', 0)
 2 SYSTEMPATH\Database\BaseConnection.php(666): CodeIgniter\Database\MySQLi\Connection->execute('SELECT COUNT(*) AS `numrows`
FROM `tb_detail_lembur`
JOIN `tb_karyawan` ON `idkaryawan`=`idkaryawan`')
 3 SYSTEMPATH\Database\BaseConnection.php(593): CodeIgniter\Database\BaseConnection->simpleQuery('SELECT COUNT(*) AS `numrows`
FROM `tb_detail_lembur`
JOIN `tb_karyawan` ON `idkaryawan`=`idkaryawan`')
 4 SYSTEMPATH\Database\BaseBuilder.php(1669): CodeIgniter\Database\BaseConnection->query('SELECT COUNT(*) AS `numrows`
FROM `tb_detail_lembur`
JOIN `tb_karyawan` ON `idkaryawan`=`idkaryawan`', [], false)
 5 SYSTEMPATH\Model.php(551): CodeIgniter\Database\BaseBuilder->countAllResults(true)
 6 APPPATH\Controllers\Lembur.php(33): CodeIgniter\Model->countAllResults()
 7 SYSTEMPATH\CodeIgniter.php(927): App\Controllers\Lembur->index()
 8 SYSTEMPATH\CodeIgniter.php(482): CodeIgniter\CodeIgniter->runController(Object(App\Controllers\Lembur))
 9 SYSTEMPATH\CodeIgniter.php(351): CodeIgniter\CodeIgniter->handleRequest(null, Object(Config\Cache), false)
10 FCPATH\index.php(67): CodeIgniter\CodeIgniter->run()
ERROR - 2023-07-04 03:09:13 --> mysqli_sql_exception: Column 'idkaryawan' in on clause is ambiguous in D:\INSTALER\XAMP806\htdocs\maadvertising.co.id\system\Database\MySQLi\Connection.php:292
Stack trace:
#0 D:\INSTALER\XAMP806\htdocs\maadvertising.co.id\system\Database\MySQLi\Connection.php(292): mysqli->query('SELECT COUNT(*)...', 0)
#1 D:\INSTALER\XAMP806\htdocs\maadvertising.co.id\system\Database\BaseConnection.php(666): CodeIgniter\Database\MySQLi\Connection->execute('SELECT COUNT(*)...')
#2 D:\INSTALER\XAMP806\htdocs\maadvertising.co.id\system\Database\BaseConnection.php(593): CodeIgniter\Database\BaseConnection->simpleQuery('SELECT COUNT(*)...')
#3 D:\INSTALER\XAMP806\htdocs\maadvertising.co.id\system\Database\BaseBuilder.php(1669): CodeIgniter\Database\BaseConnection->query('SELECT COUNT(*)...', Array, false)
#4 D:\INSTALER\XAMP806\htdocs\maadvertising.co.id\system\Model.php(551): CodeIgniter\Database\BaseBuilder->countAllResults(true)
#5 D:\INSTALER\XAMP806\htdocs\maadvertising.co.id\app\Controllers\Lembur.php(33): CodeIgniter\Model->countAllResults()
#6 D:\INSTALER\XAMP806\htdocs\maadvertising.co.id\system\CodeIgniter.php(927): App\Controllers\Lembur->index()
#7 D:\INSTALER\XAMP806\htdocs\maadvertising.co.id\system\CodeIgniter.php(482): CodeIgniter\CodeIgniter->runController(Object(App\Controllers\Lembur))
#8 D:\INSTALER\XAMP806\htdocs\maadvertising.co.id\system\CodeIgniter.php(351): CodeIgniter\CodeIgniter->handleRequest(NULL, Object(Config\Cache), false)
#9 D:\INSTALER\XAMP806\htdocs\maadvertising.co.id\public\index.php(67): CodeIgniter\CodeIgniter->run()
#10 {main}
CRITICAL - 2023-07-04 03:09:13 --> Column 'idkaryawan' in on clause is ambiguous
in SYSTEMPATH\Database\MySQLi\Connection.php on line 292.
 1 SYSTEMPATH\Database\MySQLi\Connection.php(292): mysqli->query('SELECT COUNT(*) AS `numrows`
FROM `tb_detail_lembur`
JOIN `tb_karyawan` ON `idkaryawan`=`idkaryawan`', 0)
 2 SYSTEMPATH\Database\BaseConnection.php(666): CodeIgniter\Database\MySQLi\Connection->execute('SELECT COUNT(*) AS `numrows`
FROM `tb_detail_lembur`
JOIN `tb_karyawan` ON `idkaryawan`=`idkaryawan`')
 3 SYSTEMPATH\Database\BaseConnection.php(593): CodeIgniter\Database\BaseConnection->simpleQuery('SELECT COUNT(*) AS `numrows`
FROM `tb_detail_lembur`
JOIN `tb_karyawan` ON `idkaryawan`=`idkaryawan`')
 4 SYSTEMPATH\Database\BaseBuilder.php(1669): CodeIgniter\Database\BaseConnection->query('SELECT COUNT(*) AS `numrows`
FROM `tb_detail_lembur`
JOIN `tb_karyawan` ON `idkaryawan`=`idkaryawan`', [], false)
 5 SYSTEMPATH\Model.php(551): CodeIgniter\Database\BaseBuilder->countAllResults(true)
 6 APPPATH\Controllers\Lembur.php(33): CodeIgniter\Model->countAllResults()
 7 SYSTEMPATH\CodeIgniter.php(927): App\Controllers\Lembur->index()
 8 SYSTEMPATH\CodeIgniter.php(482): CodeIgniter\CodeIgniter->runController(Object(App\Controllers\Lembur))
 9 SYSTEMPATH\CodeIgniter.php(351): CodeIgniter\CodeIgniter->handleRequest(null, Object(Config\Cache), false)
10 FCPATH\index.php(67): CodeIgniter\CodeIgniter->run()
CRITICAL - 2023-07-04 03:13:02 --> Undefined array key "tgl_kelalaian"
in APPPATH\Views\lembur\viewlembur.php on line 96.
 1 APPPATH\Views\lembur\viewlembur.php(96): CodeIgniter\Debug\Exceptions->errorHandler(2, 'Undefined array key "tgl_kelalaian"', 'APPPATH\\Views\\lembur\\viewlembur.php', 96)
 2 SYSTEMPATH\View\View.php(213): include('APPPATH\\Views\\lembur\\viewlembur.php')
 3 SYSTEMPATH\View\View.php(216): CodeIgniter\View\View->CodeIgniter\View\{closure}()
 4 SYSTEMPATH\Common.php(1134): CodeIgniter\View\View->render('lembur/viewlembur', [], true)
 5 APPPATH\Controllers\Lembur.php(45): view('lembur/viewlembur', [...])
 6 SYSTEMPATH\CodeIgniter.php(927): App\Controllers\Lembur->index()
 7 SYSTEMPATH\CodeIgniter.php(482): CodeIgniter\CodeIgniter->runController(Object(App\Controllers\Lembur))
 8 SYSTEMPATH\CodeIgniter.php(351): CodeIgniter\CodeIgniter->handleRequest(null, Object(Config\Cache), false)
 9 FCPATH\index.php(67): CodeIgniter\CodeIgniter->run()
CRITICAL - 2023-07-04 03:14:03 --> Undefined array key "tgl_kelalaian"
in APPPATH\Views\lembur\viewlembur.php on line 96.
 1 APPPATH\Views\lembur\viewlembur.php(96): CodeIgniter\Debug\Exceptions->errorHandler(2, 'Undefined array key "tgl_kelalaian"', 'APPPATH\\Views\\lembur\\viewlembur.php', 96)
 2 SYSTEMPATH\View\View.php(213): include('APPPATH\\Views\\lembur\\viewlembur.php')
 3 SYSTEMPATH\View\View.php(216): CodeIgniter\View\View->CodeIgniter\View\{closure}()
 4 SYSTEMPATH\Common.php(1134): CodeIgniter\View\View->render('lembur/viewlembur', [], true)
 5 APPPATH\Controllers\Lembur.php(45): view('lembur/viewlembur', [...])
 6 SYSTEMPATH\CodeIgniter.php(927): App\Controllers\Lembur->index()
 7 SYSTEMPATH\CodeIgniter.php(482): CodeIgniter\CodeIgniter->runController(Object(App\Controllers\Lembur))
 8 SYSTEMPATH\CodeIgniter.php(351): CodeIgniter\CodeIgniter->handleRequest(null, Object(Config\Cache), false)
 9 FCPATH\index.php(67): CodeIgniter\CodeIgniter->run()
CRITICAL - 2023-07-04 03:14:04 --> Undefined array key "tgl_kelalaian"
in APPPATH\Views\lembur\viewlembur.php on line 96.
 1 APPPATH\Views\lembur\viewlembur.php(96): CodeIgniter\Debug\Exceptions->errorHandler(2, 'Undefined array key "tgl_kelalaian"', 'APPPATH\\Views\\lembur\\viewlembur.php', 96)
 2 SYSTEMPATH\View\View.php(213): include('APPPATH\\Views\\lembur\\viewlembur.php')
 3 SYSTEMPATH\View\View.php(216): CodeIgniter\View\View->CodeIgniter\View\{closure}()
 4 SYSTEMPATH\Common.php(1134): CodeIgniter\View\View->render('lembur/viewlembur', [], true)
 5 APPPATH\Controllers\Lembur.php(45): view('lembur/viewlembur', [...])
 6 SYSTEMPATH\CodeIgniter.php(927): App\Controllers\Lembur->index()
 7 SYSTEMPATH\CodeIgniter.php(482): CodeIgniter\CodeIgniter->runController(Object(App\Controllers\Lembur))
 8 SYSTEMPATH\CodeIgniter.php(351): CodeIgniter\CodeIgniter->handleRequest(null, Object(Config\Cache), false)
 9 FCPATH\index.php(67): CodeIgniter\CodeIgniter->run()
CRITICAL - 2023-07-04 03:14:04 --> Undefined array key "tgl_kelalaian"
in APPPATH\Views\lembur\viewlembur.php on line 96.
 1 APPPATH\Views\lembur\viewlembur.php(96): CodeIgniter\Debug\Exceptions->errorHandler(2, 'Undefined array key "tgl_kelalaian"', 'APPPATH\\Views\\lembur\\viewlembur.php', 96)
 2 SYSTEMPATH\View\View.php(213): include('APPPATH\\Views\\lembur\\viewlembur.php')
 3 SYSTEMPATH\View\View.php(216): CodeIgniter\View\View->CodeIgniter\View\{closure}()
 4 SYSTEMPATH\Common.php(1134): CodeIgniter\View\View->render('lembur/viewlembur', [], true)
 5 APPPATH\Controllers\Lembur.php(45): view('lembur/viewlembur', [...])
 6 SYSTEMPATH\CodeIgniter.php(927): App\Controllers\Lembur->index()
 7 SYSTEMPATH\CodeIgniter.php(482): CodeIgniter\CodeIgniter->runController(Object(App\Controllers\Lembur))
 8 SYSTEMPATH\CodeIgniter.php(351): CodeIgniter\CodeIgniter->handleRequest(null, Object(Config\Cache), false)
 9 FCPATH\index.php(67): CodeIgniter\CodeIgniter->run()
CRITICAL - 2023-07-04 03:14:05 --> Undefined array key "tgl_kelalaian"
in APPPATH\Views\lembur\viewlembur.php on line 96.
 1 APPPATH\Views\lembur\viewlembur.php(96): CodeIgniter\Debug\Exceptions->errorHandler(2, 'Undefined array key "tgl_kelalaian"', 'APPPATH\\Views\\lembur\\viewlembur.php', 96)
 2 SYSTEMPATH\View\View.php(213): include('APPPATH\\Views\\lembur\\viewlembur.php')
 3 SYSTEMPATH\View\View.php(216): CodeIgniter\View\View->CodeIgniter\View\{closure}()
 4 SYSTEMPATH\Common.php(1134): CodeIgniter\View\View->render('lembur/viewlembur', [], true)
 5 APPPATH\Controllers\Lembur.php(45): view('lembur/viewlembur', [...])
 6 SYSTEMPATH\CodeIgniter.php(927): App\Controllers\Lembur->index()
 7 SYSTEMPATH\CodeIgniter.php(482): CodeIgniter\CodeIgniter->runController(Object(App\Controllers\Lembur))
 8 SYSTEMPATH\CodeIgniter.php(351): CodeIgniter\CodeIgniter->handleRequest(null, Object(Config\Cache), false)
 9 FCPATH\index.php(67): CodeIgniter\CodeIgniter->run()
CRITICAL - 2023-07-04 03:14:06 --> Undefined array key "tgl_kelalaian"
in APPPATH\Views\lembur\viewlembur.php on line 96.
 1 APPPATH\Views\lembur\viewlembur.php(96): CodeIgniter\Debug\Exceptions->errorHandler(2, 'Undefined array key "tgl_kelalaian"', 'APPPATH\\Views\\lembur\\viewlembur.php', 96)
 2 SYSTEMPATH\View\View.php(213): include('APPPATH\\Views\\lembur\\viewlembur.php')
 3 SYSTEMPATH\View\View.php(216): CodeIgniter\View\View->CodeIgniter\View\{closure}()
 4 SYSTEMPATH\Common.php(1134): CodeIgniter\View\View->render('lembur/viewlembur', [], true)
 5 APPPATH\Controllers\Lembur.php(45): view('lembur/viewlembur', [...])
 6 SYSTEMPATH\CodeIgniter.php(927): App\Controllers\Lembur->index()
 7 SYSTEMPATH\CodeIgniter.php(482): CodeIgniter\CodeIgniter->runController(Object(App\Controllers\Lembur))
 8 SYSTEMPATH\CodeIgniter.php(351): CodeIgniter\CodeIgniter->handleRequest(null, Object(Config\Cache), false)
 9 FCPATH\index.php(67): CodeIgniter\CodeIgniter->run()
CRITICAL - 2023-07-04 03:14:06 --> Undefined array key "tgl_kelalaian"
in APPPATH\Views\lembur\viewlembur.php on line 96.
 1 APPPATH\Views\lembur\viewlembur.php(96): CodeIgniter\Debug\Exceptions->errorHandler(2, 'Undefined array key "tgl_kelalaian"', 'APPPATH\\Views\\lembur\\viewlembur.php', 96)
 2 SYSTEMPATH\View\View.php(213): include('APPPATH\\Views\\lembur\\viewlembur.php')
 3 SYSTEMPATH\View\View.php(216): CodeIgniter\View\View->CodeIgniter\View\{closure}()
 4 SYSTEMPATH\Common.php(1134): CodeIgniter\View\View->render('lembur/viewlembur', [], true)
 5 APPPATH\Controllers\Lembur.php(45): view('lembur/viewlembur', [...])
 6 SYSTEMPATH\CodeIgniter.php(927): App\Controllers\Lembur->index()
 7 SYSTEMPATH\CodeIgniter.php(482): CodeIgniter\CodeIgniter->runController(Object(App\Controllers\Lembur))
 8 SYSTEMPATH\CodeIgniter.php(351): CodeIgniter\CodeIgniter->handleRequest(null, Object(Config\Cache), false)
 9 FCPATH\index.php(67): CodeIgniter\CodeIgniter->run()
CRITICAL - 2023-07-04 03:14:06 --> Undefined array key "tgl_kelalaian"
in APPPATH\Views\lembur\viewlembur.php on line 96.
 1 APPPATH\Views\lembur\viewlembur.php(96): CodeIgniter\Debug\Exceptions->errorHandler(2, 'Undefined array key "tgl_kelalaian"', 'APPPATH\\Views\\lembur\\viewlembur.php', 96)
 2 SYSTEMPATH\View\View.php(213): include('APPPATH\\Views\\lembur\\viewlembur.php')
 3 SYSTEMPATH\View\View.php(216): CodeIgniter\View\View->CodeIgniter\View\{closure}()
 4 SYSTEMPATH\Common.php(1134): CodeIgniter\View\View->render('lembur/viewlembur', [], true)
 5 APPPATH\Controllers\Lembur.php(45): view('lembur/viewlembur', [...])
 6 SYSTEMPATH\CodeIgniter.php(927): App\Controllers\Lembur->index()
 7 SYSTEMPATH\CodeIgniter.php(482): CodeIgniter\CodeIgniter->runController(Object(App\Controllers\Lembur))
 8 SYSTEMPATH\CodeIgniter.php(351): CodeIgniter\CodeIgniter->handleRequest(null, Object(Config\Cache), false)
 9 FCPATH\index.php(67): CodeIgniter\CodeIgniter->run()
CRITICAL - 2023-07-04 03:14:07 --> Undefined array key "tgl_kelalaian"
in APPPATH\Views\lembur\viewlembur.php on line 96.
 1 APPPATH\Views\lembur\viewlembur.php(96): CodeIgniter\Debug\Exceptions->errorHandler(2, 'Undefined array key "tgl_kelalaian"', 'APPPATH\\Views\\lembur\\viewlembur.php', 96)
 2 SYSTEMPATH\View\View.php(213): include('APPPATH\\Views\\lembur\\viewlembur.php')
 3 SYSTEMPATH\View\View.php(216): CodeIgniter\View\View->CodeIgniter\View\{closure}()
 4 SYSTEMPATH\Common.php(1134): CodeIgniter\View\View->render('lembur/viewlembur', [], true)
 5 APPPATH\Controllers\Lembur.php(45): view('lembur/viewlembur', [...])
 6 SYSTEMPATH\CodeIgniter.php(927): App\Controllers\Lembur->index()
 7 SYSTEMPATH\CodeIgniter.php(482): CodeIgniter\CodeIgniter->runController(Object(App\Controllers\Lembur))
 8 SYSTEMPATH\CodeIgniter.php(351): CodeIgniter\CodeIgniter->handleRequest(null, Object(Config\Cache), false)
 9 FCPATH\index.php(67): CodeIgniter\CodeIgniter->run()
CRITICAL - 2023-07-04 03:14:07 --> Undefined array key "tgl_kelalaian"
in APPPATH\Views\lembur\viewlembur.php on line 96.
 1 APPPATH\Views\lembur\viewlembur.php(96): CodeIgniter\Debug\Exceptions->errorHandler(2, 'Undefined array key "tgl_kelalaian"', 'APPPATH\\Views\\lembur\\viewlembur.php', 96)
 2 SYSTEMPATH\View\View.php(213): include('APPPATH\\Views\\lembur\\viewlembur.php')
 3 SYSTEMPATH\View\View.php(216): CodeIgniter\View\View->CodeIgniter\View\{closure}()
 4 SYSTEMPATH\Common.php(1134): CodeIgniter\View\View->render('lembur/viewlembur', [], true)
 5 APPPATH\Controllers\Lembur.php(45): view('lembur/viewlembur', [...])
 6 SYSTEMPATH\CodeIgniter.php(927): App\Controllers\Lembur->index()
 7 SYSTEMPATH\CodeIgniter.php(482): CodeIgniter\CodeIgniter->runController(Object(App\Controllers\Lembur))
 8 SYSTEMPATH\CodeIgniter.php(351): CodeIgniter\CodeIgniter->handleRequest(null, Object(Config\Cache), false)
 9 FCPATH\index.php(67): CodeIgniter\CodeIgniter->run()
CRITICAL - 2023-07-04 03:14:12 --> Undefined array key "tgl_kelalaian"
in APPPATH\Views\lembur\viewlembur.php on line 96.
 1 APPPATH\Views\lembur\viewlembur.php(96): CodeIgniter\Debug\Exceptions->errorHandler(2, 'Undefined array key "tgl_kelalaian"', 'APPPATH\\Views\\lembur\\viewlembur.php', 96)
 2 SYSTEMPATH\View\View.php(213): include('APPPATH\\Views\\lembur\\viewlembur.php')
 3 SYSTEMPATH\View\View.php(216): CodeIgniter\View\View->CodeIgniter\View\{closure}()
 4 SYSTEMPATH\Common.php(1134): CodeIgniter\View\View->render('lembur/viewlembur', [], true)
 5 APPPATH\Controllers\Lembur.php(45): view('lembur/viewlembur', [...])
 6 SYSTEMPATH\CodeIgniter.php(927): App\Controllers\Lembur->index()
 7 SYSTEMPATH\CodeIgniter.php(482): CodeIgniter\CodeIgniter->runController(Object(App\Controllers\Lembur))
 8 SYSTEMPATH\CodeIgniter.php(351): CodeIgniter\CodeIgniter->handleRequest(null, Object(Config\Cache), false)
 9 FCPATH\index.php(67): CodeIgniter\CodeIgniter->run()
CRITICAL - 2023-07-04 03:15:09 --> Undefined array key "id_detail_kelalaian"
in APPPATH\Views\lembur\viewlembur.php on line 120.
 1 APPPATH\Views\lembur\viewlembur.php(120): CodeIgniter\Debug\Exceptions->errorHandler(2, 'Undefined array key "id_detail_kelalaian"', 'APPPATH\\Views\\lembur\\viewlembur.php', 120)
 2 SYSTEMPATH\View\View.php(213): include('APPPATH\\Views\\lembur\\viewlembur.php')
 3 SYSTEMPATH\View\View.php(216): CodeIgniter\View\View->CodeIgniter\View\{closure}()
 4 SYSTEMPATH\Common.php(1134): CodeIgniter\View\View->render('lembur/viewlembur', [], true)
 5 APPPATH\Controllers\Lembur.php(45): view('lembur/viewlembur', [...])
 6 SYSTEMPATH\CodeIgniter.php(927): App\Controllers\Lembur->index()
 7 SYSTEMPATH\CodeIgniter.php(482): CodeIgniter\CodeIgniter->runController(Object(App\Controllers\Lembur))
 8 SYSTEMPATH\CodeIgniter.php(351): CodeIgniter\CodeIgniter->handleRequest(null, Object(Config\Cache), false)
 9 FCPATH\index.php(67): CodeIgniter\CodeIgniter->run()
CRITICAL - 2023-07-04 03:15:26 --> Undefined array key "jumlah_kelalain"
in APPPATH\Views\lembur\viewlembur.php on line 125.
 1 APPPATH\Views\lembur\viewlembur.php(125): CodeIgniter\Debug\Exceptions->errorHandler(2, 'Undefined array key "jumlah_kelalain"', 'APPPATH\\Views\\lembur\\viewlembur.php', 125)
 2 SYSTEMPATH\View\View.php(213): include('APPPATH\\Views\\lembur\\viewlembur.php')
 3 SYSTEMPATH\View\View.php(216): CodeIgniter\View\View->CodeIgniter\View\{closure}()
 4 SYSTEMPATH\Common.php(1134): CodeIgniter\View\View->render('lembur/viewlembur', [], true)
 5 APPPATH\Controllers\Lembur.php(45): view('lembur/viewlembur', [...])
 6 SYSTEMPATH\CodeIgniter.php(927): App\Controllers\Lembur->index()
 7 SYSTEMPATH\CodeIgniter.php(482): CodeIgniter\CodeIgniter->runController(Object(App\Controllers\Lembur))
 8 SYSTEMPATH\CodeIgniter.php(351): CodeIgniter\CodeIgniter->handleRequest(null, Object(Config\Cache), false)
 9 FCPATH\index.php(67): CodeIgniter\CodeIgniter->run()
CRITICAL - 2023-07-04 03:28:46 --> There is no data to insert.
in SYSTEMPATH\BaseModel.php on line 729.
 1 SYSTEMPATH\BaseModel.php(729): CodeIgniter\Database\Exceptions\DataException::forEmptyDataset('insert')
 2 SYSTEMPATH\Model.php(667): CodeIgniter\BaseModel->insert([], true)
 3 APPPATH\Controllers\Lembur.php(255): CodeIgniter\Model->insert([...])
 4 SYSTEMPATH\CodeIgniter.php(927): App\Controllers\Lembur->simpandata()
 5 SYSTEMPATH\CodeIgniter.php(482): CodeIgniter\CodeIgniter->runController(Object(App\Controllers\Lembur))
 6 SYSTEMPATH\CodeIgniter.php(351): CodeIgniter\CodeIgniter->handleRequest(null, Object(Config\Cache), false)
 7 FCPATH\index.php(67): CodeIgniter\CodeIgniter->run()
CRITICAL - 2023-07-04 03:29:38 --> There is no data to insert.
in SYSTEMPATH\BaseModel.php on line 729.
 1 SYSTEMPATH\BaseModel.php(729): CodeIgniter\Database\Exceptions\DataException::forEmptyDataset('insert')
 2 SYSTEMPATH\Model.php(667): CodeIgniter\BaseModel->insert([], true)
 3 APPPATH\Controllers\Lembur.php(255): CodeIgniter\Model->insert([...])
 4 SYSTEMPATH\CodeIgniter.php(927): App\Controllers\Lembur->simpandata()
 5 SYSTEMPATH\CodeIgniter.php(482): CodeIgniter\CodeIgniter->runController(Object(App\Controllers\Lembur))
 6 SYSTEMPATH\CodeIgniter.php(351): CodeIgniter\CodeIgniter->handleRequest(null, Object(Config\Cache), false)
 7 FCPATH\index.php(67): CodeIgniter\CodeIgniter->run()
CRITICAL - 2023-07-04 03:31:28 --> There is no data to insert.
in SYSTEMPATH\BaseModel.php on line 729.
 1 SYSTEMPATH\BaseModel.php(729): CodeIgniter\Database\Exceptions\DataException::forEmptyDataset('insert')
 2 SYSTEMPATH\Model.php(667): CodeIgniter\BaseModel->insert([], true)
 3 APPPATH\Controllers\Lembur.php(255): CodeIgniter\Model->insert([...])
 4 SYSTEMPATH\CodeIgniter.php(927): App\Controllers\Lembur->simpandata()
 5 SYSTEMPATH\CodeIgniter.php(482): CodeIgniter\CodeIgniter->runController(Object(App\Controllers\Lembur))
 6 SYSTEMPATH\CodeIgniter.php(351): CodeIgniter\CodeIgniter->handleRequest(null, Object(Config\Cache), false)
 7 FCPATH\index.php(67): CodeIgniter\CodeIgniter->run()
CRITICAL - 2023-07-04 03:31:32 --> There is no data to insert.
in SYSTEMPATH\BaseModel.php on line 729.
 1 SYSTEMPATH\BaseModel.php(729): CodeIgniter\Database\Exceptions\DataException::forEmptyDataset('insert')
 2 SYSTEMPATH\Model.php(667): CodeIgniter\BaseModel->insert([], true)
 3 APPPATH\Controllers\Lembur.php(255): CodeIgniter\Model->insert([...])
 4 SYSTEMPATH\CodeIgniter.php(927): App\Controllers\Lembur->simpandata()
 5 SYSTEMPATH\CodeIgniter.php(482): CodeIgniter\CodeIgniter->runController(Object(App\Controllers\Lembur))
 6 SYSTEMPATH\CodeIgniter.php(351): CodeIgniter\CodeIgniter->handleRequest(null, Object(Config\Cache), false)
 7 FCPATH\index.php(67): CodeIgniter\CodeIgniter->run()
CRITICAL - 2023-07-04 03:31:45 --> There is no data to insert.
in SYSTEMPATH\BaseModel.php on line 729.
 1 SYSTEMPATH\BaseModel.php(729): CodeIgniter\Database\Exceptions\DataException::forEmptyDataset('insert')
 2 SYSTEMPATH\Model.php(667): CodeIgniter\BaseModel->insert([], true)
 3 APPPATH\Controllers\Lembur.php(255): CodeIgniter\Model->insert([...])
 4 SYSTEMPATH\CodeIgniter.php(927): App\Controllers\Lembur->simpandata()
 5 SYSTEMPATH\CodeIgniter.php(482): CodeIgniter\CodeIgniter->runController(Object(App\Controllers\Lembur))
 6 SYSTEMPATH\CodeIgniter.php(351): CodeIgniter\CodeIgniter->handleRequest(null, Object(Config\Cache), false)
 7 FCPATH\index.php(67): CodeIgniter\CodeIgniter->run()
ERROR - 2023-07-04 03:36:33 --> mysqli_sql_exception: Duplicate entry '' for key 'PRIMARY' in D:\INSTALER\XAMP806\htdocs\maadvertising.co.id\system\Database\MySQLi\Connection.php:292
Stack trace:
#0 D:\INSTALER\XAMP806\htdocs\maadvertising.co.id\system\Database\MySQLi\Connection.php(292): mysqli->query('INSERT INTO `tb...', 0)
#1 D:\INSTALER\XAMP806\htdocs\maadvertising.co.id\system\Database\BaseConnection.php(666): CodeIgniter\Database\MySQLi\Connection->execute('INSERT INTO `tb...')
#2 D:\INSTALER\XAMP806\htdocs\maadvertising.co.id\system\Database\BaseConnection.php(593): CodeIgniter\Database\BaseConnection->simpleQuery('INSERT INTO `tb...')
#3 D:\INSTALER\XAMP806\htdocs\maadvertising.co.id\system\Database\BaseBuilder.php(1916): CodeIgniter\Database\BaseConnection->query('INSERT INTO `tb...', Array, false)
#4 D:\INSTALER\XAMP806\htdocs\maadvertising.co.id\system\Model.php(279): CodeIgniter\Database\BaseBuilder->insert()
#5 D:\INSTALER\XAMP806\htdocs\maadvertising.co.id\system\BaseModel.php(749): CodeIgniter\Model->doInsert(Array)
#6 D:\INSTALER\XAMP806\htdocs\maadvertising.co.id\system\Model.php(667): CodeIgniter\BaseModel->insert(Array, true)
#7 D:\INSTALER\XAMP806\htdocs\maadvertising.co.id\app\Controllers\Lembur.php(255): CodeIgniter\Model->insert(Array)
#8 D:\INSTALER\XAMP806\htdocs\maadvertising.co.id\system\CodeIgniter.php(927): App\Controllers\Lembur->simpandata()
#9 D:\INSTALER\XAMP806\htdocs\maadvertising.co.id\system\CodeIgniter.php(482): CodeIgniter\CodeIgniter->runController(Object(App\Controllers\Lembur))
#10 D:\INSTALER\XAMP806\htdocs\maadvertising.co.id\system\CodeIgniter.php(351): CodeIgniter\CodeIgniter->handleRequest(NULL, Object(Config\Cache), false)
#11 D:\INSTALER\XAMP806\htdocs\maadvertising.co.id\public\index.php(67): CodeIgniter\CodeIgniter->run()
#12 {main}
CRITICAL - 2023-07-04 03:36:33 --> Duplicate entry '' for key 'PRIMARY'
in SYSTEMPATH\Database\MySQLi\Connection.php on line 292.
 1 SYSTEMPATH\Database\MySQLi\Connection.php(292): mysqli->query('INSERT INTO `tb_lembur` (`subtotallembur`) VALUES (\'2\')', 0)
 2 SYSTEMPATH\Database\BaseConnection.php(666): CodeIgniter\Database\MySQLi\Connection->execute('INSERT INTO `tb_lembur` (`subtotallembur`) VALUES (\'2\')')
 3 SYSTEMPATH\Database\BaseConnection.php(593): CodeIgniter\Database\BaseConnection->simpleQuery('INSERT INTO `tb_lembur` (`subtotallembur`) VALUES (\'2\')')
 4 SYSTEMPATH\Database\BaseBuilder.php(1916): CodeIgniter\Database\BaseConnection->query('INSERT INTO `tb_lembur` (`subtotallembur`) VALUES (:subtotallembur:)', [...], false)
 5 SYSTEMPATH\Model.php(279): CodeIgniter\Database\BaseBuilder->insert()
 6 SYSTEMPATH\BaseModel.php(749): CodeIgniter\Model->doInsert([...])
 7 SYSTEMPATH\Model.php(667): CodeIgniter\BaseModel->insert([...], true)
 8 APPPATH\Controllers\Lembur.php(255): CodeIgniter\Model->insert([...])
 9 SYSTEMPATH\CodeIgniter.php(927): App\Controllers\Lembur->simpandata()
10 SYSTEMPATH\CodeIgniter.php(482): CodeIgniter\CodeIgniter->runController(Object(App\Controllers\Lembur))
11 SYSTEMPATH\CodeIgniter.php(351): CodeIgniter\CodeIgniter->handleRequest(null, Object(Config\Cache), false)
12 FCPATH\index.php(67): CodeIgniter\CodeIgniter->run()
ERROR - 2023-07-04 03:36:44 --> mysqli_sql_exception: Duplicate entry '' for key 'PRIMARY' in D:\INSTALER\XAMP806\htdocs\maadvertising.co.id\system\Database\MySQLi\Connection.php:292
Stack trace:
#0 D:\INSTALER\XAMP806\htdocs\maadvertising.co.id\system\Database\MySQLi\Connection.php(292): mysqli->query('INSERT INTO `tb...', 0)
#1 D:\INSTALER\XAMP806\htdocs\maadvertising.co.id\system\Database\BaseConnection.php(666): CodeIgniter\Database\MySQLi\Connection->execute('INSERT INTO `tb...')
#2 D:\INSTALER\XAMP806\htdocs\maadvertising.co.id\system\Database\BaseConnection.php(593): CodeIgniter\Database\BaseConnection->simpleQuery('INSERT INTO `tb...')
#3 D:\INSTALER\XAMP806\htdocs\maadvertising.co.id\system\Database\BaseBuilder.php(1916): CodeIgniter\Database\BaseConnection->query('INSERT INTO `tb...', Array, false)
#4 D:\INSTALER\XAMP806\htdocs\maadvertising.co.id\system\Model.php(279): CodeIgniter\Database\BaseBuilder->insert()
#5 D:\INSTALER\XAMP806\htdocs\maadvertising.co.id\system\BaseModel.php(749): CodeIgniter\Model->doInsert(Array)
#6 D:\INSTALER\XAMP806\htdocs\maadvertising.co.id\system\Model.php(667): CodeIgniter\BaseModel->insert(Array, true)
#7 D:\INSTALER\XAMP806\htdocs\maadvertising.co.id\app\Controllers\Lembur.php(255): CodeIgniter\Model->insert(Array)
#8 D:\INSTALER\XAMP806\htdocs\maadvertising.co.id\system\CodeIgniter.php(927): App\Controllers\Lembur->simpandata()
#9 D:\INSTALER\XAMP806\htdocs\maadvertising.co.id\system\CodeIgniter.php(482): CodeIgniter\CodeIgniter->runController(Object(App\Controllers\Lembur))
#10 D:\INSTALER\XAMP806\htdocs\maadvertising.co.id\system\CodeIgniter.php(351): CodeIgniter\CodeIgniter->handleRequest(NULL, Object(Config\Cache), false)
#11 D:\INSTALER\XAMP806\htdocs\maadvertising.co.id\public\index.php(67): CodeIgniter\CodeIgniter->run()
#12 {main}
CRITICAL - 2023-07-04 03:36:44 --> Duplicate entry '' for key 'PRIMARY'
in SYSTEMPATH\Database\MySQLi\Connection.php on line 292.
 1 SYSTEMPATH\Database\MySQLi\Connection.php(292): mysqli->query('INSERT INTO `tb_lembur` (`subtotallembur`) VALUES (\'2\')', 0)
 2 SYSTEMPATH\Database\BaseConnection.php(666): CodeIgniter\Database\MySQLi\Connection->execute('INSERT INTO `tb_lembur` (`subtotallembur`) VALUES (\'2\')')
 3 SYSTEMPATH\Database\BaseConnection.php(593): CodeIgniter\Database\BaseConnection->simpleQuery('INSERT INTO `tb_lembur` (`subtotallembur`) VALUES (\'2\')')
 4 SYSTEMPATH\Database\BaseBuilder.php(1916): CodeIgniter\Database\BaseConnection->query('INSERT INTO `tb_lembur` (`subtotallembur`) VALUES (:subtotallembur:)', [...], false)
 5 SYSTEMPATH\Model.php(279): CodeIgniter\Database\BaseBuilder->insert()
 6 SYSTEMPATH\BaseModel.php(749): CodeIgniter\Model->doInsert([...])
 7 SYSTEMPATH\Model.php(667): CodeIgniter\BaseModel->insert([...], true)
 8 APPPATH\Controllers\Lembur.php(255): CodeIgniter\Model->insert([...])
 9 SYSTEMPATH\CodeIgniter.php(927): App\Controllers\Lembur->simpandata()
10 SYSTEMPATH\CodeIgniter.php(482): CodeIgniter\CodeIgniter->runController(Object(App\Controllers\Lembur))
11 SYSTEMPATH\CodeIgniter.php(351): CodeIgniter\CodeIgniter->handleRequest(null, Object(Config\Cache), false)
12 FCPATH\index.php(67): CodeIgniter\CodeIgniter->run()
ERROR - 2023-07-04 03:37:02 --> mysqli_sql_exception: Duplicate entry '' for key 'PRIMARY' in D:\INSTALER\XAMP806\htdocs\maadvertising.co.id\system\Database\MySQLi\Connection.php:292
Stack trace:
#0 D:\INSTALER\XAMP806\htdocs\maadvertising.co.id\system\Database\MySQLi\Connection.php(292): mysqli->query('INSERT INTO `tb...', 0)
#1 D:\INSTALER\XAMP806\htdocs\maadvertising.co.id\system\Database\BaseConnection.php(666): CodeIgniter\Database\MySQLi\Connection->execute('INSERT INTO `tb...')
#2 D:\INSTALER\XAMP806\htdocs\maadvertising.co.id\system\Database\BaseConnection.php(593): CodeIgniter\Database\BaseConnection->simpleQuery('INSERT INTO `tb...')
#3 D:\INSTALER\XAMP806\htdocs\maadvertising.co.id\system\Database\BaseBuilder.php(1916): CodeIgniter\Database\BaseConnection->query('INSERT INTO `tb...', Array, false)
#4 D:\INSTALER\XAMP806\htdocs\maadvertising.co.id\system\Model.php(279): CodeIgniter\Database\BaseBuilder->insert()
#5 D:\INSTALER\XAMP806\htdocs\maadvertising.co.id\system\BaseModel.php(749): CodeIgniter\Model->doInsert(Array)
#6 D:\INSTALER\XAMP806\htdocs\maadvertising.co.id\system\Model.php(667): CodeIgniter\BaseModel->insert(Array, true)
#7 D:\INSTALER\XAMP806\htdocs\maadvertising.co.id\app\Controllers\Lembur.php(255): CodeIgniter\Model->insert(Array)
#8 D:\INSTALER\XAMP806\htdocs\maadvertising.co.id\system\CodeIgniter.php(927): App\Controllers\Lembur->simpandata()
#9 D:\INSTALER\XAMP806\htdocs\maadvertising.co.id\system\CodeIgniter.php(482): CodeIgniter\CodeIgniter->runController(Object(App\Controllers\Lembur))
#10 D:\INSTALER\XAMP806\htdocs\maadvertising.co.id\system\CodeIgniter.php(351): CodeIgniter\CodeIgniter->handleRequest(NULL, Object(Config\Cache), false)
#11 D:\INSTALER\XAMP806\htdocs\maadvertising.co.id\public\index.php(67): CodeIgniter\CodeIgniter->run()
#12 {main}
CRITICAL - 2023-07-04 03:37:02 --> Duplicate entry '' for key 'PRIMARY'
in SYSTEMPATH\Database\MySQLi\Connection.php on line 292.
 1 SYSTEMPATH\Database\MySQLi\Connection.php(292): mysqli->query('INSERT INTO `tb_lembur` (`subtotallembur`) VALUES (\'2\')', 0)
 2 SYSTEMPATH\Database\BaseConnection.php(666): CodeIgniter\Database\MySQLi\Connection->execute('INSERT INTO `tb_lembur` (`subtotallembur`) VALUES (\'2\')')
 3 SYSTEMPATH\Database\BaseConnection.php(593): CodeIgniter\Database\BaseConnection->simpleQuery('INSERT INTO `tb_lembur` (`subtotallembur`) VALUES (\'2\')')
 4 SYSTEMPATH\Database\BaseBuilder.php(1916): CodeIgniter\Database\BaseConnection->query('INSERT INTO `tb_lembur` (`subtotallembur`) VALUES (:subtotallembur:)', [...], false)
 5 SYSTEMPATH\Model.php(279): CodeIgniter\Database\BaseBuilder->insert()
 6 SYSTEMPATH\BaseModel.php(749): CodeIgniter\Model->doInsert([...])
 7 SYSTEMPATH\Model.php(667): CodeIgniter\BaseModel->insert([...], true)
 8 APPPATH\Controllers\Lembur.php(255): CodeIgniter\Model->insert([...])
 9 SYSTEMPATH\CodeIgniter.php(927): App\Controllers\Lembur->simpandata()
10 SYSTEMPATH\CodeIgniter.php(482): CodeIgniter\CodeIgniter->runController(Object(App\Controllers\Lembur))
11 SYSTEMPATH\CodeIgniter.php(351): CodeIgniter\CodeIgniter->handleRequest(null, Object(Config\Cache), false)
12 FCPATH\index.php(67): CodeIgniter\CodeIgniter->run()
CRITICAL - 2023-07-04 03:47:54 --> Undefined array key "idkaryawan_kelalain"
in APPPATH\Controllers\Lembur.php on line 387.
 1 APPPATH\Controllers\Lembur.php(387): CodeIgniter\Debug\Exceptions->errorHandler(2, 'Undefined array key "idkaryawan_kelalain"', 'APPPATH\\Controllers\\Lembur.php', 387)
 2 SYSTEMPATH\CodeIgniter.php(927): App\Controllers\Lembur->edit('7')
 3 SYSTEMPATH\CodeIgniter.php(482): CodeIgniter\CodeIgniter->runController(Object(App\Controllers\Lembur))
 4 SYSTEMPATH\CodeIgniter.php(351): CodeIgniter\CodeIgniter->handleRequest(null, Object(Config\Cache), false)
 5 FCPATH\index.php(67): CodeIgniter\CodeIgniter->run()
CRITICAL - 2023-07-04 03:53:06 --> Trying to access array offset on value of type null
in APPPATH\Controllers\Lembur.php on line 389.
 1 APPPATH\Controllers\Lembur.php(389): CodeIgniter\Debug\Exceptions->errorHandler(2, 'Trying to access array offset on value of type null', 'APPPATH\\Controllers\\Lembur.php', 389)
 2 SYSTEMPATH\CodeIgniter.php(927): App\Controllers\Lembur->edit('7')
 3 SYSTEMPATH\CodeIgniter.php(482): CodeIgniter\CodeIgniter->runController(Object(App\Controllers\Lembur))
 4 SYSTEMPATH\CodeIgniter.php(351): CodeIgniter\CodeIgniter->handleRequest(null, Object(Config\Cache), false)
 5 FCPATH\index.php(67): CodeIgniter\CodeIgniter->run()
CRITICAL - 2023-07-04 03:55:05 --> Trying to access array offset on value of type null
in APPPATH\Controllers\Lembur.php on line 389.
 1 APPPATH\Controllers\Lembur.php(389): CodeIgniter\Debug\Exceptions->errorHandler(2, 'Trying to access array offset on value of type null', 'APPPATH\\Controllers\\Lembur.php', 389)
 2 SYSTEMPATH\CodeIgniter.php(927): App\Controllers\Lembur->edit('7')
 3 SYSTEMPATH\CodeIgniter.php(482): CodeIgniter\CodeIgniter->runController(Object(App\Controllers\Lembur))
 4 SYSTEMPATH\CodeIgniter.php(351): CodeIgniter\CodeIgniter->handleRequest(null, Object(Config\Cache), false)
 5 FCPATH\index.php(67): CodeIgniter\CodeIgniter->run()
CRITICAL - 2023-07-04 03:55:06 --> Trying to access array offset on value of type null
in APPPATH\Controllers\Lembur.php on line 389.
 1 APPPATH\Controllers\Lembur.php(389): CodeIgniter\Debug\Exceptions->errorHandler(2, 'Trying to access array offset on value of type null', 'APPPATH\\Controllers\\Lembur.php', 389)
 2 SYSTEMPATH\CodeIgniter.php(927): App\Controllers\Lembur->edit('7')
 3 SYSTEMPATH\CodeIgniter.php(482): CodeIgniter\CodeIgniter->runController(Object(App\Controllers\Lembur))
 4 SYSTEMPATH\CodeIgniter.php(351): CodeIgniter\CodeIgniter->handleRequest(null, Object(Config\Cache), false)
 5 FCPATH\index.php(67): CodeIgniter\CodeIgniter->run()
CRITICAL - 2023-07-04 03:55:06 --> Trying to access array offset on value of type null
in APPPATH\Controllers\Lembur.php on line 389.
 1 APPPATH\Controllers\Lembur.php(389): CodeIgniter\Debug\Exceptions->errorHandler(2, 'Trying to access array offset on value of type null', 'APPPATH\\Controllers\\Lembur.php', 389)
 2 SYSTEMPATH\CodeIgniter.php(927): App\Controllers\Lembur->edit('7')
 3 SYSTEMPATH\CodeIgniter.php(482): CodeIgniter\CodeIgniter->runController(Object(App\Controllers\Lembur))
 4 SYSTEMPATH\CodeIgniter.php(351): CodeIgniter\CodeIgniter->handleRequest(null, Object(Config\Cache), false)
 5 FCPATH\index.php(67): CodeIgniter\CodeIgniter->run()
CRITICAL - 2023-07-04 03:55:08 --> Trying to access array offset on value of type null
in APPPATH\Controllers\Lembur.php on line 389.
 1 APPPATH\Controllers\Lembur.php(389): CodeIgniter\Debug\Exceptions->errorHandler(2, 'Trying to access array offset on value of type null', 'APPPATH\\Controllers\\Lembur.php', 389)
 2 SYSTEMPATH\CodeIgniter.php(927): App\Controllers\Lembur->edit('7')
 3 SYSTEMPATH\CodeIgniter.php(482): CodeIgniter\CodeIgniter->runController(Object(App\Controllers\Lembur))
 4 SYSTEMPATH\CodeIgniter.php(351): CodeIgniter\CodeIgniter->handleRequest(null, Object(Config\Cache), false)
 5 FCPATH\index.php(67): CodeIgniter\CodeIgniter->run()
CRITICAL - 2023-07-04 04:06:32 --> There is no data to update.
in SYSTEMPATH\BaseModel.php on line 867.
 1 SYSTEMPATH\BaseModel.php(867): CodeIgniter\Database\Exceptions\DataException::forEmptyDataset('update')
 2 SYSTEMPATH\Model.php(693): CodeIgniter\BaseModel->update([...], [])
 3 APPPATH\Controllers\Lembur.php(341): CodeIgniter\Model->update('LEM-18010723', [...])
 4 SYSTEMPATH\CodeIgniter.php(927): App\Controllers\Lembur->updatedata()
 5 SYSTEMPATH\CodeIgniter.php(482): CodeIgniter\CodeIgniter->runController(Object(App\Controllers\Lembur))
 6 SYSTEMPATH\CodeIgniter.php(351): CodeIgniter\CodeIgniter->handleRequest(null, Object(Config\Cache), false)
 7 FCPATH\index.php(67): CodeIgniter\CodeIgniter->run()
ERROR - 2023-07-04 04:11:23 --> mysqli_sql_exception: Column 'idkaryawan' in on clause is ambiguous in D:\INSTALER\XAMP806\htdocs\maadvertising.co.id\system\Database\MySQLi\Connection.php:292
Stack trace:
#0 D:\INSTALER\XAMP806\htdocs\maadvertising.co.id\system\Database\MySQLi\Connection.php(292): mysqli->query('SELECT COUNT(*)...', 0)
#1 D:\INSTALER\XAMP806\htdocs\maadvertising.co.id\system\Database\BaseConnection.php(666): CodeIgniter\Database\MySQLi\Connection->execute('SELECT COUNT(*)...')
#2 D:\INSTALER\XAMP806\htdocs\maadvertising.co.id\system\Database\BaseConnection.php(593): CodeIgniter\Database\BaseConnection->simpleQuery('SELECT COUNT(*)...')
#3 D:\INSTALER\XAMP806\htdocs\maadvertising.co.id\system\Database\BaseBuilder.php(1669): CodeIgniter\Database\BaseConnection->query('SELECT COUNT(*)...', Array, false)
#4 D:\INSTALER\XAMP806\htdocs\maadvertising.co.id\system\Model.php(551): CodeIgniter\Database\BaseBuilder->countAllResults(false)
#5 D:\INSTALER\XAMP806\htdocs\maadvertising.co.id\system\BaseModel.php(1106): CodeIgniter\Model->countAllResults(false)
#6 D:\INSTALER\XAMP806\htdocs\maadvertising.co.id\app\Controllers\Lembur.php(67): CodeIgniter\BaseModel->paginate(10, 'nomor')
#7 D:\INSTALER\XAMP806\htdocs\maadvertising.co.id\system\CodeIgniter.php(927): App\Controllers\Lembur->dataperbulan()
#8 D:\INSTALER\XAMP806\htdocs\maadvertising.co.id\system\CodeIgniter.php(482): CodeIgniter\CodeIgniter->runController(Object(App\Controllers\Lembur))
#9 D:\INSTALER\XAMP806\htdocs\maadvertising.co.id\system\CodeIgniter.php(351): CodeIgniter\CodeIgniter->handleRequest(NULL, Object(Config\Cache), false)
#10 D:\INSTALER\XAMP806\htdocs\maadvertising.co.id\public\index.php(67): CodeIgniter\CodeIgniter->run()
#11 {main}
CRITICAL - 2023-07-04 04:11:23 --> Column 'idkaryawan' in on clause is ambiguous
in SYSTEMPATH\Database\MySQLi\Connection.php on line 292.
 1 SYSTEMPATH\Database\MySQLi\Connection.php(292): mysqli->query('SELECT COUNT(*) AS `numrows`
FROM `tb_lembur`
JOIN `tb_karyawan` ON `idkaryawan`=`idkaryawan`
WHERE MONTH(bulanlembur) = \'07\'
AND YEAR(bulanlembur) = \'2023\'', 0)
 2 SYSTEMPATH\Database\BaseConnection.php(666): CodeIgniter\Database\MySQLi\Connection->execute('SELECT COUNT(*) AS `numrows`
FROM `tb_lembur`
JOIN `tb_karyawan` ON `idkaryawan`=`idkaryawan`
WHERE MONTH(bulanlembur) = \'07\'
AND YEAR(bulanlembur) = \'2023\'')
 3 SYSTEMPATH\Database\BaseConnection.php(593): CodeIgniter\Database\BaseConnection->simpleQuery('SELECT COUNT(*) AS `numrows`
FROM `tb_lembur`
JOIN `tb_karyawan` ON `idkaryawan`=`idkaryawan`
WHERE MONTH(bulanlembur) = \'07\'
AND YEAR(bulanlembur) = \'2023\'')
 4 SYSTEMPATH\Database\BaseBuilder.php(1669): CodeIgniter\Database\BaseConnection->query('SELECT COUNT(*) AS `numrows`
FROM `tb_lembur`
JOIN `tb_karyawan` ON `idkaryawan`=`idkaryawan`
WHERE MONTH(bulanlembur) = :MONTH(bulanlembur):
AND YEAR(bulanlembur) = :YEAR(bulanlembur):', [...], false)
 5 SYSTEMPATH\Model.php(551): CodeIgniter\Database\BaseBuilder->countAllResults(false)
 6 SYSTEMPATH\BaseModel.php(1106): CodeIgniter\Model->countAllResults(false)
 7 APPPATH\Controllers\Lembur.php(67): CodeIgniter\BaseModel->paginate(10, 'nomor')
 8 SYSTEMPATH\CodeIgniter.php(927): App\Controllers\Lembur->dataperbulan()
 9 SYSTEMPATH\CodeIgniter.php(482): CodeIgniter\CodeIgniter->runController(Object(App\Controllers\Lembur))
10 SYSTEMPATH\CodeIgniter.php(351): CodeIgniter\CodeIgniter->handleRequest(null, Object(Config\Cache), false)
11 FCPATH\index.php(67): CodeIgniter\CodeIgniter->run()
ERROR - 2023-07-04 04:12:35 --> mysqli_sql_exception: Unknown column 'tb_detail_lembur.idkaryawan' in 'on clause' in D:\INSTALER\XAMP806\htdocs\maadvertising.co.id\system\Database\MySQLi\Connection.php:292
Stack trace:
#0 D:\INSTALER\XAMP806\htdocs\maadvertising.co.id\system\Database\MySQLi\Connection.php(292): mysqli->query('SELECT COUNT(*)...', 0)
#1 D:\INSTALER\XAMP806\htdocs\maadvertising.co.id\system\Database\BaseConnection.php(666): CodeIgniter\Database\MySQLi\Connection->execute('SELECT COUNT(*)...')
#2 D:\INSTALER\XAMP806\htdocs\maadvertising.co.id\system\Database\BaseConnection.php(593): CodeIgniter\Database\BaseConnection->simpleQuery('SELECT COUNT(*)...')
#3 D:\INSTALER\XAMP806\htdocs\maadvertising.co.id\system\Database\BaseBuilder.php(1669): CodeIgniter\Database\BaseConnection->query('SELECT COUNT(*)...', Array, false)
#4 D:\INSTALER\XAMP806\htdocs\maadvertising.co.id\system\Model.php(551): CodeIgniter\Database\BaseBuilder->countAllResults(false)
#5 D:\INSTALER\XAMP806\htdocs\maadvertising.co.id\system\BaseModel.php(1106): CodeIgniter\Model->countAllResults(false)
#6 D:\INSTALER\XAMP806\htdocs\maadvertising.co.id\app\Controllers\Lembur.php(67): CodeIgniter\BaseModel->paginate(10, 'nomor')
#7 D:\INSTALER\XAMP806\htdocs\maadvertising.co.id\system\CodeIgniter.php(927): App\Controllers\Lembur->dataperbulan()
#8 D:\INSTALER\XAMP806\htdocs\maadvertising.co.id\system\CodeIgniter.php(482): CodeIgniter\CodeIgniter->runController(Object(App\Controllers\Lembur))
#9 D:\INSTALER\XAMP806\htdocs\maadvertising.co.id\system\CodeIgniter.php(351): CodeIgniter\CodeIgniter->handleRequest(NULL, Object(Config\Cache), false)
#10 D:\INSTALER\XAMP806\htdocs\maadvertising.co.id\public\index.php(67): CodeIgniter\CodeIgniter->run()
#11 {main}
CRITICAL - 2023-07-04 04:12:35 --> Unknown column 'tb_detail_lembur.idkaryawan' in 'on clause'
in SYSTEMPATH\Database\MySQLi\Connection.php on line 292.
 1 SYSTEMPATH\Database\MySQLi\Connection.php(292): mysqli->query('SELECT COUNT(*) AS `numrows`
FROM `tb_lembur`
JOIN `tb_karyawan` ON `tb_karyawan`.`idkaryawan`=`tb_detail_lembur`.`idkaryawan`
WHERE MONTH(bulanlembur) = \'07\'
AND YEAR(bulanlembur) = \'2023\'', 0)
 2 SYSTEMPATH\Database\BaseConnection.php(666): CodeIgniter\Database\MySQLi\Connection->execute('SELECT COUNT(*) AS `numrows`
FROM `tb_lembur`
JOIN `tb_karyawan` ON `tb_karyawan`.`idkaryawan`=`tb_detail_lembur`.`idkaryawan`
WHERE MONTH(bulanlembur) = \'07\'
AND YEAR(bulanlembur) = \'2023\'')
 3 SYSTEMPATH\Database\BaseConnection.php(593): CodeIgniter\Database\BaseConnection->simpleQuery('SELECT COUNT(*) AS `numrows`
FROM `tb_lembur`
JOIN `tb_karyawan` ON `tb_karyawan`.`idkaryawan`=`tb_detail_lembur`.`idkaryawan`
WHERE MONTH(bulanlembur) = \'07\'
AND YEAR(bulanlembur) = \'2023\'')
 4 SYSTEMPATH\Database\BaseBuilder.php(1669): CodeIgniter\Database\BaseConnection->query('SELECT COUNT(*) AS `numrows`
FROM `tb_lembur`
JOIN `tb_karyawan` ON `tb_karyawan`.`idkaryawan`=`tb_detail_lembur`.`idkaryawan`
WHERE MONTH(bulanlembur) = :MONTH(bulanlembur):
AND YEAR(bulanlembur) = :YEAR(bulanlembur):', [...], false)
 5 SYSTEMPATH\Model.php(551): CodeIgniter\Database\BaseBuilder->countAllResults(false)
 6 SYSTEMPATH\BaseModel.php(1106): CodeIgniter\Model->countAllResults(false)
 7 APPPATH\Controllers\Lembur.php(67): CodeIgniter\BaseModel->paginate(10, 'nomor')
 8 SYSTEMPATH\CodeIgniter.php(927): App\Controllers\Lembur->dataperbulan()
 9 SYSTEMPATH\CodeIgniter.php(482): CodeIgniter\CodeIgniter->runController(Object(App\Controllers\Lembur))
10 SYSTEMPATH\CodeIgniter.php(351): CodeIgniter\CodeIgniter->handleRequest(null, Object(Config\Cache), false)
11 FCPATH\index.php(67): CodeIgniter\CodeIgniter->run()
ERROR - 2023-07-04 04:12:56 --> mysqli_sql_exception: Unknown column 'tgl' in 'order clause' in D:\INSTALER\XAMP806\htdocs\maadvertising.co.id\system\Database\MySQLi\Connection.php:292
Stack trace:
#0 D:\INSTALER\XAMP806\htdocs\maadvertising.co.id\system\Database\MySQLi\Connection.php(292): mysqli->query('SELECT *\nFROM `...', 0)
#1 D:\INSTALER\XAMP806\htdocs\maadvertising.co.id\system\Database\BaseConnection.php(666): CodeIgniter\Database\MySQLi\Connection->execute('SELECT *\nFROM `...')
#2 D:\INSTALER\XAMP806\htdocs\maadvertising.co.id\system\Database\BaseConnection.php(593): CodeIgniter\Database\BaseConnection->simpleQuery('SELECT *\nFROM `...')
#3 D:\INSTALER\XAMP806\htdocs\maadvertising.co.id\system\Database\BaseBuilder.php(1585): CodeIgniter\Database\BaseConnection->query('SELECT *\nFROM `...', Array, false)
#4 D:\INSTALER\XAMP806\htdocs\maadvertising.co.id\system\Model.php(223): CodeIgniter\Database\BaseBuilder->get()
#5 D:\INSTALER\XAMP806\htdocs\maadvertising.co.id\system\BaseModel.php(585): CodeIgniter\Model->doFindAll(10, 0)
#6 D:\INSTALER\XAMP806\htdocs\maadvertising.co.id\system\BaseModel.php(1110): CodeIgniter\BaseModel->findAll(10, 0)
#7 D:\INSTALER\XAMP806\htdocs\maadvertising.co.id\app\Controllers\Lembur.php(67): CodeIgniter\BaseModel->paginate(10, 'nomor')
#8 D:\INSTALER\XAMP806\htdocs\maadvertising.co.id\system\CodeIgniter.php(927): App\Controllers\Lembur->dataperbulan()
#9 D:\INSTALER\XAMP806\htdocs\maadvertising.co.id\system\CodeIgniter.php(482): CodeIgniter\CodeIgniter->runController(Object(App\Controllers\Lembur))
#10 D:\INSTALER\XAMP806\htdocs\maadvertising.co.id\system\CodeIgniter.php(351): CodeIgniter\CodeIgniter->handleRequest(NULL, Object(Config\Cache), false)
#11 D:\INSTALER\XAMP806\htdocs\maadvertising.co.id\public\index.php(67): CodeIgniter\CodeIgniter->run()
#12 {main}
CRITICAL - 2023-07-04 04:12:56 --> Unknown column 'tgl' in 'order clause'
in SYSTEMPATH\Database\MySQLi\Connection.php on line 292.
 1 SYSTEMPATH\Database\MySQLi\Connection.php(292): mysqli->query('SELECT *
FROM `tb_lembur`
JOIN `tb_karyawan` ON `tb_karyawan`.`idkaryawan`=`tb_lembur`.`idkaryawan`
WHERE MONTH(bulanlembur) = \'07\'
AND YEAR(bulanlembur) = \'2023\'
ORDER BY `tgl` DESC
 LIMIT 10', 0)
 2 SYSTEMPATH\Database\BaseConnection.php(666): CodeIgniter\Database\MySQLi\Connection->execute('SELECT *
FROM `tb_lembur`
JOIN `tb_karyawan` ON `tb_karyawan`.`idkaryawan`=`tb_lembur`.`idkaryawan`
WHERE MONTH(bulanlembur) = \'07\'
AND YEAR(bulanlembur) = \'2023\'
ORDER BY `tgl` DESC
 LIMIT 10')
 3 SYSTEMPATH\Database\BaseConnection.php(593): CodeIgniter\Database\BaseConnection->simpleQuery('SELECT *
FROM `tb_lembur`
JOIN `tb_karyawan` ON `tb_karyawan`.`idkaryawan`=`tb_lembur`.`idkaryawan`
WHERE MONTH(bulanlembur) = \'07\'
AND YEAR(bulanlembur) = \'2023\'
ORDER BY `tgl` DESC
 LIMIT 10')
 4 SYSTEMPATH\Database\BaseBuilder.php(1585): CodeIgniter\Database\BaseConnection->query('SELECT *
FROM `tb_lembur`
JOIN `tb_karyawan` ON `tb_karyawan`.`idkaryawan`=`tb_lembur`.`idkaryawan`
WHERE MONTH(bulanlembur) = :MONTH(bulanlembur):
AND YEAR(bulanlembur) = :YEAR(bulanlembur):
ORDER BY `tgl` DESC
 LIMIT 10', [...], false)
 5 SYSTEMPATH\Model.php(223): CodeIgniter\Database\BaseBuilder->get()
 6 SYSTEMPATH\BaseModel.php(585): CodeIgniter\Model->doFindAll(10, 0)
 7 SYSTEMPATH\BaseModel.php(1110): CodeIgniter\BaseModel->findAll(10, 0)
 8 APPPATH\Controllers\Lembur.php(67): CodeIgniter\BaseModel->paginate(10, 'nomor')
 9 SYSTEMPATH\CodeIgniter.php(927): App\Controllers\Lembur->dataperbulan()
10 SYSTEMPATH\CodeIgniter.php(482): CodeIgniter\CodeIgniter->runController(Object(App\Controllers\Lembur))
11 SYSTEMPATH\CodeIgniter.php(351): CodeIgniter\CodeIgniter->handleRequest(null, Object(Config\Cache), false)
12 FCPATH\index.php(67): CodeIgniter\CodeIgniter->run()
CRITICAL - 2023-07-04 04:14:09 --> Undefined array key "subtotal_kelalaian"
in APPPATH\Views\kelalaian\dataKelalaianperbulan.php on line 135.
 1 APPPATH\Views\kelalaian\dataKelalaianperbulan.php(135): CodeIgniter\Debug\Exceptions->errorHandler(2, 'Undefined array key "subtotal_kelalaian"', 'APPPATH\\Views\\kelalaian\\dataKelalaianperbulan.php', 135)
 2 SYSTEMPATH\View\View.php(213): include('APPPATH\\Views\\kelalaian\\dataKelalaianperbulan.php')
 3 SYSTEMPATH\View\View.php(216): CodeIgniter\View\View->CodeIgniter\View\{closure}()
 4 SYSTEMPATH\Common.php(1134): CodeIgniter\View\View->render('Kelalaian/dataKelalaianperbulan', [], true)
 5 APPPATH\Controllers\Lembur.php(82): view('Kelalaian/dataKelalaianperbulan', [...])
 6 SYSTEMPATH\CodeIgniter.php(927): App\Controllers\Lembur->dataperbulan()
 7 SYSTEMPATH\CodeIgniter.php(482): CodeIgniter\CodeIgniter->runController(Object(App\Controllers\Lembur))
 8 SYSTEMPATH\CodeIgniter.php(351): CodeIgniter\CodeIgniter->handleRequest(null, Object(Config\Cache), false)
 9 FCPATH\index.php(67): CodeIgniter\CodeIgniter->run()
CRITICAL - 2023-07-04 04:14:36 --> Undefined array key "subtotal_kelalaian"
in APPPATH\Views\lembur\datalemburperbulan.php on line 135.
 1 APPPATH\Views\lembur\datalemburperbulan.php(135): CodeIgniter\Debug\Exceptions->errorHandler(2, 'Undefined array key "subtotal_kelalaian"', 'APPPATH\\Views\\lembur\\datalemburperbulan.php', 135)
 2 SYSTEMPATH\View\View.php(213): include('APPPATH\\Views\\lembur\\datalemburperbulan.php')
 3 SYSTEMPATH\View\View.php(216): CodeIgniter\View\View->CodeIgniter\View\{closure}()
 4 SYSTEMPATH\Common.php(1134): CodeIgniter\View\View->render('Lembur/datalemburperbulan', [], true)
 5 APPPATH\Controllers\Lembur.php(82): view('Lembur/datalemburperbulan', [...])
 6 SYSTEMPATH\CodeIgniter.php(927): App\Controllers\Lembur->dataperbulan()
 7 SYSTEMPATH\CodeIgniter.php(482): CodeIgniter\CodeIgniter->runController(Object(App\Controllers\Lembur))
 8 SYSTEMPATH\CodeIgniter.php(351): CodeIgniter\CodeIgniter->handleRequest(null, Object(Config\Cache), false)
 9 FCPATH\index.php(67): CodeIgniter\CodeIgniter->run()
CRITICAL - 2023-07-04 04:14:37 --> Undefined array key "subtotal_kelalaian"
in APPPATH\Views\lembur\datalemburperbulan.php on line 135.
 1 APPPATH\Views\lembur\datalemburperbulan.php(135): CodeIgniter\Debug\Exceptions->errorHandler(2, 'Undefined array key "subtotal_kelalaian"', 'APPPATH\\Views\\lembur\\datalemburperbulan.php', 135)
 2 SYSTEMPATH\View\View.php(213): include('APPPATH\\Views\\lembur\\datalemburperbulan.php')
 3 SYSTEMPATH\View\View.php(216): CodeIgniter\View\View->CodeIgniter\View\{closure}()
 4 SYSTEMPATH\Common.php(1134): CodeIgniter\View\View->render('Lembur/datalemburperbulan', [], true)
 5 APPPATH\Controllers\Lembur.php(82): view('Lembur/datalemburperbulan', [...])
 6 SYSTEMPATH\CodeIgniter.php(927): App\Controllers\Lembur->dataperbulan()
 7 SYSTEMPATH\CodeIgniter.php(482): CodeIgniter\CodeIgniter->runController(Object(App\Controllers\Lembur))
 8 SYSTEMPATH\CodeIgniter.php(351): CodeIgniter\CodeIgniter->handleRequest(null, Object(Config\Cache), false)
 9 FCPATH\index.php(67): CodeIgniter\CodeIgniter->run()
CRITICAL - 2023-07-04 04:14:38 --> Undefined array key "subtotal_kelalaian"
in APPPATH\Views\lembur\datalemburperbulan.php on line 135.
 1 APPPATH\Views\lembur\datalemburperbulan.php(135): CodeIgniter\Debug\Exceptions->errorHandler(2, 'Undefined array key "subtotal_kelalaian"', 'APPPATH\\Views\\lembur\\datalemburperbulan.php', 135)
 2 SYSTEMPATH\View\View.php(213): include('APPPATH\\Views\\lembur\\datalemburperbulan.php')
 3 SYSTEMPATH\View\View.php(216): CodeIgniter\View\View->CodeIgniter\View\{closure}()
 4 SYSTEMPATH\Common.php(1134): CodeIgniter\View\View->render('Lembur/datalemburperbulan', [], true)
 5 APPPATH\Controllers\Lembur.php(82): view('Lembur/datalemburperbulan', [...])
 6 SYSTEMPATH\CodeIgniter.php(927): App\Controllers\Lembur->dataperbulan()
 7 SYSTEMPATH\CodeIgniter.php(482): CodeIgniter\CodeIgniter->runController(Object(App\Controllers\Lembur))
 8 SYSTEMPATH\CodeIgniter.php(351): CodeIgniter\CodeIgniter->handleRequest(null, Object(Config\Cache), false)
 9 FCPATH\index.php(67): CodeIgniter\CodeIgniter->run()
CRITICAL - 2023-07-04 04:14:38 --> Undefined array key "subtotal_kelalaian"
in APPPATH\Views\lembur\datalemburperbulan.php on line 135.
 1 APPPATH\Views\lembur\datalemburperbulan.php(135): CodeIgniter\Debug\Exceptions->errorHandler(2, 'Undefined array key "subtotal_kelalaian"', 'APPPATH\\Views\\lembur\\datalemburperbulan.php', 135)
 2 SYSTEMPATH\View\View.php(213): include('APPPATH\\Views\\lembur\\datalemburperbulan.php')
 3 SYSTEMPATH\View\View.php(216): CodeIgniter\View\View->CodeIgniter\View\{closure}()
 4 SYSTEMPATH\Common.php(1134): CodeIgniter\View\View->render('Lembur/datalemburperbulan', [], true)
 5 APPPATH\Controllers\Lembur.php(82): view('Lembur/datalemburperbulan', [...])
 6 SYSTEMPATH\CodeIgniter.php(927): App\Controllers\Lembur->dataperbulan()
 7 SYSTEMPATH\CodeIgniter.php(482): CodeIgniter\CodeIgniter->runController(Object(App\Controllers\Lembur))
 8 SYSTEMPATH\CodeIgniter.php(351): CodeIgniter\CodeIgniter->handleRequest(null, Object(Config\Cache), false)
 9 FCPATH\index.php(67): CodeIgniter\CodeIgniter->run()
CRITICAL - 2023-07-04 04:14:38 --> Undefined array key "subtotal_kelalaian"
in APPPATH\Views\lembur\datalemburperbulan.php on line 135.
 1 APPPATH\Views\lembur\datalemburperbulan.php(135): CodeIgniter\Debug\Exceptions->errorHandler(2, 'Undefined array key "subtotal_kelalaian"', 'APPPATH\\Views\\lembur\\datalemburperbulan.php', 135)
 2 SYSTEMPATH\View\View.php(213): include('APPPATH\\Views\\lembur\\datalemburperbulan.php')
 3 SYSTEMPATH\View\View.php(216): CodeIgniter\View\View->CodeIgniter\View\{closure}()
 4 SYSTEMPATH\Common.php(1134): CodeIgniter\View\View->render('Lembur/datalemburperbulan', [], true)
 5 APPPATH\Controllers\Lembur.php(82): view('Lembur/datalemburperbulan', [...])
 6 SYSTEMPATH\CodeIgniter.php(927): App\Controllers\Lembur->dataperbulan()
 7 SYSTEMPATH\CodeIgniter.php(482): CodeIgniter\CodeIgniter->runController(Object(App\Controllers\Lembur))
 8 SYSTEMPATH\CodeIgniter.php(351): CodeIgniter\CodeIgniter->handleRequest(null, Object(Config\Cache), false)
 9 FCPATH\index.php(67): CodeIgniter\CodeIgniter->run()
CRITICAL - 2023-07-04 04:15:52 --> Undefined array key "subtotal_kelalaian"
in APPPATH\Views\lembur\datalemburperbulan.php on line 135.
 1 APPPATH\Views\lembur\datalemburperbulan.php(135): CodeIgniter\Debug\Exceptions->errorHandler(2, 'Undefined array key "subtotal_kelalaian"', 'APPPATH\\Views\\lembur\\datalemburperbulan.php', 135)
 2 SYSTEMPATH\View\View.php(213): include('APPPATH\\Views\\lembur\\datalemburperbulan.php')
 3 SYSTEMPATH\View\View.php(216): CodeIgniter\View\View->CodeIgniter\View\{closure}()
 4 SYSTEMPATH\Common.php(1134): CodeIgniter\View\View->render('Lembur/datalemburperbulan', [], true)
 5 APPPATH\Controllers\Lembur.php(82): view('Lembur/datalemburperbulan', [...])
 6 SYSTEMPATH\CodeIgniter.php(927): App\Controllers\Lembur->dataperbulan()
 7 SYSTEMPATH\CodeIgniter.php(482): CodeIgniter\CodeIgniter->runController(Object(App\Controllers\Lembur))
 8 SYSTEMPATH\CodeIgniter.php(351): CodeIgniter\CodeIgniter->handleRequest(null, Object(Config\Cache), false)
 9 FCPATH\index.php(67): CodeIgniter\CodeIgniter->run()
CRITICAL - 2023-07-04 04:17:57 --> Undefined array key "tgl_kelalaian"
in APPPATH\Views\lembur\datalemburperbulan.php on line 179.
 1 APPPATH\Views\lembur\datalemburperbulan.php(179): CodeIgniter\Debug\Exceptions->errorHandler(2, 'Undefined array key "tgl_kelalaian"', 'APPPATH\\Views\\lembur\\datalemburperbulan.php', 179)
 2 SYSTEMPATH\View\View.php(213): include('APPPATH\\Views\\lembur\\datalemburperbulan.php')
 3 SYSTEMPATH\View\View.php(216): CodeIgniter\View\View->CodeIgniter\View\{closure}()
 4 SYSTEMPATH\Common.php(1134): CodeIgniter\View\View->render('Lembur/datalemburperbulan', [], true)
 5 APPPATH\Controllers\Lembur.php(82): view('Lembur/datalemburperbulan', [...])
 6 SYSTEMPATH\CodeIgniter.php(927): App\Controllers\Lembur->dataperbulan()
 7 SYSTEMPATH\CodeIgniter.php(482): CodeIgniter\CodeIgniter->runController(Object(App\Controllers\Lembur))
 8 SYSTEMPATH\CodeIgniter.php(351): CodeIgniter\CodeIgniter->handleRequest(null, Object(Config\Cache), false)
 9 FCPATH\index.php(67): CodeIgniter\CodeIgniter->run()
CRITICAL - 2023-07-04 21:04:33 --> Undefined variable $masukjamkerja
in APPPATH\Controllers\API\InputAbsensiIzinKaryawanApi.php on line 168.
 1 APPPATH\Controllers\API\InputAbsensiIzinKaryawanApi.php(168): CodeIgniter\Debug\Exceptions->errorHandler(2, 'Undefined variable $masukjamkerja', 'APPPATH\\Controllers\\API\\InputAbsensiIzinKaryawanApi.php', 168)
 2 SYSTEMPATH\CodeIgniter.php(927): App\Controllers\API\InputAbsensiIzinKaryawanApi->create()
 3 SYSTEMPATH\CodeIgniter.php(482): CodeIgniter\CodeIgniter->runController(Object(App\Controllers\API\InputAbsensiIzinKaryawanApi))
 4 SYSTEMPATH\CodeIgniter.php(351): CodeIgniter\CodeIgniter->handleRequest(null, Object(Config\Cache), false)
 5 FCPATH\index.php(67): CodeIgniter\CodeIgniter->run()
ERROR - 2023-07-04 21:29:24 --> mysqli_sql_exception: Unknown column 'tgl' in 'order clause' in D:\INSTALER\XAMP806\htdocs\maadvertising.co.id\system\Database\MySQLi\Connection.php:292
Stack trace:
#0 D:\INSTALER\XAMP806\htdocs\maadvertising.co.id\system\Database\MySQLi\Connection.php(292): mysqli->query('SELECT *\nFROM `...', 0)
#1 D:\INSTALER\XAMP806\htdocs\maadvertising.co.id\system\Database\BaseConnection.php(666): CodeIgniter\Database\MySQLi\Connection->execute('SELECT *\nFROM `...')
#2 D:\INSTALER\XAMP806\htdocs\maadvertising.co.id\system\Database\BaseConnection.php(593): CodeIgniter\Database\BaseConnection->simpleQuery('SELECT *\nFROM `...')
#3 D:\INSTALER\XAMP806\htdocs\maadvertising.co.id\system\Database\BaseBuilder.php(1585): CodeIgniter\Database\BaseConnection->query('SELECT *\nFROM `...', Array, false)
#4 D:\INSTALER\XAMP806\htdocs\maadvertising.co.id\system\Model.php(223): CodeIgniter\Database\BaseBuilder->get()
#5 D:\INSTALER\XAMP806\htdocs\maadvertising.co.id\system\BaseModel.php(585): CodeIgniter\Model->doFindAll(10, 0)
#6 D:\INSTALER\XAMP806\htdocs\maadvertising.co.id\system\BaseModel.php(1110): CodeIgniter\BaseModel->findAll(10, 0)
#7 D:\INSTALER\XAMP806\htdocs\maadvertising.co.id\app\Controllers\Absensi.php(64): CodeIgniter\BaseModel->paginate(10, 'nomor')
#8 D:\INSTALER\XAMP806\htdocs\maadvertising.co.id\system\CodeIgniter.php(927): App\Controllers\Absensi->dataperbulan()
#9 D:\INSTALER\XAMP806\htdocs\maadvertising.co.id\system\CodeIgniter.php(482): CodeIgniter\CodeIgniter->runController(Object(App\Controllers\Absensi))
#10 D:\INSTALER\XAMP806\htdocs\maadvertising.co.id\system\CodeIgniter.php(351): CodeIgniter\CodeIgniter->handleRequest(NULL, Object(Config\Cache), false)
#11 D:\INSTALER\XAMP806\htdocs\maadvertising.co.id\public\index.php(67): CodeIgniter\CodeIgniter->run()
#12 {main}
CRITICAL - 2023-07-04 21:29:24 --> Unknown column 'tgl' in 'order clause'
in SYSTEMPATH\Database\MySQLi\Connection.php on line 292.
 1 SYSTEMPATH\Database\MySQLi\Connection.php(292): mysqli->query('SELECT *
FROM `tb_informasi_karyawan`
JOIN `tb_karyawan` ON `idkaryawan`=`id_user`
WHERE MONTH(Bulan_rekap_informasi) = \'07\'
AND YEAR(Bulan_rekap_informasi) = \'2023\'
ORDER BY `tgl` DESC
 LIMIT 10', 0)
 2 SYSTEMPATH\Database\BaseConnection.php(666): CodeIgniter\Database\MySQLi\Connection->execute('SELECT *
FROM `tb_informasi_karyawan`
JOIN `tb_karyawan` ON `idkaryawan`=`id_user`
WHERE MONTH(Bulan_rekap_informasi) = \'07\'
AND YEAR(Bulan_rekap_informasi) = \'2023\'
ORDER BY `tgl` DESC
 LIMIT 10')
 3 SYSTEMPATH\Database\BaseConnection.php(593): CodeIgniter\Database\BaseConnection->simpleQuery('SELECT *
FROM `tb_informasi_karyawan`
JOIN `tb_karyawan` ON `idkaryawan`=`id_user`
WHERE MONTH(Bulan_rekap_informasi) = \'07\'
AND YEAR(Bulan_rekap_informasi) = \'2023\'
ORDER BY `tgl` DESC
 LIMIT 10')
 4 SYSTEMPATH\Database\BaseBuilder.php(1585): CodeIgniter\Database\BaseConnection->query('SELECT *
FROM `tb_informasi_karyawan`
JOIN `tb_karyawan` ON `idkaryawan`=`id_user`
WHERE MONTH(Bulan_rekap_informasi) = :MONTH(Bulan_rekap_informasi):
AND YEAR(Bulan_rekap_informasi) = :YEAR(Bulan_rekap_informasi):
ORDER BY `tgl` DESC
 LIMIT 10', [...], false)
 5 SYSTEMPATH\Model.php(223): CodeIgniter\Database\BaseBuilder->get()
 6 SYSTEMPATH\BaseModel.php(585): CodeIgniter\Model->doFindAll(10, 0)
 7 SYSTEMPATH\BaseModel.php(1110): CodeIgniter\BaseModel->findAll(10, 0)
 8 APPPATH\Controllers\Absensi.php(64): CodeIgniter\BaseModel->paginate(10, 'nomor')
 9 SYSTEMPATH\CodeIgniter.php(927): App\Controllers\Absensi->dataperbulan()
10 SYSTEMPATH\CodeIgniter.php(482): CodeIgniter\CodeIgniter->runController(Object(App\Controllers\Absensi))
11 SYSTEMPATH\CodeIgniter.php(351): CodeIgniter\CodeIgniter->handleRequest(null, Object(Config\Cache), false)
12 FCPATH\index.php(67): CodeIgniter\CodeIgniter->run()
CRITICAL - 2023-07-04 21:30:58 --> Undefined array key "subtotal_kelalaian"
in APPPATH\Views\absensi\dataabsensiperbulan.php on line 135.
 1 APPPATH\Views\absensi\dataabsensiperbulan.php(135): CodeIgniter\Debug\Exceptions->errorHandler(2, 'Undefined array key "subtotal_kelalaian"', 'APPPATH\\Views\\absensi\\dataabsensiperbulan.php', 135)
 2 SYSTEMPATH\View\View.php(213): include('APPPATH\\Views\\absensi\\dataabsensiperbulan.php')
 3 SYSTEMPATH\View\View.php(216): CodeIgniter\View\View->CodeIgniter\View\{closure}()
 4 SYSTEMPATH\Common.php(1134): CodeIgniter\View\View->render('absensi/dataabsensiperbulan', [], true)
 5 APPPATH\Controllers\Absensi.php(79): view('absensi/dataabsensiperbulan', [...])
 6 SYSTEMPATH\CodeIgniter.php(927): App\Controllers\Absensi->dataperbulan()
 7 SYSTEMPATH\CodeIgniter.php(482): CodeIgniter\CodeIgniter->runController(Object(App\Controllers\Absensi))
 8 SYSTEMPATH\CodeIgniter.php(351): CodeIgniter\CodeIgniter->handleRequest(null, Object(Config\Cache), false)
 9 FCPATH\index.php(67): CodeIgniter\CodeIgniter->run()
CRITICAL - 2023-07-04 21:32:30 --> Undefined array key "subtotal_kelalaian"
in APPPATH\Views\absensi\dataabsensiperbulan.php on line 133.
 1 APPPATH\Views\absensi\dataabsensiperbulan.php(133): CodeIgniter\Debug\Exceptions->errorHandler(2, 'Undefined array key "subtotal_kelalaian"', 'APPPATH\\Views\\absensi\\dataabsensiperbulan.php', 133)
 2 SYSTEMPATH\View\View.php(213): include('APPPATH\\Views\\absensi\\dataabsensiperbulan.php')
 3 SYSTEMPATH\View\View.php(216): CodeIgniter\View\View->CodeIgniter\View\{closure}()
 4 SYSTEMPATH\Common.php(1134): CodeIgniter\View\View->render('absensi/dataabsensiperbulan', [], true)
 5 APPPATH\Controllers\Absensi.php(79): view('absensi/dataabsensiperbulan', [...])
 6 SYSTEMPATH\CodeIgniter.php(927): App\Controllers\Absensi->dataperbulan()
 7 SYSTEMPATH\CodeIgniter.php(482): CodeIgniter\CodeIgniter->runController(Object(App\Controllers\Absensi))
 8 SYSTEMPATH\CodeIgniter.php(351): CodeIgniter\CodeIgniter->handleRequest(null, Object(Config\Cache), false)
 9 FCPATH\index.php(67): CodeIgniter\CodeIgniter->run()
CRITICAL - 2023-07-04 21:33:19 --> Undefined array key "jumlah_kelalain"
in APPPATH\Views\absensi\dataabsensiperbulan.php on line 163.
 1 APPPATH\Views\absensi\dataabsensiperbulan.php(163): CodeIgniter\Debug\Exceptions->errorHandler(2, 'Undefined array key "jumlah_kelalain"', 'APPPATH\\Views\\absensi\\dataabsensiperbulan.php', 163)
 2 SYSTEMPATH\View\View.php(213): include('APPPATH\\Views\\absensi\\dataabsensiperbulan.php')
 3 SYSTEMPATH\View\View.php(216): CodeIgniter\View\View->CodeIgniter\View\{closure}()
 4 SYSTEMPATH\Common.php(1134): CodeIgniter\View\View->render('absensi/dataabsensiperbulan', [], true)
 5 APPPATH\Controllers\Absensi.php(79): view('absensi/dataabsensiperbulan', [...])
 6 SYSTEMPATH\CodeIgniter.php(927): App\Controllers\Absensi->dataperbulan()
 7 SYSTEMPATH\CodeIgniter.php(482): CodeIgniter\CodeIgniter->runController(Object(App\Controllers\Absensi))
 8 SYSTEMPATH\CodeIgniter.php(351): CodeIgniter\CodeIgniter->handleRequest(null, Object(Config\Cache), false)
 9 FCPATH\index.php(67): CodeIgniter\CodeIgniter->run()
CRITICAL - 2023-07-04 23:07:50 --> Undefined array key "tgl_kelalaian"
in APPPATH\Views\gaji\viewgaji.php on line 96.
 1 APPPATH\Views\gaji\viewgaji.php(96): CodeIgniter\Debug\Exceptions->errorHandler(2, 'Undefined array key "tgl_kelalaian"', 'APPPATH\\Views\\gaji\\viewgaji.php', 96)
 2 SYSTEMPATH\View\View.php(213): include('APPPATH\\Views\\gaji\\viewgaji.php')
 3 SYSTEMPATH\View\View.php(216): CodeIgniter\View\View->CodeIgniter\View\{closure}()
 4 SYSTEMPATH\Common.php(1134): CodeIgniter\View\View->render('gaji/viewgaji', [], true)
 5 APPPATH\Controllers\Penggajian.php(44): view('gaji/viewgaji', [...])
 6 SYSTEMPATH\CodeIgniter.php(927): App\Controllers\Penggajian->index()
 7 SYSTEMPATH\CodeIgniter.php(482): CodeIgniter\CodeIgniter->runController(Object(App\Controllers\Penggajian))
 8 SYSTEMPATH\CodeIgniter.php(351): CodeIgniter\CodeIgniter->handleRequest(null, Object(Config\Cache), false)
 9 FCPATH\index.php(67): CodeIgniter\CodeIgniter->run()
CRITICAL - 2023-07-04 23:08:55 --> Undefined array key "tgl_kelalaian"
in APPPATH\Views\gaji\viewgaji.php on line 96.
 1 APPPATH\Views\gaji\viewgaji.php(96): CodeIgniter\Debug\Exceptions->errorHandler(2, 'Undefined array key "tgl_kelalaian"', 'APPPATH\\Views\\gaji\\viewgaji.php', 96)
 2 SYSTEMPATH\View\View.php(213): include('APPPATH\\Views\\gaji\\viewgaji.php')
 3 SYSTEMPATH\View\View.php(216): CodeIgniter\View\View->CodeIgniter\View\{closure}()
 4 SYSTEMPATH\Common.php(1134): CodeIgniter\View\View->render('gaji/viewgaji', [], true)
 5 APPPATH\Controllers\Penggajian.php(44): view('gaji/viewgaji', [...])
 6 SYSTEMPATH\CodeIgniter.php(927): App\Controllers\Penggajian->index()
 7 SYSTEMPATH\CodeIgniter.php(482): CodeIgniter\CodeIgniter->runController(Object(App\Controllers\Penggajian))
 8 SYSTEMPATH\CodeIgniter.php(351): CodeIgniter\CodeIgniter->handleRequest(null, Object(Config\Cache), false)
 9 FCPATH\index.php(67): CodeIgniter\CodeIgniter->run()
CRITICAL - 2023-07-04 23:08:56 --> Undefined array key "tgl_kelalaian"
in APPPATH\Views\gaji\viewgaji.php on line 96.
 1 APPPATH\Views\gaji\viewgaji.php(96): CodeIgniter\Debug\Exceptions->errorHandler(2, 'Undefined array key "tgl_kelalaian"', 'APPPATH\\Views\\gaji\\viewgaji.php', 96)
 2 SYSTEMPATH\View\View.php(213): include('APPPATH\\Views\\gaji\\viewgaji.php')
 3 SYSTEMPATH\View\View.php(216): CodeIgniter\View\View->CodeIgniter\View\{closure}()
 4 SYSTEMPATH\Common.php(1134): CodeIgniter\View\View->render('gaji/viewgaji', [], true)
 5 APPPATH\Controllers\Penggajian.php(44): view('gaji/viewgaji', [...])
 6 SYSTEMPATH\CodeIgniter.php(927): App\Controllers\Penggajian->index()
 7 SYSTEMPATH\CodeIgniter.php(482): CodeIgniter\CodeIgniter->runController(Object(App\Controllers\Penggajian))
 8 SYSTEMPATH\CodeIgniter.php(351): CodeIgniter\CodeIgniter->handleRequest(null, Object(Config\Cache), false)
 9 FCPATH\index.php(67): CodeIgniter\CodeIgniter->run()
CRITICAL - 2023-07-04 23:08:57 --> Undefined array key "tgl_kelalaian"
in APPPATH\Views\gaji\viewgaji.php on line 96.
 1 APPPATH\Views\gaji\viewgaji.php(96): CodeIgniter\Debug\Exceptions->errorHandler(2, 'Undefined array key "tgl_kelalaian"', 'APPPATH\\Views\\gaji\\viewgaji.php', 96)
 2 SYSTEMPATH\View\View.php(213): include('APPPATH\\Views\\gaji\\viewgaji.php')
 3 SYSTEMPATH\View\View.php(216): CodeIgniter\View\View->CodeIgniter\View\{closure}()
 4 SYSTEMPATH\Common.php(1134): CodeIgniter\View\View->render('gaji/viewgaji', [], true)
 5 APPPATH\Controllers\Penggajian.php(44): view('gaji/viewgaji', [...])
 6 SYSTEMPATH\CodeIgniter.php(927): App\Controllers\Penggajian->index()
 7 SYSTEMPATH\CodeIgniter.php(482): CodeIgniter\CodeIgniter->runController(Object(App\Controllers\Penggajian))
 8 SYSTEMPATH\CodeIgniter.php(351): CodeIgniter\CodeIgniter->handleRequest(null, Object(Config\Cache), false)
 9 FCPATH\index.php(67): CodeIgniter\CodeIgniter->run()
CRITICAL - 2023-07-04 23:09:25 --> Undefined array key "tgl_kelalaian"
in APPPATH\Views\gaji\viewgaji.php on line 96.
 1 APPPATH\Views\gaji\viewgaji.php(96): CodeIgniter\Debug\Exceptions->errorHandler(2, 'Undefined array key "tgl_kelalaian"', 'APPPATH\\Views\\gaji\\viewgaji.php', 96)
 2 SYSTEMPATH\View\View.php(213): include('APPPATH\\Views\\gaji\\viewgaji.php')
 3 SYSTEMPATH\View\View.php(216): CodeIgniter\View\View->CodeIgniter\View\{closure}()
 4 SYSTEMPATH\Common.php(1134): CodeIgniter\View\View->render('gaji/viewgaji', [], true)
 5 APPPATH\Controllers\Penggajian.php(44): view('gaji/viewgaji', [...])
 6 SYSTEMPATH\CodeIgniter.php(927): App\Controllers\Penggajian->index()
 7 SYSTEMPATH\CodeIgniter.php(482): CodeIgniter\CodeIgniter->runController(Object(App\Controllers\Penggajian))
 8 SYSTEMPATH\CodeIgniter.php(351): CodeIgniter\CodeIgniter->handleRequest(null, Object(Config\Cache), false)
 9 FCPATH\index.php(67): CodeIgniter\CodeIgniter->run()
CRITICAL - 2023-07-04 23:09:26 --> Undefined array key "tgl_kelalaian"
in APPPATH\Views\gaji\viewgaji.php on line 96.
 1 APPPATH\Views\gaji\viewgaji.php(96): CodeIgniter\Debug\Exceptions->errorHandler(2, 'Undefined array key "tgl_kelalaian"', 'APPPATH\\Views\\gaji\\viewgaji.php', 96)
 2 SYSTEMPATH\View\View.php(213): include('APPPATH\\Views\\gaji\\viewgaji.php')
 3 SYSTEMPATH\View\View.php(216): CodeIgniter\View\View->CodeIgniter\View\{closure}()
 4 SYSTEMPATH\Common.php(1134): CodeIgniter\View\View->render('gaji/viewgaji', [], true)
 5 APPPATH\Controllers\Penggajian.php(44): view('gaji/viewgaji', [...])
 6 SYSTEMPATH\CodeIgniter.php(927): App\Controllers\Penggajian->index()
 7 SYSTEMPATH\CodeIgniter.php(482): CodeIgniter\CodeIgniter->runController(Object(App\Controllers\Penggajian))
 8 SYSTEMPATH\CodeIgniter.php(351): CodeIgniter\CodeIgniter->handleRequest(null, Object(Config\Cache), false)
 9 FCPATH\index.php(67): CodeIgniter\CodeIgniter->run()
CRITICAL - 2023-07-04 23:14:21 --> Undefined array key "gaji_diterima"
in APPPATH\Views\gaji\viewgaji.php on line 104.
 1 APPPATH\Views\gaji\viewgaji.php(104): CodeIgniter\Debug\Exceptions->errorHandler(2, 'Undefined array key "gaji_diterima"', 'APPPATH\\Views\\gaji\\viewgaji.php', 104)
 2 SYSTEMPATH\View\View.php(213): include('APPPATH\\Views\\gaji\\viewgaji.php')
 3 SYSTEMPATH\View\View.php(216): CodeIgniter\View\View->CodeIgniter\View\{closure}()
 4 SYSTEMPATH\Common.php(1134): CodeIgniter\View\View->render('gaji/viewgaji', [], true)
 5 APPPATH\Controllers\Penggajian.php(44): view('gaji/viewgaji', [...])
 6 SYSTEMPATH\CodeIgniter.php(927): App\Controllers\Penggajian->index()
 7 SYSTEMPATH\CodeIgniter.php(482): CodeIgniter\CodeIgniter->runController(Object(App\Controllers\Penggajian))
 8 SYSTEMPATH\CodeIgniter.php(351): CodeIgniter\CodeIgniter->handleRequest(null, Object(Config\Cache), false)
 9 FCPATH\index.php(67): CodeIgniter\CodeIgniter->run()
CRITICAL - 2023-07-04 23:15:01 --> Undefined array key "gaji_diterima"
in APPPATH\Views\gaji\viewgaji.php on line 123.
 1 APPPATH\Views\gaji\viewgaji.php(123): CodeIgniter\Debug\Exceptions->errorHandler(2, 'Undefined array key "gaji_diterima"', 'APPPATH\\Views\\gaji\\viewgaji.php', 123)
 2 SYSTEMPATH\View\View.php(213): include('APPPATH\\Views\\gaji\\viewgaji.php')
 3 SYSTEMPATH\View\View.php(216): CodeIgniter\View\View->CodeIgniter\View\{closure}()
 4 SYSTEMPATH\Common.php(1134): CodeIgniter\View\View->render('gaji/viewgaji', [], true)
 5 APPPATH\Controllers\Penggajian.php(44): view('gaji/viewgaji', [...])
 6 SYSTEMPATH\CodeIgniter.php(927): App\Controllers\Penggajian->index()
 7 SYSTEMPATH\CodeIgniter.php(482): CodeIgniter\CodeIgniter->runController(Object(App\Controllers\Penggajian))
 8 SYSTEMPATH\CodeIgniter.php(351): CodeIgniter\CodeIgniter->handleRequest(null, Object(Config\Cache), false)
 9 FCPATH\index.php(67): CodeIgniter\CodeIgniter->run()
CRITICAL - 2023-07-04 23:54:32 --> Undefined variable $bulan
in APPPATH\Views\gaji\formtambahgaji.php on line 37.
 1 APPPATH\Views\gaji\formtambahgaji.php(37): CodeIgniter\Debug\Exceptions->errorHandler(2, 'Undefined variable $bulan', 'APPPATH\\Views\\gaji\\formtambahgaji.php', 37)
 2 SYSTEMPATH\View\View.php(213): include('APPPATH\\Views\\gaji\\formtambahgaji.php')
 3 SYSTEMPATH\View\View.php(216): CodeIgniter\View\View->CodeIgniter\View\{closure}()
 4 SYSTEMPATH\Common.php(1134): CodeIgniter\View\View->render('gaji/formtambahgaji', [], true)
 5 APPPATH\Controllers\Penggajian.php(143): view('gaji/formtambahgaji')
 6 SYSTEMPATH\CodeIgniter.php(927): App\Controllers\Penggajian->tambah()
 7 SYSTEMPATH\CodeIgniter.php(482): CodeIgniter\CodeIgniter->runController(Object(App\Controllers\Penggajian))
 8 SYSTEMPATH\CodeIgniter.php(351): CodeIgniter\CodeIgniter->handleRequest(null, Object(Config\Cache), false)
 9 FCPATH\index.php(67): CodeIgniter\CodeIgniter->run()
