ERROR - 2023-04-13 21:25:14 --> mysqli_sql_exception: Duplicate entry '' for key 'PRIMARY' in D:\INSTALER\XAMP806\htdocs\maadvertising.co.id\system\Database\MySQLi\Connection.php:292
Stack trace:
#0 D:\INSTALER\XAMP806\htdocs\maadvertising.co.id\system\Database\MySQLi\Connection.php(292): mysqli->query('INSERT INTO `ab...', 0)
#1 D:\INSTALER\XAMP806\htdocs\maadvertising.co.id\system\Database\BaseConnection.php(666): CodeIgniter\Database\MySQLi\Connection->execute('INSERT INTO `ab...')
#2 D:\INSTALER\XAMP806\htdocs\maadvertising.co.id\system\Database\BaseConnection.php(593): CodeIgniter\Database\BaseConnection->simpleQuery('INSERT INTO `ab...')
#3 D:\INSTALER\XAMP806\htdocs\maadvertising.co.id\system\Database\BaseBuilder.php(1916): CodeIgniter\Database\BaseConnection->query('INSERT INTO `ab...', Array, false)
#4 D:\INSTALER\XAMP806\htdocs\maadvertising.co.id\system\Model.php(279): CodeIgniter\Database\BaseBuilder->insert()
#5 D:\INSTALER\XAMP806\htdocs\maadvertising.co.id\system\BaseModel.php(749): CodeIgniter\Model->doInsert(Array)
#6 D:\INSTALER\XAMP806\htdocs\maadvertising.co.id\system\Model.php(667): CodeIgniter\BaseModel->insert(Array, true)
#7 D:\INSTALER\XAMP806\htdocs\maadvertising.co.id\app\Controllers\API\InputAbsensiKaryawanApi.php(136): CodeIgniter\Model->insert(Array)
#8 D:\INSTALER\XAMP806\htdocs\maadvertising.co.id\system\CodeIgniter.php(927): App\Controllers\API\InputAbsensiKaryawanApi->create()
#9 D:\INSTALER\XAMP806\htdocs\maadvertising.co.id\system\CodeIgniter.php(482): CodeIgniter\CodeIgniter->runController(Object(App\Controllers\API\InputAbsensiKaryawanApi))
#10 D:\INSTALER\XAMP806\htdocs\maadvertising.co.id\system\CodeIgniter.php(351): CodeIgniter\CodeIgniter->handleRequest(NULL, Object(Config\Cache), false)
#11 D:\INSTALER\XAMP806\htdocs\maadvertising.co.id\public\index.php(67): CodeIgniter\CodeIgniter->run()
#12 {main}
CRITICAL - 2023-04-13 21:25:14 --> Duplicate entry '' for key 'PRIMARY'
in SYSTEMPATH\Database\MySQLi\Connection.php on line 292.
 1 SYSTEMPATH\Database\MySQLi\Connection.php(292): mysqli->query('INSERT INTO `absensi_karyawan` (`id_karyawan`, `tgl_absensi`, `jam_masuk`, `lokasi_masuk`, `foto_masuk`, `keterangan`) VALUES (\'Febriatul dari kotlin\', \'2023-04-14\', \'09:25\', \'-0.9485977,100.3718327\', \'\', \'kami\')', 0)
 2 SYSTEMPATH\Database\BaseConnection.php(666): CodeIgniter\Database\MySQLi\Connection->execute('INSERT INTO `absensi_karyawan` (`id_karyawan`, `tgl_absensi`, `jam_masuk`, `lokasi_masuk`, `foto_masuk`, `keterangan`) VALUES (\'Febriatul dari kotlin\', \'2023-04-14\', \'09:25\', \'-0.9485977,100.3718327\', \'\', \'kami\')')
 3 SYSTEMPATH\Database\BaseConnection.php(593): CodeIgniter\Database\BaseConnection->simpleQuery('INSERT INTO `absensi_karyawan` (`id_karyawan`, `tgl_absensi`, `jam_masuk`, `lokasi_masuk`, `foto_masuk`, `keterangan`) VALUES (\'Febriatul dari kotlin\', \'2023-04-14\', \'09:25\', \'-0.9485977,100.3718327\', \'\', \'kami\')')
 4 SYSTEMPATH\Database\BaseBuilder.php(1916): CodeIgniter\Database\BaseConnection->query('INSERT INTO `absensi_karyawan` (`id_karyawan`, `tgl_absensi`, `jam_masuk`, `lokasi_masuk`, `foto_masuk`, `keterangan`) VALUES (:id_karyawan:, :tgl_absensi:, :jam_masuk:, :lokasi_masuk:, :foto_masuk:, :keterangan:)', [...], false)
 5 SYSTEMPATH\Model.php(279): CodeIgniter\Database\BaseBuilder->insert()
 6 SYSTEMPATH\BaseModel.php(749): CodeIgniter\Model->doInsert([...])
 7 SYSTEMPATH\Model.php(667): CodeIgniter\BaseModel->insert([...], true)
 8 APPPATH\Controllers\API\InputAbsensiKaryawanApi.php(136): CodeIgniter\Model->insert([...])
 9 SYSTEMPATH\CodeIgniter.php(927): App\Controllers\API\InputAbsensiKaryawanApi->create()
10 SYSTEMPATH\CodeIgniter.php(482): CodeIgniter\CodeIgniter->runController(Object(App\Controllers\API\InputAbsensiKaryawanApi))
11 SYSTEMPATH\CodeIgniter.php(351): CodeIgniter\CodeIgniter->handleRequest(null, Object(Config\Cache), false)
12 FCPATH\index.php(67): CodeIgniter\CodeIgniter->run()
ERROR - 2023-04-13 21:25:33 --> mysqli_sql_exception: Duplicate entry '' for key 'PRIMARY' in D:\INSTALER\XAMP806\htdocs\maadvertising.co.id\system\Database\MySQLi\Connection.php:292
Stack trace:
#0 D:\INSTALER\XAMP806\htdocs\maadvertising.co.id\system\Database\MySQLi\Connection.php(292): mysqli->query('INSERT INTO `ab...', 0)
#1 D:\INSTALER\XAMP806\htdocs\maadvertising.co.id\system\Database\BaseConnection.php(666): CodeIgniter\Database\MySQLi\Connection->execute('INSERT INTO `ab...')
#2 D:\INSTALER\XAMP806\htdocs\maadvertising.co.id\system\Database\BaseConnection.php(593): CodeIgniter\Database\BaseConnection->simpleQuery('INSERT INTO `ab...')
#3 D:\INSTALER\XAMP806\htdocs\maadvertising.co.id\system\Database\BaseBuilder.php(1916): CodeIgniter\Database\BaseConnection->query('INSERT INTO `ab...', Array, false)
#4 D:\INSTALER\XAMP806\htdocs\maadvertising.co.id\system\Model.php(279): CodeIgniter\Database\BaseBuilder->insert()
#5 D:\INSTALER\XAMP806\htdocs\maadvertising.co.id\system\BaseModel.php(749): CodeIgniter\Model->doInsert(Array)
#6 D:\INSTALER\XAMP806\htdocs\maadvertising.co.id\system\Model.php(667): CodeIgniter\BaseModel->insert(Array, true)
#7 D:\INSTALER\XAMP806\htdocs\maadvertising.co.id\app\Controllers\API\InputAbsensiKaryawanApi.php(136): CodeIgniter\Model->insert(Array)
#8 D:\INSTALER\XAMP806\htdocs\maadvertising.co.id\system\CodeIgniter.php(927): App\Controllers\API\InputAbsensiKaryawanApi->create()
#9 D:\INSTALER\XAMP806\htdocs\maadvertising.co.id\system\CodeIgniter.php(482): CodeIgniter\CodeIgniter->runController(Object(App\Controllers\API\InputAbsensiKaryawanApi))
#10 D:\INSTALER\XAMP806\htdocs\maadvertising.co.id\system\CodeIgniter.php(351): CodeIgniter\CodeIgniter->handleRequest(NULL, Object(Config\Cache), false)
#11 D:\INSTALER\XAMP806\htdocs\maadvertising.co.id\public\index.php(67): CodeIgniter\CodeIgniter->run()
#12 {main}
CRITICAL - 2023-04-13 21:25:33 --> Duplicate entry '' for key 'PRIMARY'
in SYSTEMPATH\Database\MySQLi\Connection.php on line 292.
 1 SYSTEMPATH\Database\MySQLi\Connection.php(292): mysqli->query('INSERT INTO `absensi_karyawan` (`id_karyawan`, `tgl_absensi`, `jam_masuk`, `lokasi_masuk`, `foto_masuk`, `keterangan`) VALUES (\'Febriatul dari kotlin\', \'2023-04-14\', \'09:25\', \'-0.9486316,100.3718591\', \'\', \'\')', 0)
 2 SYSTEMPATH\Database\BaseConnection.php(666): CodeIgniter\Database\MySQLi\Connection->execute('INSERT INTO `absensi_karyawan` (`id_karyawan`, `tgl_absensi`, `jam_masuk`, `lokasi_masuk`, `foto_masuk`, `keterangan`) VALUES (\'Febriatul dari kotlin\', \'2023-04-14\', \'09:25\', \'-0.9486316,100.3718591\', \'\', \'\')')
 3 SYSTEMPATH\Database\BaseConnection.php(593): CodeIgniter\Database\BaseConnection->simpleQuery('INSERT INTO `absensi_karyawan` (`id_karyawan`, `tgl_absensi`, `jam_masuk`, `lokasi_masuk`, `foto_masuk`, `keterangan`) VALUES (\'Febriatul dari kotlin\', \'2023-04-14\', \'09:25\', \'-0.9486316,100.3718591\', \'\', \'\')')
 4 SYSTEMPATH\Database\BaseBuilder.php(1916): CodeIgniter\Database\BaseConnection->query('INSERT INTO `absensi_karyawan` (`id_karyawan`, `tgl_absensi`, `jam_masuk`, `lokasi_masuk`, `foto_masuk`, `keterangan`) VALUES (:id_karyawan:, :tgl_absensi:, :jam_masuk:, :lokasi_masuk:, :foto_masuk:, :keterangan:)', [...], false)
 5 SYSTEMPATH\Model.php(279): CodeIgniter\Database\BaseBuilder->insert()
 6 SYSTEMPATH\BaseModel.php(749): CodeIgniter\Model->doInsert([...])
 7 SYSTEMPATH\Model.php(667): CodeIgniter\BaseModel->insert([...], true)
 8 APPPATH\Controllers\API\InputAbsensiKaryawanApi.php(136): CodeIgniter\Model->insert([...])
 9 SYSTEMPATH\CodeIgniter.php(927): App\Controllers\API\InputAbsensiKaryawanApi->create()
10 SYSTEMPATH\CodeIgniter.php(482): CodeIgniter\CodeIgniter->runController(Object(App\Controllers\API\InputAbsensiKaryawanApi))
11 SYSTEMPATH\CodeIgniter.php(351): CodeIgniter\CodeIgniter->handleRequest(null, Object(Config\Cache), false)
12 FCPATH\index.php(67): CodeIgniter\CodeIgniter->run()
ERROR - 2023-04-13 21:27:15 --> mysqli_sql_exception: Duplicate entry '' for key 'PRIMARY' in D:\INSTALER\XAMP806\htdocs\maadvertising.co.id\system\Database\MySQLi\Connection.php:292
Stack trace:
#0 D:\INSTALER\XAMP806\htdocs\maadvertising.co.id\system\Database\MySQLi\Connection.php(292): mysqli->query('INSERT INTO `ab...', 0)
#1 D:\INSTALER\XAMP806\htdocs\maadvertising.co.id\system\Database\BaseConnection.php(666): CodeIgniter\Database\MySQLi\Connection->execute('INSERT INTO `ab...')
#2 D:\INSTALER\XAMP806\htdocs\maadvertising.co.id\system\Database\BaseConnection.php(593): CodeIgniter\Database\BaseConnection->simpleQuery('INSERT INTO `ab...')
#3 D:\INSTALER\XAMP806\htdocs\maadvertising.co.id\system\Database\BaseBuilder.php(1916): CodeIgniter\Database\BaseConnection->query('INSERT INTO `ab...', Array, false)
#4 D:\INSTALER\XAMP806\htdocs\maadvertising.co.id\system\Model.php(279): CodeIgniter\Database\BaseBuilder->insert()
#5 D:\INSTALER\XAMP806\htdocs\maadvertising.co.id\system\BaseModel.php(749): CodeIgniter\Model->doInsert(Array)
#6 D:\INSTALER\XAMP806\htdocs\maadvertising.co.id\system\Model.php(667): CodeIgniter\BaseModel->insert(Array, true)
#7 D:\INSTALER\XAMP806\htdocs\maadvertising.co.id\app\Controllers\API\InputAbsensiKaryawanApi.php(137): CodeIgniter\Model->insert(Array)
#8 D:\INSTALER\XAMP806\htdocs\maadvertising.co.id\system\CodeIgniter.php(927): App\Controllers\API\InputAbsensiKaryawanApi->create()
#9 D:\INSTALER\XAMP806\htdocs\maadvertising.co.id\system\CodeIgniter.php(482): CodeIgniter\CodeIgniter->runController(Object(App\Controllers\API\InputAbsensiKaryawanApi))
#10 D:\INSTALER\XAMP806\htdocs\maadvertising.co.id\system\CodeIgniter.php(351): CodeIgniter\CodeIgniter->handleRequest(NULL, Object(Config\Cache), false)
#11 D:\INSTALER\XAMP806\htdocs\maadvertising.co.id\public\index.php(67): CodeIgniter\CodeIgniter->run()
#12 {main}
CRITICAL - 2023-04-13 21:27:15 --> Duplicate entry '' for key 'PRIMARY'
in SYSTEMPATH\Database\MySQLi\Connection.php on line 292.
 1 SYSTEMPATH\Database\MySQLi\Connection.php(292): mysqli->query('INSERT INTO `absensi_karyawan` (`id_karyawan`, `tgl_absensi`, `jam_masuk`, `lokasi_masuk`, `foto_masuk`, `keterangan`) VALUES (\'Febriatul dari kotlin\', \'2023-04-14\', \'09:27\', \'-0.9486004,100.3718365\', \'\', \'\')', 0)
 2 SYSTEMPATH\Database\BaseConnection.php(666): CodeIgniter\Database\MySQLi\Connection->execute('INSERT INTO `absensi_karyawan` (`id_karyawan`, `tgl_absensi`, `jam_masuk`, `lokasi_masuk`, `foto_masuk`, `keterangan`) VALUES (\'Febriatul dari kotlin\', \'2023-04-14\', \'09:27\', \'-0.9486004,100.3718365\', \'\', \'\')')
 3 SYSTEMPATH\Database\BaseConnection.php(593): CodeIgniter\Database\BaseConnection->simpleQuery('INSERT INTO `absensi_karyawan` (`id_karyawan`, `tgl_absensi`, `jam_masuk`, `lokasi_masuk`, `foto_masuk`, `keterangan`) VALUES (\'Febriatul dari kotlin\', \'2023-04-14\', \'09:27\', \'-0.9486004,100.3718365\', \'\', \'\')')
 4 SYSTEMPATH\Database\BaseBuilder.php(1916): CodeIgniter\Database\BaseConnection->query('INSERT INTO `absensi_karyawan` (`id_karyawan`, `tgl_absensi`, `jam_masuk`, `lokasi_masuk`, `foto_masuk`, `keterangan`) VALUES (:id_karyawan:, :tgl_absensi:, :jam_masuk:, :lokasi_masuk:, :foto_masuk:, :keterangan:)', [...], false)
 5 SYSTEMPATH\Model.php(279): CodeIgniter\Database\BaseBuilder->insert()
 6 SYSTEMPATH\BaseModel.php(749): CodeIgniter\Model->doInsert([...])
 7 SYSTEMPATH\Model.php(667): CodeIgniter\BaseModel->insert([...], true)
 8 APPPATH\Controllers\API\InputAbsensiKaryawanApi.php(137): CodeIgniter\Model->insert([...])
 9 SYSTEMPATH\CodeIgniter.php(927): App\Controllers\API\InputAbsensiKaryawanApi->create()
10 SYSTEMPATH\CodeIgniter.php(482): CodeIgniter\CodeIgniter->runController(Object(App\Controllers\API\InputAbsensiKaryawanApi))
11 SYSTEMPATH\CodeIgniter.php(351): CodeIgniter\CodeIgniter->handleRequest(null, Object(Config\Cache), false)
12 FCPATH\index.php(67): CodeIgniter\CodeIgniter->run()
ERROR - 2023-04-13 21:28:38 --> mysqli_sql_exception: Duplicate entry '' for key 'PRIMARY' in D:\INSTALER\XAMP806\htdocs\maadvertising.co.id\system\Database\MySQLi\Connection.php:292
Stack trace:
#0 D:\INSTALER\XAMP806\htdocs\maadvertising.co.id\system\Database\MySQLi\Connection.php(292): mysqli->query('INSERT INTO `ab...', 0)
#1 D:\INSTALER\XAMP806\htdocs\maadvertising.co.id\system\Database\BaseConnection.php(666): CodeIgniter\Database\MySQLi\Connection->execute('INSERT INTO `ab...')
#2 D:\INSTALER\XAMP806\htdocs\maadvertising.co.id\system\Database\BaseConnection.php(593): CodeIgniter\Database\BaseConnection->simpleQuery('INSERT INTO `ab...')
#3 D:\INSTALER\XAMP806\htdocs\maadvertising.co.id\system\Database\BaseBuilder.php(1916): CodeIgniter\Database\BaseConnection->query('INSERT INTO `ab...', Array, false)
#4 D:\INSTALER\XAMP806\htdocs\maadvertising.co.id\system\Model.php(279): CodeIgniter\Database\BaseBuilder->insert()
#5 D:\INSTALER\XAMP806\htdocs\maadvertising.co.id\system\BaseModel.php(749): CodeIgniter\Model->doInsert(Array)
#6 D:\INSTALER\XAMP806\htdocs\maadvertising.co.id\system\Model.php(667): CodeIgniter\BaseModel->insert(Array, true)
#7 D:\INSTALER\XAMP806\htdocs\maadvertising.co.id\app\Controllers\API\InputAbsensiKaryawanApi.php(138): CodeIgniter\Model->insert(Array)
#8 D:\INSTALER\XAMP806\htdocs\maadvertising.co.id\system\CodeIgniter.php(927): App\Controllers\API\InputAbsensiKaryawanApi->create()
#9 D:\INSTALER\XAMP806\htdocs\maadvertising.co.id\system\CodeIgniter.php(482): CodeIgniter\CodeIgniter->runController(Object(App\Controllers\API\InputAbsensiKaryawanApi))
#10 D:\INSTALER\XAMP806\htdocs\maadvertising.co.id\system\CodeIgniter.php(351): CodeIgniter\CodeIgniter->handleRequest(NULL, Object(Config\Cache), false)
#11 D:\INSTALER\XAMP806\htdocs\maadvertising.co.id\public\index.php(67): CodeIgniter\CodeIgniter->run()
#12 {main}
CRITICAL - 2023-04-13 21:28:38 --> Duplicate entry '' for key 'PRIMARY'
in SYSTEMPATH\Database\MySQLi\Connection.php on line 292.
 1 SYSTEMPATH\Database\MySQLi\Connection.php(292): mysqli->query('INSERT INTO `absensi_karyawan` (`id_karyawan`, `tgl_absensi`, `jam_masuk`, `lokasi_masuk`, `foto_masuk`, `keterangan`) VALUES (\'Febriatul dari kotlin\', \'2023-04-14\', \'09:28\', \'-0.9485976,100.3718311\', \'\', \'\')', 0)
 2 SYSTEMPATH\Database\BaseConnection.php(666): CodeIgniter\Database\MySQLi\Connection->execute('INSERT INTO `absensi_karyawan` (`id_karyawan`, `tgl_absensi`, `jam_masuk`, `lokasi_masuk`, `foto_masuk`, `keterangan`) VALUES (\'Febriatul dari kotlin\', \'2023-04-14\', \'09:28\', \'-0.9485976,100.3718311\', \'\', \'\')')
 3 SYSTEMPATH\Database\BaseConnection.php(593): CodeIgniter\Database\BaseConnection->simpleQuery('INSERT INTO `absensi_karyawan` (`id_karyawan`, `tgl_absensi`, `jam_masuk`, `lokasi_masuk`, `foto_masuk`, `keterangan`) VALUES (\'Febriatul dari kotlin\', \'2023-04-14\', \'09:28\', \'-0.9485976,100.3718311\', \'\', \'\')')
 4 SYSTEMPATH\Database\BaseBuilder.php(1916): CodeIgniter\Database\BaseConnection->query('INSERT INTO `absensi_karyawan` (`id_karyawan`, `tgl_absensi`, `jam_masuk`, `lokasi_masuk`, `foto_masuk`, `keterangan`) VALUES (:id_karyawan:, :tgl_absensi:, :jam_masuk:, :lokasi_masuk:, :foto_masuk:, :keterangan:)', [...], false)
 5 SYSTEMPATH\Model.php(279): CodeIgniter\Database\BaseBuilder->insert()
 6 SYSTEMPATH\BaseModel.php(749): CodeIgniter\Model->doInsert([...])
 7 SYSTEMPATH\Model.php(667): CodeIgniter\BaseModel->insert([...], true)
 8 APPPATH\Controllers\API\InputAbsensiKaryawanApi.php(138): CodeIgniter\Model->insert([...])
 9 SYSTEMPATH\CodeIgniter.php(927): App\Controllers\API\InputAbsensiKaryawanApi->create()
10 SYSTEMPATH\CodeIgniter.php(482): CodeIgniter\CodeIgniter->runController(Object(App\Controllers\API\InputAbsensiKaryawanApi))
11 SYSTEMPATH\CodeIgniter.php(351): CodeIgniter\CodeIgniter->handleRequest(null, Object(Config\Cache), false)
12 FCPATH\index.php(67): CodeIgniter\CodeIgniter->run()
ERROR - 2023-04-13 21:29:01 --> mysqli_sql_exception: Duplicate entry '' for key 'PRIMARY' in D:\INSTALER\XAMP806\htdocs\maadvertising.co.id\system\Database\MySQLi\Connection.php:292
Stack trace:
#0 D:\INSTALER\XAMP806\htdocs\maadvertising.co.id\system\Database\MySQLi\Connection.php(292): mysqli->query('INSERT INTO `ab...', 0)
#1 D:\INSTALER\XAMP806\htdocs\maadvertising.co.id\system\Database\BaseConnection.php(666): CodeIgniter\Database\MySQLi\Connection->execute('INSERT INTO `ab...')
#2 D:\INSTALER\XAMP806\htdocs\maadvertising.co.id\system\Database\BaseConnection.php(593): CodeIgniter\Database\BaseConnection->simpleQuery('INSERT INTO `ab...')
#3 D:\INSTALER\XAMP806\htdocs\maadvertising.co.id\system\Database\BaseBuilder.php(1916): CodeIgniter\Database\BaseConnection->query('INSERT INTO `ab...', Array, false)
#4 D:\INSTALER\XAMP806\htdocs\maadvertising.co.id\system\Model.php(279): CodeIgniter\Database\BaseBuilder->insert()
#5 D:\INSTALER\XAMP806\htdocs\maadvertising.co.id\system\BaseModel.php(749): CodeIgniter\Model->doInsert(Array)
#6 D:\INSTALER\XAMP806\htdocs\maadvertising.co.id\system\Model.php(667): CodeIgniter\BaseModel->insert(Array, true)
#7 D:\INSTALER\XAMP806\htdocs\maadvertising.co.id\app\Controllers\API\InputAbsensiKaryawanApi.php(138): CodeIgniter\Model->insert(Array)
#8 D:\INSTALER\XAMP806\htdocs\maadvertising.co.id\system\CodeIgniter.php(927): App\Controllers\API\InputAbsensiKaryawanApi->create()
#9 D:\INSTALER\XAMP806\htdocs\maadvertising.co.id\system\CodeIgniter.php(482): CodeIgniter\CodeIgniter->runController(Object(App\Controllers\API\InputAbsensiKaryawanApi))
#10 D:\INSTALER\XAMP806\htdocs\maadvertising.co.id\system\CodeIgniter.php(351): CodeIgniter\CodeIgniter->handleRequest(NULL, Object(Config\Cache), false)
#11 D:\INSTALER\XAMP806\htdocs\maadvertising.co.id\public\index.php(67): CodeIgniter\CodeIgniter->run()
#12 {main}
CRITICAL - 2023-04-13 21:29:01 --> Duplicate entry '' for key 'PRIMARY'
in SYSTEMPATH\Database\MySQLi\Connection.php on line 292.
 1 SYSTEMPATH\Database\MySQLi\Connection.php(292): mysqli->query('INSERT INTO `absensi_karyawan` (`id_karyawan`, `tgl_absensi`, `jam_masuk`, `lokasi_masuk`, `foto_masuk`, `keterangan`) VALUES (\'Febriatul dari kotlin\', \'2023-04-14\', \'09:29\', \'-0.9486011,100.3718369\', \'\', \'\')', 0)
 2 SYSTEMPATH\Database\BaseConnection.php(666): CodeIgniter\Database\MySQLi\Connection->execute('INSERT INTO `absensi_karyawan` (`id_karyawan`, `tgl_absensi`, `jam_masuk`, `lokasi_masuk`, `foto_masuk`, `keterangan`) VALUES (\'Febriatul dari kotlin\', \'2023-04-14\', \'09:29\', \'-0.9486011,100.3718369\', \'\', \'\')')
 3 SYSTEMPATH\Database\BaseConnection.php(593): CodeIgniter\Database\BaseConnection->simpleQuery('INSERT INTO `absensi_karyawan` (`id_karyawan`, `tgl_absensi`, `jam_masuk`, `lokasi_masuk`, `foto_masuk`, `keterangan`) VALUES (\'Febriatul dari kotlin\', \'2023-04-14\', \'09:29\', \'-0.9486011,100.3718369\', \'\', \'\')')
 4 SYSTEMPATH\Database\BaseBuilder.php(1916): CodeIgniter\Database\BaseConnection->query('INSERT INTO `absensi_karyawan` (`id_karyawan`, `tgl_absensi`, `jam_masuk`, `lokasi_masuk`, `foto_masuk`, `keterangan`) VALUES (:id_karyawan:, :tgl_absensi:, :jam_masuk:, :lokasi_masuk:, :foto_masuk:, :keterangan:)', [...], false)
 5 SYSTEMPATH\Model.php(279): CodeIgniter\Database\BaseBuilder->insert()
 6 SYSTEMPATH\BaseModel.php(749): CodeIgniter\Model->doInsert([...])
 7 SYSTEMPATH\Model.php(667): CodeIgniter\BaseModel->insert([...], true)
 8 APPPATH\Controllers\API\InputAbsensiKaryawanApi.php(138): CodeIgniter\Model->insert([...])
 9 SYSTEMPATH\CodeIgniter.php(927): App\Controllers\API\InputAbsensiKaryawanApi->create()
10 SYSTEMPATH\CodeIgniter.php(482): CodeIgniter\CodeIgniter->runController(Object(App\Controllers\API\InputAbsensiKaryawanApi))
11 SYSTEMPATH\CodeIgniter.php(351): CodeIgniter\CodeIgniter->handleRequest(null, Object(Config\Cache), false)
12 FCPATH\index.php(67): CodeIgniter\CodeIgniter->run()
ERROR - 2023-04-13 21:29:42 --> mysqli_sql_exception: Duplicate entry '' for key 'PRIMARY' in D:\INSTALER\XAMP806\htdocs\maadvertising.co.id\system\Database\MySQLi\Connection.php:292
Stack trace:
#0 D:\INSTALER\XAMP806\htdocs\maadvertising.co.id\system\Database\MySQLi\Connection.php(292): mysqli->query('INSERT INTO `ab...', 0)
#1 D:\INSTALER\XAMP806\htdocs\maadvertising.co.id\system\Database\BaseConnection.php(666): CodeIgniter\Database\MySQLi\Connection->execute('INSERT INTO `ab...')
#2 D:\INSTALER\XAMP806\htdocs\maadvertising.co.id\system\Database\BaseConnection.php(593): CodeIgniter\Database\BaseConnection->simpleQuery('INSERT INTO `ab...')
#3 D:\INSTALER\XAMP806\htdocs\maadvertising.co.id\system\Database\BaseBuilder.php(1916): CodeIgniter\Database\BaseConnection->query('INSERT INTO `ab...', Array, false)
#4 D:\INSTALER\XAMP806\htdocs\maadvertising.co.id\system\Model.php(279): CodeIgniter\Database\BaseBuilder->insert()
#5 D:\INSTALER\XAMP806\htdocs\maadvertising.co.id\system\BaseModel.php(749): CodeIgniter\Model->doInsert(Array)
#6 D:\INSTALER\XAMP806\htdocs\maadvertising.co.id\system\Model.php(667): CodeIgniter\BaseModel->insert(Array, true)
#7 D:\INSTALER\XAMP806\htdocs\maadvertising.co.id\app\Controllers\API\InputAbsensiKaryawanApi.php(138): CodeIgniter\Model->insert(Array)
#8 D:\INSTALER\XAMP806\htdocs\maadvertising.co.id\system\CodeIgniter.php(927): App\Controllers\API\InputAbsensiKaryawanApi->create()
#9 D:\INSTALER\XAMP806\htdocs\maadvertising.co.id\system\CodeIgniter.php(482): CodeIgniter\CodeIgniter->runController(Object(App\Controllers\API\InputAbsensiKaryawanApi))
#10 D:\INSTALER\XAMP806\htdocs\maadvertising.co.id\system\CodeIgniter.php(351): CodeIgniter\CodeIgniter->handleRequest(NULL, Object(Config\Cache), false)
#11 D:\INSTALER\XAMP806\htdocs\maadvertising.co.id\public\index.php(67): CodeIgniter\CodeIgniter->run()
#12 {main}
CRITICAL - 2023-04-13 21:29:42 --> Duplicate entry '' for key 'PRIMARY'
in SYSTEMPATH\Database\MySQLi\Connection.php on line 292.
 1 SYSTEMPATH\Database\MySQLi\Connection.php(292): mysqli->query('INSERT INTO `absensi_karyawan` (`id_karyawan`, `tgl_absensi`, `jam_masuk`, `lokasi_masuk`, `foto_masuk`, `keterangan`) VALUES (\'Febriatul dari kotlin\', \'2023-04-14\', \'09:29\', \'-0.9485999,100.3718387\', \'\', \'\')', 0)
 2 SYSTEMPATH\Database\BaseConnection.php(666): CodeIgniter\Database\MySQLi\Connection->execute('INSERT INTO `absensi_karyawan` (`id_karyawan`, `tgl_absensi`, `jam_masuk`, `lokasi_masuk`, `foto_masuk`, `keterangan`) VALUES (\'Febriatul dari kotlin\', \'2023-04-14\', \'09:29\', \'-0.9485999,100.3718387\', \'\', \'\')')
 3 SYSTEMPATH\Database\BaseConnection.php(593): CodeIgniter\Database\BaseConnection->simpleQuery('INSERT INTO `absensi_karyawan` (`id_karyawan`, `tgl_absensi`, `jam_masuk`, `lokasi_masuk`, `foto_masuk`, `keterangan`) VALUES (\'Febriatul dari kotlin\', \'2023-04-14\', \'09:29\', \'-0.9485999,100.3718387\', \'\', \'\')')
 4 SYSTEMPATH\Database\BaseBuilder.php(1916): CodeIgniter\Database\BaseConnection->query('INSERT INTO `absensi_karyawan` (`id_karyawan`, `tgl_absensi`, `jam_masuk`, `lokasi_masuk`, `foto_masuk`, `keterangan`) VALUES (:id_karyawan:, :tgl_absensi:, :jam_masuk:, :lokasi_masuk:, :foto_masuk:, :keterangan:)', [...], false)
 5 SYSTEMPATH\Model.php(279): CodeIgniter\Database\BaseBuilder->insert()
 6 SYSTEMPATH\BaseModel.php(749): CodeIgniter\Model->doInsert([...])
 7 SYSTEMPATH\Model.php(667): CodeIgniter\BaseModel->insert([...], true)
 8 APPPATH\Controllers\API\InputAbsensiKaryawanApi.php(138): CodeIgniter\Model->insert([...])
 9 SYSTEMPATH\CodeIgniter.php(927): App\Controllers\API\InputAbsensiKaryawanApi->create()
10 SYSTEMPATH\CodeIgniter.php(482): CodeIgniter\CodeIgniter->runController(Object(App\Controllers\API\InputAbsensiKaryawanApi))
11 SYSTEMPATH\CodeIgniter.php(351): CodeIgniter\CodeIgniter->handleRequest(null, Object(Config\Cache), false)
12 FCPATH\index.php(67): CodeIgniter\CodeIgniter->run()
ERROR - 2023-04-13 21:32:32 --> mysqli_sql_exception: Duplicate entry 'ABS-1304230001' for key 'PRIMARY' in D:\INSTALER\XAMP806\htdocs\maadvertising.co.id\system\Database\MySQLi\Connection.php:292
Stack trace:
#0 D:\INSTALER\XAMP806\htdocs\maadvertising.co.id\system\Database\MySQLi\Connection.php(292): mysqli->query('INSERT INTO `ab...', 0)
#1 D:\INSTALER\XAMP806\htdocs\maadvertising.co.id\system\Database\BaseConnection.php(666): CodeIgniter\Database\MySQLi\Connection->execute('INSERT INTO `ab...')
#2 D:\INSTALER\XAMP806\htdocs\maadvertising.co.id\system\Database\BaseConnection.php(593): CodeIgniter\Database\BaseConnection->simpleQuery('INSERT INTO `ab...')
#3 D:\INSTALER\XAMP806\htdocs\maadvertising.co.id\system\Database\BaseBuilder.php(1916): CodeIgniter\Database\BaseConnection->query('INSERT INTO `ab...', Array, false)
#4 D:\INSTALER\XAMP806\htdocs\maadvertising.co.id\system\Model.php(279): CodeIgniter\Database\BaseBuilder->insert()
#5 D:\INSTALER\XAMP806\htdocs\maadvertising.co.id\system\BaseModel.php(749): CodeIgniter\Model->doInsert(Array)
#6 D:\INSTALER\XAMP806\htdocs\maadvertising.co.id\system\Model.php(667): CodeIgniter\BaseModel->insert(Array, true)
#7 D:\INSTALER\XAMP806\htdocs\maadvertising.co.id\app\Controllers\API\InputAbsensiKaryawanApi.php(138): CodeIgniter\Model->insert(Array)
#8 D:\INSTALER\XAMP806\htdocs\maadvertising.co.id\system\CodeIgniter.php(927): App\Controllers\API\InputAbsensiKaryawanApi->create()
#9 D:\INSTALER\XAMP806\htdocs\maadvertising.co.id\system\CodeIgniter.php(482): CodeIgniter\CodeIgniter->runController(Object(App\Controllers\API\InputAbsensiKaryawanApi))
#10 D:\INSTALER\XAMP806\htdocs\maadvertising.co.id\system\CodeIgniter.php(351): CodeIgniter\CodeIgniter->handleRequest(NULL, Object(Config\Cache), false)
#11 D:\INSTALER\XAMP806\htdocs\maadvertising.co.id\public\index.php(67): CodeIgniter\CodeIgniter->run()
#12 {main}
CRITICAL - 2023-04-13 21:32:32 --> Duplicate entry 'ABS-1304230001' for key 'PRIMARY'
in SYSTEMPATH\Database\MySQLi\Connection.php on line 292.
 1 SYSTEMPATH\Database\MySQLi\Connection.php(292): mysqli->query('INSERT INTO `absensi_karyawan` (`id_absensi`, `id_karyawan`, `tgl_absensi`, `jam_masuk`, `lokasi_masuk`, `foto_masuk`, `keterangan`) VALUES (\'ABS-1304230001\', \'Febriatul dari kotlin\', \'2023-04-14\', \'09:32\', \'-0.9486004,100.3718387\', \'\', \'\')', 0)
 2 SYSTEMPATH\Database\BaseConnection.php(666): CodeIgniter\Database\MySQLi\Connection->execute('INSERT INTO `absensi_karyawan` (`id_absensi`, `id_karyawan`, `tgl_absensi`, `jam_masuk`, `lokasi_masuk`, `foto_masuk`, `keterangan`) VALUES (\'ABS-1304230001\', \'Febriatul dari kotlin\', \'2023-04-14\', \'09:32\', \'-0.9486004,100.3718387\', \'\', \'\')')
 3 SYSTEMPATH\Database\BaseConnection.php(593): CodeIgniter\Database\BaseConnection->simpleQuery('INSERT INTO `absensi_karyawan` (`id_absensi`, `id_karyawan`, `tgl_absensi`, `jam_masuk`, `lokasi_masuk`, `foto_masuk`, `keterangan`) VALUES (\'ABS-1304230001\', \'Febriatul dari kotlin\', \'2023-04-14\', \'09:32\', \'-0.9486004,100.3718387\', \'\', \'\')')
 4 SYSTEMPATH\Database\BaseBuilder.php(1916): CodeIgniter\Database\BaseConnection->query('INSERT INTO `absensi_karyawan` (`id_absensi`, `id_karyawan`, `tgl_absensi`, `jam_masuk`, `lokasi_masuk`, `foto_masuk`, `keterangan`) VALUES (:id_absensi:, :id_karyawan:, :tgl_absensi:, :jam_masuk:, :lokasi_masuk:, :foto_masuk:, :keterangan:)', [...], false)
 5 SYSTEMPATH\Model.php(279): CodeIgniter\Database\BaseBuilder->insert()
 6 SYSTEMPATH\BaseModel.php(749): CodeIgniter\Model->doInsert([...])
 7 SYSTEMPATH\Model.php(667): CodeIgniter\BaseModel->insert([...], true)
 8 APPPATH\Controllers\API\InputAbsensiKaryawanApi.php(138): CodeIgniter\Model->insert([...])
 9 SYSTEMPATH\CodeIgniter.php(927): App\Controllers\API\InputAbsensiKaryawanApi->create()
10 SYSTEMPATH\CodeIgniter.php(482): CodeIgniter\CodeIgniter->runController(Object(App\Controllers\API\InputAbsensiKaryawanApi))
11 SYSTEMPATH\CodeIgniter.php(351): CodeIgniter\CodeIgniter->handleRequest(null, Object(Config\Cache), false)
12 FCPATH\index.php(67): CodeIgniter\CodeIgniter->run()
ERROR - 2023-04-13 21:35:37 --> mysqli_sql_exception: Duplicate entry 'ABS-1304230001' for key 'PRIMARY' in D:\INSTALER\XAMP806\htdocs\maadvertising.co.id\system\Database\MySQLi\Connection.php:292
Stack trace:
#0 D:\INSTALER\XAMP806\htdocs\maadvertising.co.id\system\Database\MySQLi\Connection.php(292): mysqli->query('INSERT INTO `ab...', 0)
#1 D:\INSTALER\XAMP806\htdocs\maadvertising.co.id\system\Database\BaseConnection.php(666): CodeIgniter\Database\MySQLi\Connection->execute('INSERT INTO `ab...')
#2 D:\INSTALER\XAMP806\htdocs\maadvertising.co.id\system\Database\BaseConnection.php(593): CodeIgniter\Database\BaseConnection->simpleQuery('INSERT INTO `ab...')
#3 D:\INSTALER\XAMP806\htdocs\maadvertising.co.id\system\Database\BaseBuilder.php(1916): CodeIgniter\Database\BaseConnection->query('INSERT INTO `ab...', Array, false)
#4 D:\INSTALER\XAMP806\htdocs\maadvertising.co.id\system\Model.php(279): CodeIgniter\Database\BaseBuilder->insert()
#5 D:\INSTALER\XAMP806\htdocs\maadvertising.co.id\system\BaseModel.php(749): CodeIgniter\Model->doInsert(Array)
#6 D:\INSTALER\XAMP806\htdocs\maadvertising.co.id\system\Model.php(667): CodeIgniter\BaseModel->insert(Array, true)
#7 D:\INSTALER\XAMP806\htdocs\maadvertising.co.id\app\Controllers\API\InputAbsensiKaryawanApi.php(138): CodeIgniter\Model->insert(Array)
#8 D:\INSTALER\XAMP806\htdocs\maadvertising.co.id\system\CodeIgniter.php(927): App\Controllers\API\InputAbsensiKaryawanApi->create()
#9 D:\INSTALER\XAMP806\htdocs\maadvertising.co.id\system\CodeIgniter.php(482): CodeIgniter\CodeIgniter->runController(Object(App\Controllers\API\InputAbsensiKaryawanApi))
#10 D:\INSTALER\XAMP806\htdocs\maadvertising.co.id\system\CodeIgniter.php(351): CodeIgniter\CodeIgniter->handleRequest(NULL, Object(Config\Cache), false)
#11 D:\INSTALER\XAMP806\htdocs\maadvertising.co.id\public\index.php(67): CodeIgniter\CodeIgniter->run()
#12 {main}
CRITICAL - 2023-04-13 21:35:37 --> Duplicate entry 'ABS-1304230001' for key 'PRIMARY'
in SYSTEMPATH\Database\MySQLi\Connection.php on line 292.
 1 SYSTEMPATH\Database\MySQLi\Connection.php(292): mysqli->query('INSERT INTO `absensi_karyawan` (`id_absensi`, `id_karyawan`, `tgl_absensi`, `jam_masuk`, `lokasi_masuk`, `foto_masuk`, `keterangan`) VALUES (\'ABS-1304230001\', \'Febriatul dari kotlin\', \'2023-04-14\', \'09:35\', \'-0.9486002,100.3718385\', \'\', \'\')', 0)
 2 SYSTEMPATH\Database\BaseConnection.php(666): CodeIgniter\Database\MySQLi\Connection->execute('INSERT INTO `absensi_karyawan` (`id_absensi`, `id_karyawan`, `tgl_absensi`, `jam_masuk`, `lokasi_masuk`, `foto_masuk`, `keterangan`) VALUES (\'ABS-1304230001\', \'Febriatul dari kotlin\', \'2023-04-14\', \'09:35\', \'-0.9486002,100.3718385\', \'\', \'\')')
 3 SYSTEMPATH\Database\BaseConnection.php(593): CodeIgniter\Database\BaseConnection->simpleQuery('INSERT INTO `absensi_karyawan` (`id_absensi`, `id_karyawan`, `tgl_absensi`, `jam_masuk`, `lokasi_masuk`, `foto_masuk`, `keterangan`) VALUES (\'ABS-1304230001\', \'Febriatul dari kotlin\', \'2023-04-14\', \'09:35\', \'-0.9486002,100.3718385\', \'\', \'\')')
 4 SYSTEMPATH\Database\BaseBuilder.php(1916): CodeIgniter\Database\BaseConnection->query('INSERT INTO `absensi_karyawan` (`id_absensi`, `id_karyawan`, `tgl_absensi`, `jam_masuk`, `lokasi_masuk`, `foto_masuk`, `keterangan`) VALUES (:id_absensi:, :id_karyawan:, :tgl_absensi:, :jam_masuk:, :lokasi_masuk:, :foto_masuk:, :keterangan:)', [...], false)
 5 SYSTEMPATH\Model.php(279): CodeIgniter\Database\BaseBuilder->insert()
 6 SYSTEMPATH\BaseModel.php(749): CodeIgniter\Model->doInsert([...])
 7 SYSTEMPATH\Model.php(667): CodeIgniter\BaseModel->insert([...], true)
 8 APPPATH\Controllers\API\InputAbsensiKaryawanApi.php(138): CodeIgniter\Model->insert([...])
 9 SYSTEMPATH\CodeIgniter.php(927): App\Controllers\API\InputAbsensiKaryawanApi->create()
10 SYSTEMPATH\CodeIgniter.php(482): CodeIgniter\CodeIgniter->runController(Object(App\Controllers\API\InputAbsensiKaryawanApi))
11 SYSTEMPATH\CodeIgniter.php(351): CodeIgniter\CodeIgniter->handleRequest(null, Object(Config\Cache), false)
12 FCPATH\index.php(67): CodeIgniter\CodeIgniter->run()
ERROR - 2023-04-13 21:37:26 --> mysqli_sql_exception: Duplicate entry 'ABS-1304230001' for key 'PRIMARY' in D:\INSTALER\XAMP806\htdocs\maadvertising.co.id\system\Database\MySQLi\Connection.php:292
Stack trace:
#0 D:\INSTALER\XAMP806\htdocs\maadvertising.co.id\system\Database\MySQLi\Connection.php(292): mysqli->query('INSERT INTO `ab...', 0)
#1 D:\INSTALER\XAMP806\htdocs\maadvertising.co.id\system\Database\BaseConnection.php(666): CodeIgniter\Database\MySQLi\Connection->execute('INSERT INTO `ab...')
#2 D:\INSTALER\XAMP806\htdocs\maadvertising.co.id\system\Database\BaseConnection.php(593): CodeIgniter\Database\BaseConnection->simpleQuery('INSERT INTO `ab...')
#3 D:\INSTALER\XAMP806\htdocs\maadvertising.co.id\system\Database\BaseBuilder.php(1916): CodeIgniter\Database\BaseConnection->query('INSERT INTO `ab...', Array, false)
#4 D:\INSTALER\XAMP806\htdocs\maadvertising.co.id\system\Model.php(279): CodeIgniter\Database\BaseBuilder->insert()
#5 D:\INSTALER\XAMP806\htdocs\maadvertising.co.id\system\BaseModel.php(749): CodeIgniter\Model->doInsert(Array)
#6 D:\INSTALER\XAMP806\htdocs\maadvertising.co.id\system\Model.php(667): CodeIgniter\BaseModel->insert(Array, true)
#7 D:\INSTALER\XAMP806\htdocs\maadvertising.co.id\app\Controllers\API\InputAbsensiKaryawanApi.php(138): CodeIgniter\Model->insert(Array)
#8 D:\INSTALER\XAMP806\htdocs\maadvertising.co.id\system\CodeIgniter.php(927): App\Controllers\API\InputAbsensiKaryawanApi->create()
#9 D:\INSTALER\XAMP806\htdocs\maadvertising.co.id\system\CodeIgniter.php(482): CodeIgniter\CodeIgniter->runController(Object(App\Controllers\API\InputAbsensiKaryawanApi))
#10 D:\INSTALER\XAMP806\htdocs\maadvertising.co.id\system\CodeIgniter.php(351): CodeIgniter\CodeIgniter->handleRequest(NULL, Object(Config\Cache), false)
#11 D:\INSTALER\XAMP806\htdocs\maadvertising.co.id\public\index.php(67): CodeIgniter\CodeIgniter->run()
#12 {main}
CRITICAL - 2023-04-13 21:37:26 --> Duplicate entry 'ABS-1304230001' for key 'PRIMARY'
in SYSTEMPATH\Database\MySQLi\Connection.php on line 292.
 1 SYSTEMPATH\Database\MySQLi\Connection.php(292): mysqli->query('INSERT INTO `absensi_karyawan` (`id_absensi`, `id_karyawan`, `tgl_absensi`, `jam_masuk`, `lokasi_masuk`, `foto_masuk`, `keterangan`) VALUES (\'ABS-1304230001\', \'Febriatul dari kotlin\', \'2023-04-14\', \'09:37\', \'-0.9485955,100.3718269\', \'\', \'\')', 0)
 2 SYSTEMPATH\Database\BaseConnection.php(666): CodeIgniter\Database\MySQLi\Connection->execute('INSERT INTO `absensi_karyawan` (`id_absensi`, `id_karyawan`, `tgl_absensi`, `jam_masuk`, `lokasi_masuk`, `foto_masuk`, `keterangan`) VALUES (\'ABS-1304230001\', \'Febriatul dari kotlin\', \'2023-04-14\', \'09:37\', \'-0.9485955,100.3718269\', \'\', \'\')')
 3 SYSTEMPATH\Database\BaseConnection.php(593): CodeIgniter\Database\BaseConnection->simpleQuery('INSERT INTO `absensi_karyawan` (`id_absensi`, `id_karyawan`, `tgl_absensi`, `jam_masuk`, `lokasi_masuk`, `foto_masuk`, `keterangan`) VALUES (\'ABS-1304230001\', \'Febriatul dari kotlin\', \'2023-04-14\', \'09:37\', \'-0.9485955,100.3718269\', \'\', \'\')')
 4 SYSTEMPATH\Database\BaseBuilder.php(1916): CodeIgniter\Database\BaseConnection->query('INSERT INTO `absensi_karyawan` (`id_absensi`, `id_karyawan`, `tgl_absensi`, `jam_masuk`, `lokasi_masuk`, `foto_masuk`, `keterangan`) VALUES (:id_absensi:, :id_karyawan:, :tgl_absensi:, :jam_masuk:, :lokasi_masuk:, :foto_masuk:, :keterangan:)', [...], false)
 5 SYSTEMPATH\Model.php(279): CodeIgniter\Database\BaseBuilder->insert()
 6 SYSTEMPATH\BaseModel.php(749): CodeIgniter\Model->doInsert([...])
 7 SYSTEMPATH\Model.php(667): CodeIgniter\BaseModel->insert([...], true)
 8 APPPATH\Controllers\API\InputAbsensiKaryawanApi.php(138): CodeIgniter\Model->insert([...])
 9 SYSTEMPATH\CodeIgniter.php(927): App\Controllers\API\InputAbsensiKaryawanApi->create()
10 SYSTEMPATH\CodeIgniter.php(482): CodeIgniter\CodeIgniter->runController(Object(App\Controllers\API\InputAbsensiKaryawanApi))
11 SYSTEMPATH\CodeIgniter.php(351): CodeIgniter\CodeIgniter->handleRequest(null, Object(Config\Cache), false)
12 FCPATH\index.php(67): CodeIgniter\CodeIgniter->run()
ERROR - 2023-04-13 21:37:50 --> mysqli_sql_exception: Duplicate entry 'ABS-1304230001' for key 'PRIMARY' in D:\INSTALER\XAMP806\htdocs\maadvertising.co.id\system\Database\MySQLi\Connection.php:292
Stack trace:
#0 D:\INSTALER\XAMP806\htdocs\maadvertising.co.id\system\Database\MySQLi\Connection.php(292): mysqli->query('INSERT INTO `ab...', 0)
#1 D:\INSTALER\XAMP806\htdocs\maadvertising.co.id\system\Database\BaseConnection.php(666): CodeIgniter\Database\MySQLi\Connection->execute('INSERT INTO `ab...')
#2 D:\INSTALER\XAMP806\htdocs\maadvertising.co.id\system\Database\BaseConnection.php(593): CodeIgniter\Database\BaseConnection->simpleQuery('INSERT INTO `ab...')
#3 D:\INSTALER\XAMP806\htdocs\maadvertising.co.id\system\Database\BaseBuilder.php(1916): CodeIgniter\Database\BaseConnection->query('INSERT INTO `ab...', Array, false)
#4 D:\INSTALER\XAMP806\htdocs\maadvertising.co.id\system\Model.php(279): CodeIgniter\Database\BaseBuilder->insert()
#5 D:\INSTALER\XAMP806\htdocs\maadvertising.co.id\system\BaseModel.php(749): CodeIgniter\Model->doInsert(Array)
#6 D:\INSTALER\XAMP806\htdocs\maadvertising.co.id\system\Model.php(667): CodeIgniter\BaseModel->insert(Array, true)
#7 D:\INSTALER\XAMP806\htdocs\maadvertising.co.id\app\Controllers\API\InputAbsensiKaryawanApi.php(138): CodeIgniter\Model->insert(Array)
#8 D:\INSTALER\XAMP806\htdocs\maadvertising.co.id\system\CodeIgniter.php(927): App\Controllers\API\InputAbsensiKaryawanApi->create()
#9 D:\INSTALER\XAMP806\htdocs\maadvertising.co.id\system\CodeIgniter.php(482): CodeIgniter\CodeIgniter->runController(Object(App\Controllers\API\InputAbsensiKaryawanApi))
#10 D:\INSTALER\XAMP806\htdocs\maadvertising.co.id\system\CodeIgniter.php(351): CodeIgniter\CodeIgniter->handleRequest(NULL, Object(Config\Cache), false)
#11 D:\INSTALER\XAMP806\htdocs\maadvertising.co.id\public\index.php(67): CodeIgniter\CodeIgniter->run()
#12 {main}
CRITICAL - 2023-04-13 21:37:50 --> Duplicate entry 'ABS-1304230001' for key 'PRIMARY'
in SYSTEMPATH\Database\MySQLi\Connection.php on line 292.
 1 SYSTEMPATH\Database\MySQLi\Connection.php(292): mysqli->query('INSERT INTO `absensi_karyawan` (`id_absensi`, `id_karyawan`, `tgl_absensi`, `jam_masuk`, `lokasi_masuk`, `foto_masuk`, `keterangan`) VALUES (\'ABS-1304230001\', \'Febriatul dari kotlin\', \'2023-04-14\', \'09:37\', \'-0.9486037,100.371837\', \'\', \'\')', 0)
 2 SYSTEMPATH\Database\BaseConnection.php(666): CodeIgniter\Database\MySQLi\Connection->execute('INSERT INTO `absensi_karyawan` (`id_absensi`, `id_karyawan`, `tgl_absensi`, `jam_masuk`, `lokasi_masuk`, `foto_masuk`, `keterangan`) VALUES (\'ABS-1304230001\', \'Febriatul dari kotlin\', \'2023-04-14\', \'09:37\', \'-0.9486037,100.371837\', \'\', \'\')')
 3 SYSTEMPATH\Database\BaseConnection.php(593): CodeIgniter\Database\BaseConnection->simpleQuery('INSERT INTO `absensi_karyawan` (`id_absensi`, `id_karyawan`, `tgl_absensi`, `jam_masuk`, `lokasi_masuk`, `foto_masuk`, `keterangan`) VALUES (\'ABS-1304230001\', \'Febriatul dari kotlin\', \'2023-04-14\', \'09:37\', \'-0.9486037,100.371837\', \'\', \'\')')
 4 SYSTEMPATH\Database\BaseBuilder.php(1916): CodeIgniter\Database\BaseConnection->query('INSERT INTO `absensi_karyawan` (`id_absensi`, `id_karyawan`, `tgl_absensi`, `jam_masuk`, `lokasi_masuk`, `foto_masuk`, `keterangan`) VALUES (:id_absensi:, :id_karyawan:, :tgl_absensi:, :jam_masuk:, :lokasi_masuk:, :foto_masuk:, :keterangan:)', [...], false)
 5 SYSTEMPATH\Model.php(279): CodeIgniter\Database\BaseBuilder->insert()
 6 SYSTEMPATH\BaseModel.php(749): CodeIgniter\Model->doInsert([...])
 7 SYSTEMPATH\Model.php(667): CodeIgniter\BaseModel->insert([...], true)
 8 APPPATH\Controllers\API\InputAbsensiKaryawanApi.php(138): CodeIgniter\Model->insert([...])
 9 SYSTEMPATH\CodeIgniter.php(927): App\Controllers\API\InputAbsensiKaryawanApi->create()
10 SYSTEMPATH\CodeIgniter.php(482): CodeIgniter\CodeIgniter->runController(Object(App\Controllers\API\InputAbsensiKaryawanApi))
11 SYSTEMPATH\CodeIgniter.php(351): CodeIgniter\CodeIgniter->handleRequest(null, Object(Config\Cache), false)
12 FCPATH\index.php(67): CodeIgniter\CodeIgniter->run()
ERROR - 2023-04-13 21:38:16 --> mysqli_sql_exception: Duplicate entry 'ABS-1304230001' for key 'PRIMARY' in D:\INSTALER\XAMP806\htdocs\maadvertising.co.id\system\Database\MySQLi\Connection.php:292
Stack trace:
#0 D:\INSTALER\XAMP806\htdocs\maadvertising.co.id\system\Database\MySQLi\Connection.php(292): mysqli->query('INSERT INTO `ab...', 0)
#1 D:\INSTALER\XAMP806\htdocs\maadvertising.co.id\system\Database\BaseConnection.php(666): CodeIgniter\Database\MySQLi\Connection->execute('INSERT INTO `ab...')
#2 D:\INSTALER\XAMP806\htdocs\maadvertising.co.id\system\Database\BaseConnection.php(593): CodeIgniter\Database\BaseConnection->simpleQuery('INSERT INTO `ab...')
#3 D:\INSTALER\XAMP806\htdocs\maadvertising.co.id\system\Database\BaseBuilder.php(1916): CodeIgniter\Database\BaseConnection->query('INSERT INTO `ab...', Array, false)
#4 D:\INSTALER\XAMP806\htdocs\maadvertising.co.id\system\Model.php(279): CodeIgniter\Database\BaseBuilder->insert()
#5 D:\INSTALER\XAMP806\htdocs\maadvertising.co.id\system\BaseModel.php(749): CodeIgniter\Model->doInsert(Array)
#6 D:\INSTALER\XAMP806\htdocs\maadvertising.co.id\system\Model.php(667): CodeIgniter\BaseModel->insert(Array, true)
#7 D:\INSTALER\XAMP806\htdocs\maadvertising.co.id\app\Controllers\API\InputAbsensiKaryawanApi.php(138): CodeIgniter\Model->insert(Array)
#8 D:\INSTALER\XAMP806\htdocs\maadvertising.co.id\system\CodeIgniter.php(927): App\Controllers\API\InputAbsensiKaryawanApi->create()
#9 D:\INSTALER\XAMP806\htdocs\maadvertising.co.id\system\CodeIgniter.php(482): CodeIgniter\CodeIgniter->runController(Object(App\Controllers\API\InputAbsensiKaryawanApi))
#10 D:\INSTALER\XAMP806\htdocs\maadvertising.co.id\system\CodeIgniter.php(351): CodeIgniter\CodeIgniter->handleRequest(NULL, Object(Config\Cache), false)
#11 D:\INSTALER\XAMP806\htdocs\maadvertising.co.id\public\index.php(67): CodeIgniter\CodeIgniter->run()
#12 {main}
CRITICAL - 2023-04-13 21:38:16 --> Duplicate entry 'ABS-1304230001' for key 'PRIMARY'
in SYSTEMPATH\Database\MySQLi\Connection.php on line 292.
 1 SYSTEMPATH\Database\MySQLi\Connection.php(292): mysqli->query('INSERT INTO `absensi_karyawan` (`id_absensi`, `id_karyawan`, `tgl_absensi`, `jam_masuk`, `lokasi_masuk`, `foto_masuk`, `keterangan`) VALUES (\'ABS-1304230001\', \'Febriatul dari kotlin\', \'2023-04-14\', \'09:38\', \'-0.9485996,100.3718383\', \'\', \'\')', 0)
 2 SYSTEMPATH\Database\BaseConnection.php(666): CodeIgniter\Database\MySQLi\Connection->execute('INSERT INTO `absensi_karyawan` (`id_absensi`, `id_karyawan`, `tgl_absensi`, `jam_masuk`, `lokasi_masuk`, `foto_masuk`, `keterangan`) VALUES (\'ABS-1304230001\', \'Febriatul dari kotlin\', \'2023-04-14\', \'09:38\', \'-0.9485996,100.3718383\', \'\', \'\')')
 3 SYSTEMPATH\Database\BaseConnection.php(593): CodeIgniter\Database\BaseConnection->simpleQuery('INSERT INTO `absensi_karyawan` (`id_absensi`, `id_karyawan`, `tgl_absensi`, `jam_masuk`, `lokasi_masuk`, `foto_masuk`, `keterangan`) VALUES (\'ABS-1304230001\', \'Febriatul dari kotlin\', \'2023-04-14\', \'09:38\', \'-0.9485996,100.3718383\', \'\', \'\')')
 4 SYSTEMPATH\Database\BaseBuilder.php(1916): CodeIgniter\Database\BaseConnection->query('INSERT INTO `absensi_karyawan` (`id_absensi`, `id_karyawan`, `tgl_absensi`, `jam_masuk`, `lokasi_masuk`, `foto_masuk`, `keterangan`) VALUES (:id_absensi:, :id_karyawan:, :tgl_absensi:, :jam_masuk:, :lokasi_masuk:, :foto_masuk:, :keterangan:)', [...], false)
 5 SYSTEMPATH\Model.php(279): CodeIgniter\Database\BaseBuilder->insert()
 6 SYSTEMPATH\BaseModel.php(749): CodeIgniter\Model->doInsert([...])
 7 SYSTEMPATH\Model.php(667): CodeIgniter\BaseModel->insert([...], true)
 8 APPPATH\Controllers\API\InputAbsensiKaryawanApi.php(138): CodeIgniter\Model->insert([...])
 9 SYSTEMPATH\CodeIgniter.php(927): App\Controllers\API\InputAbsensiKaryawanApi->create()
10 SYSTEMPATH\CodeIgniter.php(482): CodeIgniter\CodeIgniter->runController(Object(App\Controllers\API\InputAbsensiKaryawanApi))
11 SYSTEMPATH\CodeIgniter.php(351): CodeIgniter\CodeIgniter->handleRequest(null, Object(Config\Cache), false)
12 FCPATH\index.php(67): CodeIgniter\CodeIgniter->run()
ERROR - 2023-04-13 21:39:09 --> mysqli_sql_exception: Duplicate entry 'ABS-1304230001' for key 'PRIMARY' in D:\INSTALER\XAMP806\htdocs\maadvertising.co.id\system\Database\MySQLi\Connection.php:292
Stack trace:
#0 D:\INSTALER\XAMP806\htdocs\maadvertising.co.id\system\Database\MySQLi\Connection.php(292): mysqli->query('INSERT INTO `ab...', 0)
#1 D:\INSTALER\XAMP806\htdocs\maadvertising.co.id\system\Database\BaseConnection.php(666): CodeIgniter\Database\MySQLi\Connection->execute('INSERT INTO `ab...')
#2 D:\INSTALER\XAMP806\htdocs\maadvertising.co.id\system\Database\BaseConnection.php(593): CodeIgniter\Database\BaseConnection->simpleQuery('INSERT INTO `ab...')
#3 D:\INSTALER\XAMP806\htdocs\maadvertising.co.id\system\Database\BaseBuilder.php(1916): CodeIgniter\Database\BaseConnection->query('INSERT INTO `ab...', Array, false)
#4 D:\INSTALER\XAMP806\htdocs\maadvertising.co.id\system\Model.php(279): CodeIgniter\Database\BaseBuilder->insert()
#5 D:\INSTALER\XAMP806\htdocs\maadvertising.co.id\system\BaseModel.php(749): CodeIgniter\Model->doInsert(Array)
#6 D:\INSTALER\XAMP806\htdocs\maadvertising.co.id\system\Model.php(667): CodeIgniter\BaseModel->insert(Array, true)
#7 D:\INSTALER\XAMP806\htdocs\maadvertising.co.id\app\Controllers\API\InputAbsensiKaryawanApi.php(138): CodeIgniter\Model->insert(Array)
#8 D:\INSTALER\XAMP806\htdocs\maadvertising.co.id\system\CodeIgniter.php(927): App\Controllers\API\InputAbsensiKaryawanApi->create()
#9 D:\INSTALER\XAMP806\htdocs\maadvertising.co.id\system\CodeIgniter.php(482): CodeIgniter\CodeIgniter->runController(Object(App\Controllers\API\InputAbsensiKaryawanApi))
#10 D:\INSTALER\XAMP806\htdocs\maadvertising.co.id\system\CodeIgniter.php(351): CodeIgniter\CodeIgniter->handleRequest(NULL, Object(Config\Cache), false)
#11 D:\INSTALER\XAMP806\htdocs\maadvertising.co.id\public\index.php(67): CodeIgniter\CodeIgniter->run()
#12 {main}
CRITICAL - 2023-04-13 21:39:09 --> Duplicate entry 'ABS-1304230001' for key 'PRIMARY'
in SYSTEMPATH\Database\MySQLi\Connection.php on line 292.
 1 SYSTEMPATH\Database\MySQLi\Connection.php(292): mysqli->query('INSERT INTO `absensi_karyawan` (`id_absensi`, `id_karyawan`, `tgl_absensi`, `jam_masuk`, `lokasi_masuk`, `foto_masuk`, `keterangan`) VALUES (\'ABS-1304230001\', \'Febriatul dari kotlin\', \'2023-04-14\', \'09:39\', \'-0.9486019,100.3718384\', \'\', \'\')', 0)
 2 SYSTEMPATH\Database\BaseConnection.php(666): CodeIgniter\Database\MySQLi\Connection->execute('INSERT INTO `absensi_karyawan` (`id_absensi`, `id_karyawan`, `tgl_absensi`, `jam_masuk`, `lokasi_masuk`, `foto_masuk`, `keterangan`) VALUES (\'ABS-1304230001\', \'Febriatul dari kotlin\', \'2023-04-14\', \'09:39\', \'-0.9486019,100.3718384\', \'\', \'\')')
 3 SYSTEMPATH\Database\BaseConnection.php(593): CodeIgniter\Database\BaseConnection->simpleQuery('INSERT INTO `absensi_karyawan` (`id_absensi`, `id_karyawan`, `tgl_absensi`, `jam_masuk`, `lokasi_masuk`, `foto_masuk`, `keterangan`) VALUES (\'ABS-1304230001\', \'Febriatul dari kotlin\', \'2023-04-14\', \'09:39\', \'-0.9486019,100.3718384\', \'\', \'\')')
 4 SYSTEMPATH\Database\BaseBuilder.php(1916): CodeIgniter\Database\BaseConnection->query('INSERT INTO `absensi_karyawan` (`id_absensi`, `id_karyawan`, `tgl_absensi`, `jam_masuk`, `lokasi_masuk`, `foto_masuk`, `keterangan`) VALUES (:id_absensi:, :id_karyawan:, :tgl_absensi:, :jam_masuk:, :lokasi_masuk:, :foto_masuk:, :keterangan:)', [...], false)
 5 SYSTEMPATH\Model.php(279): CodeIgniter\Database\BaseBuilder->insert()
 6 SYSTEMPATH\BaseModel.php(749): CodeIgniter\Model->doInsert([...])
 7 SYSTEMPATH\Model.php(667): CodeIgniter\BaseModel->insert([...], true)
 8 APPPATH\Controllers\API\InputAbsensiKaryawanApi.php(138): CodeIgniter\Model->insert([...])
 9 SYSTEMPATH\CodeIgniter.php(927): App\Controllers\API\InputAbsensiKaryawanApi->create()
10 SYSTEMPATH\CodeIgniter.php(482): CodeIgniter\CodeIgniter->runController(Object(App\Controllers\API\InputAbsensiKaryawanApi))
11 SYSTEMPATH\CodeIgniter.php(351): CodeIgniter\CodeIgniter->handleRequest(null, Object(Config\Cache), false)
12 FCPATH\index.php(67): CodeIgniter\CodeIgniter->run()
ERROR - 2023-04-13 21:41:18 --> mysqli_sql_exception: Duplicate entry 'ABS-1304230001' for key 'PRIMARY' in D:\INSTALER\XAMP806\htdocs\maadvertising.co.id\system\Database\MySQLi\Connection.php:292
Stack trace:
#0 D:\INSTALER\XAMP806\htdocs\maadvertising.co.id\system\Database\MySQLi\Connection.php(292): mysqli->query('INSERT INTO `ab...', 0)
#1 D:\INSTALER\XAMP806\htdocs\maadvertising.co.id\system\Database\BaseConnection.php(666): CodeIgniter\Database\MySQLi\Connection->execute('INSERT INTO `ab...')
#2 D:\INSTALER\XAMP806\htdocs\maadvertising.co.id\system\Database\BaseConnection.php(593): CodeIgniter\Database\BaseConnection->simpleQuery('INSERT INTO `ab...')
#3 D:\INSTALER\XAMP806\htdocs\maadvertising.co.id\system\Database\BaseBuilder.php(1916): CodeIgniter\Database\BaseConnection->query('INSERT INTO `ab...', Array, false)
#4 D:\INSTALER\XAMP806\htdocs\maadvertising.co.id\system\Model.php(279): CodeIgniter\Database\BaseBuilder->insert()
#5 D:\INSTALER\XAMP806\htdocs\maadvertising.co.id\system\BaseModel.php(749): CodeIgniter\Model->doInsert(Array)
#6 D:\INSTALER\XAMP806\htdocs\maadvertising.co.id\system\Model.php(667): CodeIgniter\BaseModel->insert(Array, true)
#7 D:\INSTALER\XAMP806\htdocs\maadvertising.co.id\app\Controllers\API\InputAbsensiKaryawanApi.php(138): CodeIgniter\Model->insert(Array)
#8 D:\INSTALER\XAMP806\htdocs\maadvertising.co.id\system\CodeIgniter.php(927): App\Controllers\API\InputAbsensiKaryawanApi->create()
#9 D:\INSTALER\XAMP806\htdocs\maadvertising.co.id\system\CodeIgniter.php(482): CodeIgniter\CodeIgniter->runController(Object(App\Controllers\API\InputAbsensiKaryawanApi))
#10 D:\INSTALER\XAMP806\htdocs\maadvertising.co.id\system\CodeIgniter.php(351): CodeIgniter\CodeIgniter->handleRequest(NULL, Object(Config\Cache), false)
#11 D:\INSTALER\XAMP806\htdocs\maadvertising.co.id\public\index.php(67): CodeIgniter\CodeIgniter->run()
#12 {main}
CRITICAL - 2023-04-13 21:41:18 --> Duplicate entry 'ABS-1304230001' for key 'PRIMARY'
in SYSTEMPATH\Database\MySQLi\Connection.php on line 292.
 1 SYSTEMPATH\Database\MySQLi\Connection.php(292): mysqli->query('INSERT INTO `absensi_karyawan` (`id_absensi`, `id_karyawan`, `tgl_absensi`, `jam_masuk`, `lokasi_masuk`, `foto_masuk`, `keterangan`) VALUES (\'ABS-1304230001\', \'Febriatul dari kotlin\', \'2023-04-14\', \'09:41\', \'-0.9485951,100.3718276\', \'\', \'\')', 0)
 2 SYSTEMPATH\Database\BaseConnection.php(666): CodeIgniter\Database\MySQLi\Connection->execute('INSERT INTO `absensi_karyawan` (`id_absensi`, `id_karyawan`, `tgl_absensi`, `jam_masuk`, `lokasi_masuk`, `foto_masuk`, `keterangan`) VALUES (\'ABS-1304230001\', \'Febriatul dari kotlin\', \'2023-04-14\', \'09:41\', \'-0.9485951,100.3718276\', \'\', \'\')')
 3 SYSTEMPATH\Database\BaseConnection.php(593): CodeIgniter\Database\BaseConnection->simpleQuery('INSERT INTO `absensi_karyawan` (`id_absensi`, `id_karyawan`, `tgl_absensi`, `jam_masuk`, `lokasi_masuk`, `foto_masuk`, `keterangan`) VALUES (\'ABS-1304230001\', \'Febriatul dari kotlin\', \'2023-04-14\', \'09:41\', \'-0.9485951,100.3718276\', \'\', \'\')')
 4 SYSTEMPATH\Database\BaseBuilder.php(1916): CodeIgniter\Database\BaseConnection->query('INSERT INTO `absensi_karyawan` (`id_absensi`, `id_karyawan`, `tgl_absensi`, `jam_masuk`, `lokasi_masuk`, `foto_masuk`, `keterangan`) VALUES (:id_absensi:, :id_karyawan:, :tgl_absensi:, :jam_masuk:, :lokasi_masuk:, :foto_masuk:, :keterangan:)', [...], false)
 5 SYSTEMPATH\Model.php(279): CodeIgniter\Database\BaseBuilder->insert()
 6 SYSTEMPATH\BaseModel.php(749): CodeIgniter\Model->doInsert([...])
 7 SYSTEMPATH\Model.php(667): CodeIgniter\BaseModel->insert([...], true)
 8 APPPATH\Controllers\API\InputAbsensiKaryawanApi.php(138): CodeIgniter\Model->insert([...])
 9 SYSTEMPATH\CodeIgniter.php(927): App\Controllers\API\InputAbsensiKaryawanApi->create()
10 SYSTEMPATH\CodeIgniter.php(482): CodeIgniter\CodeIgniter->runController(Object(App\Controllers\API\InputAbsensiKaryawanApi))
11 SYSTEMPATH\CodeIgniter.php(351): CodeIgniter\CodeIgniter->handleRequest(null, Object(Config\Cache), false)
12 FCPATH\index.php(67): CodeIgniter\CodeIgniter->run()
ERROR - 2023-04-13 21:59:13 --> mysqli_sql_exception: Duplicate entry 'ABS-1304230001' for key 'PRIMARY' in D:\INSTALER\XAMP806\htdocs\maadvertising.co.id\system\Database\MySQLi\Connection.php:292
Stack trace:
#0 D:\INSTALER\XAMP806\htdocs\maadvertising.co.id\system\Database\MySQLi\Connection.php(292): mysqli->query('INSERT INTO `ab...', 0)
#1 D:\INSTALER\XAMP806\htdocs\maadvertising.co.id\system\Database\BaseConnection.php(666): CodeIgniter\Database\MySQLi\Connection->execute('INSERT INTO `ab...')
#2 D:\INSTALER\XAMP806\htdocs\maadvertising.co.id\system\Database\BaseConnection.php(593): CodeIgniter\Database\BaseConnection->simpleQuery('INSERT INTO `ab...')
#3 D:\INSTALER\XAMP806\htdocs\maadvertising.co.id\system\Database\BaseBuilder.php(1916): CodeIgniter\Database\BaseConnection->query('INSERT INTO `ab...', Array, false)
#4 D:\INSTALER\XAMP806\htdocs\maadvertising.co.id\system\Model.php(279): CodeIgniter\Database\BaseBuilder->insert()
#5 D:\INSTALER\XAMP806\htdocs\maadvertising.co.id\system\BaseModel.php(749): CodeIgniter\Model->doInsert(Array)
#6 D:\INSTALER\XAMP806\htdocs\maadvertising.co.id\system\Model.php(667): CodeIgniter\BaseModel->insert(Array, true)
#7 D:\INSTALER\XAMP806\htdocs\maadvertising.co.id\app\Controllers\API\InputAbsensiKaryawanApi.php(138): CodeIgniter\Model->insert(Array)
#8 D:\INSTALER\XAMP806\htdocs\maadvertising.co.id\system\CodeIgniter.php(927): App\Controllers\API\InputAbsensiKaryawanApi->create()
#9 D:\INSTALER\XAMP806\htdocs\maadvertising.co.id\system\CodeIgniter.php(482): CodeIgniter\CodeIgniter->runController(Object(App\Controllers\API\InputAbsensiKaryawanApi))
#10 D:\INSTALER\XAMP806\htdocs\maadvertising.co.id\system\CodeIgniter.php(351): CodeIgniter\CodeIgniter->handleRequest(NULL, Object(Config\Cache), false)
#11 D:\INSTALER\XAMP806\htdocs\maadvertising.co.id\public\index.php(67): CodeIgniter\CodeIgniter->run()
#12 {main}
CRITICAL - 2023-04-13 21:59:13 --> Duplicate entry 'ABS-1304230001' for key 'PRIMARY'
in SYSTEMPATH\Database\MySQLi\Connection.php on line 292.
 1 SYSTEMPATH\Database\MySQLi\Connection.php(292): mysqli->query('INSERT INTO `absensi_karyawan` (`id_absensi`, `id_karyawan`, `tgl_absensi`, `jam_masuk`, `lokasi_masuk`, `foto_masuk`, `keterangan`) VALUES (\'ABS-1304230001\', \'Febriatul dari kotlin\', \'2023-04-14\', \'09:59\', \'-0.948596,100.3718292\', \'\', \'\')', 0)
 2 SYSTEMPATH\Database\BaseConnection.php(666): CodeIgniter\Database\MySQLi\Connection->execute('INSERT INTO `absensi_karyawan` (`id_absensi`, `id_karyawan`, `tgl_absensi`, `jam_masuk`, `lokasi_masuk`, `foto_masuk`, `keterangan`) VALUES (\'ABS-1304230001\', \'Febriatul dari kotlin\', \'2023-04-14\', \'09:59\', \'-0.948596,100.3718292\', \'\', \'\')')
 3 SYSTEMPATH\Database\BaseConnection.php(593): CodeIgniter\Database\BaseConnection->simpleQuery('INSERT INTO `absensi_karyawan` (`id_absensi`, `id_karyawan`, `tgl_absensi`, `jam_masuk`, `lokasi_masuk`, `foto_masuk`, `keterangan`) VALUES (\'ABS-1304230001\', \'Febriatul dari kotlin\', \'2023-04-14\', \'09:59\', \'-0.948596,100.3718292\', \'\', \'\')')
 4 SYSTEMPATH\Database\BaseBuilder.php(1916): CodeIgniter\Database\BaseConnection->query('INSERT INTO `absensi_karyawan` (`id_absensi`, `id_karyawan`, `tgl_absensi`, `jam_masuk`, `lokasi_masuk`, `foto_masuk`, `keterangan`) VALUES (:id_absensi:, :id_karyawan:, :tgl_absensi:, :jam_masuk:, :lokasi_masuk:, :foto_masuk:, :keterangan:)', [...], false)
 5 SYSTEMPATH\Model.php(279): CodeIgniter\Database\BaseBuilder->insert()
 6 SYSTEMPATH\BaseModel.php(749): CodeIgniter\Model->doInsert([...])
 7 SYSTEMPATH\Model.php(667): CodeIgniter\BaseModel->insert([...], true)
 8 APPPATH\Controllers\API\InputAbsensiKaryawanApi.php(138): CodeIgniter\Model->insert([...])
 9 SYSTEMPATH\CodeIgniter.php(927): App\Controllers\API\InputAbsensiKaryawanApi->create()
10 SYSTEMPATH\CodeIgniter.php(482): CodeIgniter\CodeIgniter->runController(Object(App\Controllers\API\InputAbsensiKaryawanApi))
11 SYSTEMPATH\CodeIgniter.php(351): CodeIgniter\CodeIgniter->handleRequest(null, Object(Config\Cache), false)
12 FCPATH\index.php(67): CodeIgniter\CodeIgniter->run()
ERROR - 2023-04-13 22:00:03 --> mysqli_sql_exception: Duplicate entry 'ABS-1304230001' for key 'PRIMARY' in D:\INSTALER\XAMP806\htdocs\maadvertising.co.id\system\Database\MySQLi\Connection.php:292
Stack trace:
#0 D:\INSTALER\XAMP806\htdocs\maadvertising.co.id\system\Database\MySQLi\Connection.php(292): mysqli->query('INSERT INTO `ab...', 0)
#1 D:\INSTALER\XAMP806\htdocs\maadvertising.co.id\system\Database\BaseConnection.php(666): CodeIgniter\Database\MySQLi\Connection->execute('INSERT INTO `ab...')
#2 D:\INSTALER\XAMP806\htdocs\maadvertising.co.id\system\Database\BaseConnection.php(593): CodeIgniter\Database\BaseConnection->simpleQuery('INSERT INTO `ab...')
#3 D:\INSTALER\XAMP806\htdocs\maadvertising.co.id\system\Database\BaseBuilder.php(1916): CodeIgniter\Database\BaseConnection->query('INSERT INTO `ab...', Array, false)
#4 D:\INSTALER\XAMP806\htdocs\maadvertising.co.id\system\Model.php(279): CodeIgniter\Database\BaseBuilder->insert()
#5 D:\INSTALER\XAMP806\htdocs\maadvertising.co.id\system\BaseModel.php(749): CodeIgniter\Model->doInsert(Array)
#6 D:\INSTALER\XAMP806\htdocs\maadvertising.co.id\system\Model.php(667): CodeIgniter\BaseModel->insert(Array, true)
#7 D:\INSTALER\XAMP806\htdocs\maadvertising.co.id\app\Controllers\API\InputAbsensiKaryawanApi.php(138): CodeIgniter\Model->insert(Array)
#8 D:\INSTALER\XAMP806\htdocs\maadvertising.co.id\system\CodeIgniter.php(927): App\Controllers\API\InputAbsensiKaryawanApi->create()
#9 D:\INSTALER\XAMP806\htdocs\maadvertising.co.id\system\CodeIgniter.php(482): CodeIgniter\CodeIgniter->runController(Object(App\Controllers\API\InputAbsensiKaryawanApi))
#10 D:\INSTALER\XAMP806\htdocs\maadvertising.co.id\system\CodeIgniter.php(351): CodeIgniter\CodeIgniter->handleRequest(NULL, Object(Config\Cache), false)
#11 D:\INSTALER\XAMP806\htdocs\maadvertising.co.id\public\index.php(67): CodeIgniter\CodeIgniter->run()
#12 {main}
CRITICAL - 2023-04-13 22:00:03 --> Duplicate entry 'ABS-1304230001' for key 'PRIMARY'
in SYSTEMPATH\Database\MySQLi\Connection.php on line 292.
 1 SYSTEMPATH\Database\MySQLi\Connection.php(292): mysqli->query('INSERT INTO `absensi_karyawan` (`id_absensi`, `id_karyawan`, `tgl_absensi`, `jam_masuk`, `lokasi_masuk`, `foto_masuk`, `keterangan`) VALUES (\'ABS-1304230001\', \'Febriatul dari kotlin\', \'2023-04-14\', \'10:00\', \'-0.9485261,100.3717751\', \'\', \'\')', 0)
 2 SYSTEMPATH\Database\BaseConnection.php(666): CodeIgniter\Database\MySQLi\Connection->execute('INSERT INTO `absensi_karyawan` (`id_absensi`, `id_karyawan`, `tgl_absensi`, `jam_masuk`, `lokasi_masuk`, `foto_masuk`, `keterangan`) VALUES (\'ABS-1304230001\', \'Febriatul dari kotlin\', \'2023-04-14\', \'10:00\', \'-0.9485261,100.3717751\', \'\', \'\')')
 3 SYSTEMPATH\Database\BaseConnection.php(593): CodeIgniter\Database\BaseConnection->simpleQuery('INSERT INTO `absensi_karyawan` (`id_absensi`, `id_karyawan`, `tgl_absensi`, `jam_masuk`, `lokasi_masuk`, `foto_masuk`, `keterangan`) VALUES (\'ABS-1304230001\', \'Febriatul dari kotlin\', \'2023-04-14\', \'10:00\', \'-0.9485261,100.3717751\', \'\', \'\')')
 4 SYSTEMPATH\Database\BaseBuilder.php(1916): CodeIgniter\Database\BaseConnection->query('INSERT INTO `absensi_karyawan` (`id_absensi`, `id_karyawan`, `tgl_absensi`, `jam_masuk`, `lokasi_masuk`, `foto_masuk`, `keterangan`) VALUES (:id_absensi:, :id_karyawan:, :tgl_absensi:, :jam_masuk:, :lokasi_masuk:, :foto_masuk:, :keterangan:)', [...], false)
 5 SYSTEMPATH\Model.php(279): CodeIgniter\Database\BaseBuilder->insert()
 6 SYSTEMPATH\BaseModel.php(749): CodeIgniter\Model->doInsert([...])
 7 SYSTEMPATH\Model.php(667): CodeIgniter\BaseModel->insert([...], true)
 8 APPPATH\Controllers\API\InputAbsensiKaryawanApi.php(138): CodeIgniter\Model->insert([...])
 9 SYSTEMPATH\CodeIgniter.php(927): App\Controllers\API\InputAbsensiKaryawanApi->create()
10 SYSTEMPATH\CodeIgniter.php(482): CodeIgniter\CodeIgniter->runController(Object(App\Controllers\API\InputAbsensiKaryawanApi))
11 SYSTEMPATH\CodeIgniter.php(351): CodeIgniter\CodeIgniter->handleRequest(null, Object(Config\Cache), false)
12 FCPATH\index.php(67): CodeIgniter\CodeIgniter->run()
ERROR - 2023-04-13 22:07:06 --> mysqli_sql_exception: Duplicate entry 'TRK-1304230001' for key 'PRIMARY' in D:\INSTALER\XAMP806\htdocs\maadvertising.co.id\system\Database\MySQLi\Connection.php:292
Stack trace:
#0 D:\INSTALER\XAMP806\htdocs\maadvertising.co.id\system\Database\MySQLi\Connection.php(292): mysqli->query('INSERT INTO `ab...', 0)
#1 D:\INSTALER\XAMP806\htdocs\maadvertising.co.id\system\Database\BaseConnection.php(666): CodeIgniter\Database\MySQLi\Connection->execute('INSERT INTO `ab...')
#2 D:\INSTALER\XAMP806\htdocs\maadvertising.co.id\system\Database\BaseConnection.php(593): CodeIgniter\Database\BaseConnection->simpleQuery('INSERT INTO `ab...')
#3 D:\INSTALER\XAMP806\htdocs\maadvertising.co.id\system\Database\BaseBuilder.php(1916): CodeIgniter\Database\BaseConnection->query('INSERT INTO `ab...', Array, false)
#4 D:\INSTALER\XAMP806\htdocs\maadvertising.co.id\system\Model.php(279): CodeIgniter\Database\BaseBuilder->insert()
#5 D:\INSTALER\XAMP806\htdocs\maadvertising.co.id\system\BaseModel.php(749): CodeIgniter\Model->doInsert(Array)
#6 D:\INSTALER\XAMP806\htdocs\maadvertising.co.id\system\Model.php(667): CodeIgniter\BaseModel->insert(Array, true)
#7 D:\INSTALER\XAMP806\htdocs\maadvertising.co.id\app\Controllers\API\InputAbsensiKaryawanApi.php(137): CodeIgniter\Model->insert(Array)
#8 D:\INSTALER\XAMP806\htdocs\maadvertising.co.id\system\CodeIgniter.php(927): App\Controllers\API\InputAbsensiKaryawanApi->create()
#9 D:\INSTALER\XAMP806\htdocs\maadvertising.co.id\system\CodeIgniter.php(482): CodeIgniter\CodeIgniter->runController(Object(App\Controllers\API\InputAbsensiKaryawanApi))
#10 D:\INSTALER\XAMP806\htdocs\maadvertising.co.id\system\CodeIgniter.php(351): CodeIgniter\CodeIgniter->handleRequest(NULL, Object(Config\Cache), false)
#11 D:\INSTALER\XAMP806\htdocs\maadvertising.co.id\public\index.php(67): CodeIgniter\CodeIgniter->run()
#12 {main}
CRITICAL - 2023-04-13 22:07:06 --> Duplicate entry 'TRK-1304230001' for key 'PRIMARY'
in SYSTEMPATH\Database\MySQLi\Connection.php on line 292.
 1 SYSTEMPATH\Database\MySQLi\Connection.php(292): mysqli->query('INSERT INTO `absensi_karyawan` (`id_absensi`, `id_karyawan`, `tgl_absensi`, `jam_masuk`, `lokasi_masuk`, `foto_masuk`, `keterangan`) VALUES (\'TRK-1304230001\', \'Febriatul dari kotlin\', \'2023-04-14\', \'10:07\', \'-0.9486025,100.3718374\', \'\', \'\')', 0)
 2 SYSTEMPATH\Database\BaseConnection.php(666): CodeIgniter\Database\MySQLi\Connection->execute('INSERT INTO `absensi_karyawan` (`id_absensi`, `id_karyawan`, `tgl_absensi`, `jam_masuk`, `lokasi_masuk`, `foto_masuk`, `keterangan`) VALUES (\'TRK-1304230001\', \'Febriatul dari kotlin\', \'2023-04-14\', \'10:07\', \'-0.9486025,100.3718374\', \'\', \'\')')
 3 SYSTEMPATH\Database\BaseConnection.php(593): CodeIgniter\Database\BaseConnection->simpleQuery('INSERT INTO `absensi_karyawan` (`id_absensi`, `id_karyawan`, `tgl_absensi`, `jam_masuk`, `lokasi_masuk`, `foto_masuk`, `keterangan`) VALUES (\'TRK-1304230001\', \'Febriatul dari kotlin\', \'2023-04-14\', \'10:07\', \'-0.9486025,100.3718374\', \'\', \'\')')
 4 SYSTEMPATH\Database\BaseBuilder.php(1916): CodeIgniter\Database\BaseConnection->query('INSERT INTO `absensi_karyawan` (`id_absensi`, `id_karyawan`, `tgl_absensi`, `jam_masuk`, `lokasi_masuk`, `foto_masuk`, `keterangan`) VALUES (:id_absensi:, :id_karyawan:, :tgl_absensi:, :jam_masuk:, :lokasi_masuk:, :foto_masuk:, :keterangan:)', [...], false)
 5 SYSTEMPATH\Model.php(279): CodeIgniter\Database\BaseBuilder->insert()
 6 SYSTEMPATH\BaseModel.php(749): CodeIgniter\Model->doInsert([...])
 7 SYSTEMPATH\Model.php(667): CodeIgniter\BaseModel->insert([...], true)
 8 APPPATH\Controllers\API\InputAbsensiKaryawanApi.php(137): CodeIgniter\Model->insert([...])
 9 SYSTEMPATH\CodeIgniter.php(927): App\Controllers\API\InputAbsensiKaryawanApi->create()
10 SYSTEMPATH\CodeIgniter.php(482): CodeIgniter\CodeIgniter->runController(Object(App\Controllers\API\InputAbsensiKaryawanApi))
11 SYSTEMPATH\CodeIgniter.php(351): CodeIgniter\CodeIgniter->handleRequest(null, Object(Config\Cache), false)
12 FCPATH\index.php(67): CodeIgniter\CodeIgniter->run()
ERROR - 2023-04-13 22:21:51 --> mysqli_sql_exception: Duplicate entry 'TRK-1304230001' for key 'PRIMARY' in D:\INSTALER\XAMP806\htdocs\maadvertising.co.id\system\Database\MySQLi\Connection.php:292
Stack trace:
#0 D:\INSTALER\XAMP806\htdocs\maadvertising.co.id\system\Database\MySQLi\Connection.php(292): mysqli->query('INSERT INTO `ab...', 0)
#1 D:\INSTALER\XAMP806\htdocs\maadvertising.co.id\system\Database\BaseConnection.php(666): CodeIgniter\Database\MySQLi\Connection->execute('INSERT INTO `ab...')
#2 D:\INSTALER\XAMP806\htdocs\maadvertising.co.id\system\Database\BaseConnection.php(593): CodeIgniter\Database\BaseConnection->simpleQuery('INSERT INTO `ab...')
#3 D:\INSTALER\XAMP806\htdocs\maadvertising.co.id\system\Database\BaseBuilder.php(1916): CodeIgniter\Database\BaseConnection->query('INSERT INTO `ab...', Array, false)
#4 D:\INSTALER\XAMP806\htdocs\maadvertising.co.id\system\Model.php(279): CodeIgniter\Database\BaseBuilder->insert()
#5 D:\INSTALER\XAMP806\htdocs\maadvertising.co.id\system\BaseModel.php(749): CodeIgniter\Model->doInsert(Array)
#6 D:\INSTALER\XAMP806\htdocs\maadvertising.co.id\system\Model.php(667): CodeIgniter\BaseModel->insert(Array, true)
#7 D:\INSTALER\XAMP806\htdocs\maadvertising.co.id\app\Controllers\API\InputAbsensiKaryawanApi.php(137): CodeIgniter\Model->insert(Array)
#8 D:\INSTALER\XAMP806\htdocs\maadvertising.co.id\system\CodeIgniter.php(927): App\Controllers\API\InputAbsensiKaryawanApi->create()
#9 D:\INSTALER\XAMP806\htdocs\maadvertising.co.id\system\CodeIgniter.php(482): CodeIgniter\CodeIgniter->runController(Object(App\Controllers\API\InputAbsensiKaryawanApi))
#10 D:\INSTALER\XAMP806\htdocs\maadvertising.co.id\system\CodeIgniter.php(351): CodeIgniter\CodeIgniter->handleRequest(NULL, Object(Config\Cache), false)
#11 D:\INSTALER\XAMP806\htdocs\maadvertising.co.id\public\index.php(67): CodeIgniter\CodeIgniter->run()
#12 {main}
CRITICAL - 2023-04-13 22:21:51 --> Duplicate entry 'TRK-1304230001' for key 'PRIMARY'
in SYSTEMPATH\Database\MySQLi\Connection.php on line 292.
 1 SYSTEMPATH\Database\MySQLi\Connection.php(292): mysqli->query('INSERT INTO `absensi_karyawan` (`id_absensi`, `id_karyawan`, `tgl_absensi`, `jam_masuk`, `lokasi_masuk`, `foto_masuk`, `keterangan`) VALUES (\'TRK-1304230001\', \'Febriatul dari kotlin\', \'2023-04-14\', \'10:21\', \'-0.9486031,100.3718315\', \'\', \'guj\')', 0)
 2 SYSTEMPATH\Database\BaseConnection.php(666): CodeIgniter\Database\MySQLi\Connection->execute('INSERT INTO `absensi_karyawan` (`id_absensi`, `id_karyawan`, `tgl_absensi`, `jam_masuk`, `lokasi_masuk`, `foto_masuk`, `keterangan`) VALUES (\'TRK-1304230001\', \'Febriatul dari kotlin\', \'2023-04-14\', \'10:21\', \'-0.9486031,100.3718315\', \'\', \'guj\')')
 3 SYSTEMPATH\Database\BaseConnection.php(593): CodeIgniter\Database\BaseConnection->simpleQuery('INSERT INTO `absensi_karyawan` (`id_absensi`, `id_karyawan`, `tgl_absensi`, `jam_masuk`, `lokasi_masuk`, `foto_masuk`, `keterangan`) VALUES (\'TRK-1304230001\', \'Febriatul dari kotlin\', \'2023-04-14\', \'10:21\', \'-0.9486031,100.3718315\', \'\', \'guj\')')
 4 SYSTEMPATH\Database\BaseBuilder.php(1916): CodeIgniter\Database\BaseConnection->query('INSERT INTO `absensi_karyawan` (`id_absensi`, `id_karyawan`, `tgl_absensi`, `jam_masuk`, `lokasi_masuk`, `foto_masuk`, `keterangan`) VALUES (:id_absensi:, :id_karyawan:, :tgl_absensi:, :jam_masuk:, :lokasi_masuk:, :foto_masuk:, :keterangan:)', [...], false)
 5 SYSTEMPATH\Model.php(279): CodeIgniter\Database\BaseBuilder->insert()
 6 SYSTEMPATH\BaseModel.php(749): CodeIgniter\Model->doInsert([...])
 7 SYSTEMPATH\Model.php(667): CodeIgniter\BaseModel->insert([...], true)
 8 APPPATH\Controllers\API\InputAbsensiKaryawanApi.php(137): CodeIgniter\Model->insert([...])
 9 SYSTEMPATH\CodeIgniter.php(927): App\Controllers\API\InputAbsensiKaryawanApi->create()
10 SYSTEMPATH\CodeIgniter.php(482): CodeIgniter\CodeIgniter->runController(Object(App\Controllers\API\InputAbsensiKaryawanApi))
11 SYSTEMPATH\CodeIgniter.php(351): CodeIgniter\CodeIgniter->handleRequest(null, Object(Config\Cache), false)
12 FCPATH\index.php(67): CodeIgniter\CodeIgniter->run()
