CRITICAL - 2023-06-30 00:10:05 --> Undefined array key "subtotal_Kelalaian"
in APPPATH\Controllers\Kelalaian.php on line 334.
 1 APPPATH\Controllers\Kelalaian.php(334): CodeIgniter\Debug\Exceptions->errorHandler(2, 'Undefined array key "subtotal_Kelalaian"', 'APPPATH\\Controllers\\Kelalaian.php', 334)
 2 SYSTEMPATH\CodeIgniter.php(927): App\Controllers\Kelalaian->updatedata()
 3 SYSTEMPATH\CodeIgniter.php(482): CodeIgniter\CodeIgniter->runController(Object(App\Controllers\Kelalaian))
 4 SYSTEMPATH\CodeIgniter.php(351): CodeIgniter\CodeIgniter->handleRequest(null, Object(Config\Cache), false)
 5 FCPATH\index.php(67): CodeIgniter\CodeIgniter->run()
CRITICAL - 2023-06-30 00:13:42 --> Undefined variable $bulansekarang
in APPPATH\Controllers\Hutang.php on line 160.
 1 APPPATH\Controllers\Hutang.php(160): CodeIgniter\Debug\Exceptions->errorHandler(2, 'Undefined variable $bulansekarang', 'APPPATH\\Controllers\\Hutang.php', 160)
 2 SYSTEMPATH\CodeIgniter.php(927): App\Controllers\Hutang->simpandata()
 3 SYSTEMPATH\CodeIgniter.php(482): CodeIgniter\CodeIgniter->runController(Object(App\Controllers\Hutang))
 4 SYSTEMPATH\CodeIgniter.php(351): CodeIgniter\CodeIgniter->handleRequest(null, Object(Config\Cache), false)
 5 FCPATH\index.php(67): CodeIgniter\CodeIgniter->run()
CRITICAL - 2023-06-30 00:14:39 --> Undefined variable $jumlahakhir
in APPPATH\Controllers\Hutang.php on line 279.
 1 APPPATH\Controllers\Hutang.php(279): CodeIgniter\Debug\Exceptions->errorHandler(2, 'Undefined variable $jumlahakhir', 'APPPATH\\Controllers\\Hutang.php', 279)
 2 SYSTEMPATH\CodeIgniter.php(927): App\Controllers\Hutang->simpandata()
 3 SYSTEMPATH\CodeIgniter.php(482): CodeIgniter\CodeIgniter->runController(Object(App\Controllers\Hutang))
 4 SYSTEMPATH\CodeIgniter.php(351): CodeIgniter\CodeIgniter->handleRequest(null, Object(Config\Cache), false)
 5 FCPATH\index.php(67): CodeIgniter\CodeIgniter->run()
CRITICAL - 2023-06-30 00:16:45 --> Undefined variable $jumlahakhir
in APPPATH\Controllers\Hutang.php on line 279.
 1 APPPATH\Controllers\Hutang.php(279): CodeIgniter\Debug\Exceptions->errorHandler(2, 'Undefined variable $jumlahakhir', 'APPPATH\\Controllers\\Hutang.php', 279)
 2 SYSTEMPATH\CodeIgniter.php(927): App\Controllers\Hutang->simpandata()
 3 SYSTEMPATH\CodeIgniter.php(482): CodeIgniter\CodeIgniter->runController(Object(App\Controllers\Hutang))
 4 SYSTEMPATH\CodeIgniter.php(351): CodeIgniter\CodeIgniter->handleRequest(null, Object(Config\Cache), false)
 5 FCPATH\index.php(67): CodeIgniter\CodeIgniter->run()
CRITICAL - 2023-06-30 00:19:47 --> Undefined variable $jumlahakhir
in APPPATH\Controllers\Kelalaian.php on line 268.
 1 APPPATH\Controllers\Kelalaian.php(268): CodeIgniter\Debug\Exceptions->errorHandler(2, 'Undefined variable $jumlahakhir', 'APPPATH\\Controllers\\Kelalaian.php', 268)
 2 SYSTEMPATH\CodeIgniter.php(927): App\Controllers\Kelalaian->simpandata()
 3 SYSTEMPATH\CodeIgniter.php(482): CodeIgniter\CodeIgniter->runController(Object(App\Controllers\Kelalaian))
 4 SYSTEMPATH\CodeIgniter.php(351): CodeIgniter\CodeIgniter->handleRequest(null, Object(Config\Cache), false)
 5 FCPATH\index.php(67): CodeIgniter\CodeIgniter->run()
CRITICAL - 2023-06-30 00:25:36 --> Undefined variable $jumlahakhir
in APPPATH\Controllers\Hutang.php on line 270.
 1 APPPATH\Controllers\Hutang.php(270): CodeIgniter\Debug\Exceptions->errorHandler(2, 'Undefined variable $jumlahakhir', 'APPPATH\\Controllers\\Hutang.php', 270)
 2 SYSTEMPATH\CodeIgniter.php(927): App\Controllers\Hutang->simpandata()
 3 SYSTEMPATH\CodeIgniter.php(482): CodeIgniter\CodeIgniter->runController(Object(App\Controllers\Hutang))
 4 SYSTEMPATH\CodeIgniter.php(351): CodeIgniter\CodeIgniter->handleRequest(null, Object(Config\Cache), false)
 5 FCPATH\index.php(67): CodeIgniter\CodeIgniter->run()
CRITICAL - 2023-06-30 00:29:12 --> Undefined variable $jumlahakhir
in APPPATH\Controllers\Hutang.php on line 270.
 1 APPPATH\Controllers\Hutang.php(270): CodeIgniter\Debug\Exceptions->errorHandler(2, 'Undefined variable $jumlahakhir', 'APPPATH\\Controllers\\Hutang.php', 270)
 2 SYSTEMPATH\CodeIgniter.php(927): App\Controllers\Hutang->simpandata()
 3 SYSTEMPATH\CodeIgniter.php(482): CodeIgniter\CodeIgniter->runController(Object(App\Controllers\Hutang))
 4 SYSTEMPATH\CodeIgniter.php(351): CodeIgniter\CodeIgniter->handleRequest(null, Object(Config\Cache), false)
 5 FCPATH\index.php(67): CodeIgniter\CodeIgniter->run()
CRITICAL - 2023-06-30 00:33:38 --> Undefined variable $jumlahakhir
in APPPATH\Controllers\Hutang.php on line 270.
 1 APPPATH\Controllers\Hutang.php(270): CodeIgniter\Debug\Exceptions->errorHandler(2, 'Undefined variable $jumlahakhir', 'APPPATH\\Controllers\\Hutang.php', 270)
 2 SYSTEMPATH\CodeIgniter.php(927): App\Controllers\Hutang->simpandata()
 3 SYSTEMPATH\CodeIgniter.php(482): CodeIgniter\CodeIgniter->runController(Object(App\Controllers\Hutang))
 4 SYSTEMPATH\CodeIgniter.php(351): CodeIgniter\CodeIgniter->handleRequest(null, Object(Config\Cache), false)
 5 FCPATH\index.php(67): CodeIgniter\CodeIgniter->run()
CRITICAL - 2023-06-30 00:36:15 --> Undefined variable $jumlahakhir
in APPPATH\Controllers\Hutang.php on line 270.
 1 APPPATH\Controllers\Hutang.php(270): CodeIgniter\Debug\Exceptions->errorHandler(2, 'Undefined variable $jumlahakhir', 'APPPATH\\Controllers\\Hutang.php', 270)
 2 SYSTEMPATH\CodeIgniter.php(927): App\Controllers\Hutang->simpandata()
 3 SYSTEMPATH\CodeIgniter.php(482): CodeIgniter\CodeIgniter->runController(Object(App\Controllers\Hutang))
 4 SYSTEMPATH\CodeIgniter.php(351): CodeIgniter\CodeIgniter->handleRequest(null, Object(Config\Cache), false)
 5 FCPATH\index.php(67): CodeIgniter\CodeIgniter->run()
CRITICAL - 2023-06-30 19:44:07 --> Undefined array key "passpengguna"
in APPPATH\Controllers\API\LoginApi.php on line 32.
 1 APPPATH\Controllers\API\LoginApi.php(32): CodeIgniter\Debug\Exceptions->errorHandler(2, 'Undefined array key "passpengguna"', 'APPPATH\\Controllers\\API\\LoginApi.php', 32)
 2 SYSTEMPATH\CodeIgniter.php(927): App\Controllers\API\LoginApi->index()
 3 SYSTEMPATH\CodeIgniter.php(482): CodeIgniter\CodeIgniter->runController(Object(App\Controllers\API\LoginApi))
 4 SYSTEMPATH\CodeIgniter.php(351): CodeIgniter\CodeIgniter->handleRequest(null, Object(Config\Cache), false)
 5 FCPATH\index.php(67): CodeIgniter\CodeIgniter->run()
CRITICAL - 2023-06-30 19:49:57 --> Undefined array key "passpengguna"
in APPPATH\Controllers\API\LoginApi.php on line 32.
 1 APPPATH\Controllers\API\LoginApi.php(32): CodeIgniter\Debug\Exceptions->errorHandler(2, 'Undefined array key "passpengguna"', 'APPPATH\\Controllers\\API\\LoginApi.php', 32)
 2 SYSTEMPATH\CodeIgniter.php(927): App\Controllers\API\LoginApi->index()
 3 SYSTEMPATH\CodeIgniter.php(482): CodeIgniter\CodeIgniter->runController(Object(App\Controllers\API\LoginApi))
 4 SYSTEMPATH\CodeIgniter.php(351): CodeIgniter\CodeIgniter->handleRequest(null, Object(Config\Cache), false)
 5 FCPATH\index.php(67): CodeIgniter\CodeIgniter->run()
CRITICAL - 2023-06-30 19:50:07 --> Undefined array key "passpengguna"
in APPPATH\Controllers\API\LoginApi.php on line 32.
 1 APPPATH\Controllers\API\LoginApi.php(32): CodeIgniter\Debug\Exceptions->errorHandler(2, 'Undefined array key "passpengguna"', 'APPPATH\\Controllers\\API\\LoginApi.php', 32)
 2 SYSTEMPATH\CodeIgniter.php(927): App\Controllers\API\LoginApi->index()
 3 SYSTEMPATH\CodeIgniter.php(482): CodeIgniter\CodeIgniter->runController(Object(App\Controllers\API\LoginApi))
 4 SYSTEMPATH\CodeIgniter.php(351): CodeIgniter\CodeIgniter->handleRequest(null, Object(Config\Cache), false)
 5 FCPATH\index.php(67): CodeIgniter\CodeIgniter->run()
CRITICAL - 2023-06-30 20:12:55 --> Call to undefined method App\Models\ModelKaryawan::getResultArray
in SYSTEMPATH\Model.php on line 774.
 1 APPPATH\Controllers\API\LoginApi.php(52): CodeIgniter\Model->__call('getResultArray', [])
 2 SYSTEMPATH\CodeIgniter.php(927): App\Controllers\API\LoginApi->index()
 3 SYSTEMPATH\CodeIgniter.php(482): CodeIgniter\CodeIgniter->runController(Object(App\Controllers\API\LoginApi))
 4 SYSTEMPATH\CodeIgniter.php(351): CodeIgniter\CodeIgniter->handleRequest(null, Object(Config\Cache), false)
 5 FCPATH\index.php(67): CodeIgniter\CodeIgniter->run()
CRITICAL - 2023-06-30 20:13:52 --> Undefined array key "idkaryawan"
in APPPATH\Controllers\API\LoginApi.php on line 53.
 1 APPPATH\Controllers\API\LoginApi.php(53): CodeIgniter\Debug\Exceptions->errorHandler(2, 'Undefined array key "idkaryawan"', 'APPPATH\\Controllers\\API\\LoginApi.php', 53)
 2 SYSTEMPATH\CodeIgniter.php(927): App\Controllers\API\LoginApi->index()
 3 SYSTEMPATH\CodeIgniter.php(482): CodeIgniter\CodeIgniter->runController(Object(App\Controllers\API\LoginApi))
 4 SYSTEMPATH\CodeIgniter.php(351): CodeIgniter\CodeIgniter->handleRequest(null, Object(Config\Cache), false)
 5 FCPATH\index.php(67): CodeIgniter\CodeIgniter->run()
CRITICAL - 2023-06-30 21:05:09 --> Undefined array key "idkaryawan"
in APPPATH\Controllers\API\LoginApi.php on line 53.
 1 APPPATH\Controllers\API\LoginApi.php(53): CodeIgniter\Debug\Exceptions->errorHandler(2, 'Undefined array key "idkaryawan"', 'APPPATH\\Controllers\\API\\LoginApi.php', 53)
 2 SYSTEMPATH\CodeIgniter.php(927): App\Controllers\API\LoginApi->index()
 3 SYSTEMPATH\CodeIgniter.php(482): CodeIgniter\CodeIgniter->runController(Object(App\Controllers\API\LoginApi))
 4 SYSTEMPATH\CodeIgniter.php(351): CodeIgniter\CodeIgniter->handleRequest(null, Object(Config\Cache), false)
 5 FCPATH\index.php(67): CodeIgniter\CodeIgniter->run()
CRITICAL - 2023-06-30 21:05:31 --> Undefined array key "idkaryawan"
in APPPATH\Controllers\API\LoginApi.php on line 53.
 1 APPPATH\Controllers\API\LoginApi.php(53): CodeIgniter\Debug\Exceptions->errorHandler(2, 'Undefined array key "idkaryawan"', 'APPPATH\\Controllers\\API\\LoginApi.php', 53)
 2 SYSTEMPATH\CodeIgniter.php(927): App\Controllers\API\LoginApi->index()
 3 SYSTEMPATH\CodeIgniter.php(482): CodeIgniter\CodeIgniter->runController(Object(App\Controllers\API\LoginApi))
 4 SYSTEMPATH\CodeIgniter.php(351): CodeIgniter\CodeIgniter->handleRequest(null, Object(Config\Cache), false)
 5 FCPATH\index.php(67): CodeIgniter\CodeIgniter->run()
CRITICAL - 2023-06-30 21:06:49 --> Undefined variable $idkaryyawan
in APPPATH\Controllers\API\LoginApi.php on line 67.
 1 APPPATH\Controllers\API\LoginApi.php(67): CodeIgniter\Debug\Exceptions->errorHandler(2, 'Undefined variable $idkaryyawan', 'APPPATH\\Controllers\\API\\LoginApi.php', 67)
 2 SYSTEMPATH\CodeIgniter.php(927): App\Controllers\API\LoginApi->index()
 3 SYSTEMPATH\CodeIgniter.php(482): CodeIgniter\CodeIgniter->runController(Object(App\Controllers\API\LoginApi))
 4 SYSTEMPATH\CodeIgniter.php(351): CodeIgniter\CodeIgniter->handleRequest(null, Object(Config\Cache), false)
 5 FCPATH\index.php(67): CodeIgniter\CodeIgniter->run()
CRITICAL - 2023-06-30 21:08:30 --> Undefined array key "idkaryawan"
in APPPATH\Controllers\API\LoginApi.php on line 53.
 1 APPPATH\Controllers\API\LoginApi.php(53): CodeIgniter\Debug\Exceptions->errorHandler(2, 'Undefined array key "idkaryawan"', 'APPPATH\\Controllers\\API\\LoginApi.php', 53)
 2 SYSTEMPATH\CodeIgniter.php(927): App\Controllers\API\LoginApi->index()
 3 SYSTEMPATH\CodeIgniter.php(482): CodeIgniter\CodeIgniter->runController(Object(App\Controllers\API\LoginApi))
 4 SYSTEMPATH\CodeIgniter.php(351): CodeIgniter\CodeIgniter->handleRequest(null, Object(Config\Cache), false)
 5 FCPATH\index.php(67): CodeIgniter\CodeIgniter->run()
CRITICAL - 2023-06-30 21:09:10 --> Call to undefined method App\Models\ModelKaryawan::getResultArray
in SYSTEMPATH\Model.php on line 774.
 1 APPPATH\Controllers\API\LoginApi.php(52): CodeIgniter\Model->__call('getResultArray', [])
 2 SYSTEMPATH\CodeIgniter.php(927): App\Controllers\API\LoginApi->index()
 3 SYSTEMPATH\CodeIgniter.php(482): CodeIgniter\CodeIgniter->runController(Object(App\Controllers\API\LoginApi))
 4 SYSTEMPATH\CodeIgniter.php(351): CodeIgniter\CodeIgniter->handleRequest(null, Object(Config\Cache), false)
 5 FCPATH\index.php(67): CodeIgniter\CodeIgniter->run()
CRITICAL - 2023-06-30 21:09:27 --> Call to undefined method App\Models\ModelKaryawan::getResult
in SYSTEMPATH\Model.php on line 774.
 1 APPPATH\Controllers\API\LoginApi.php(52): CodeIgniter\Model->__call('getResult', [])
 2 SYSTEMPATH\CodeIgniter.php(927): App\Controllers\API\LoginApi->index()
 3 SYSTEMPATH\CodeIgniter.php(482): CodeIgniter\CodeIgniter->runController(Object(App\Controllers\API\LoginApi))
 4 SYSTEMPATH\CodeIgniter.php(351): CodeIgniter\CodeIgniter->handleRequest(null, Object(Config\Cache), false)
 5 FCPATH\index.php(67): CodeIgniter\CodeIgniter->run()
CRITICAL - 2023-06-30 21:09:42 --> Undefined array key "idkaryawan"
in APPPATH\Controllers\API\LoginApi.php on line 53.
 1 APPPATH\Controllers\API\LoginApi.php(53): CodeIgniter\Debug\Exceptions->errorHandler(2, 'Undefined array key "idkaryawan"', 'APPPATH\\Controllers\\API\\LoginApi.php', 53)
 2 SYSTEMPATH\CodeIgniter.php(927): App\Controllers\API\LoginApi->index()
 3 SYSTEMPATH\CodeIgniter.php(482): CodeIgniter\CodeIgniter->runController(Object(App\Controllers\API\LoginApi))
 4 SYSTEMPATH\CodeIgniter.php(351): CodeIgniter\CodeIgniter->handleRequest(null, Object(Config\Cache), false)
 5 FCPATH\index.php(67): CodeIgniter\CodeIgniter->run()
CRITICAL - 2023-06-30 21:10:12 --> Undefined array key "idkaryawan"
in APPPATH\Controllers\API\LoginApi.php on line 53.
 1 APPPATH\Controllers\API\LoginApi.php(53): CodeIgniter\Debug\Exceptions->errorHandler(2, 'Undefined array key "idkaryawan"', 'APPPATH\\Controllers\\API\\LoginApi.php', 53)
 2 SYSTEMPATH\CodeIgniter.php(927): App\Controllers\API\LoginApi->index()
 3 SYSTEMPATH\CodeIgniter.php(482): CodeIgniter\CodeIgniter->runController(Object(App\Controllers\API\LoginApi))
 4 SYSTEMPATH\CodeIgniter.php(351): CodeIgniter\CodeIgniter->handleRequest(null, Object(Config\Cache), false)
 5 FCPATH\index.php(67): CodeIgniter\CodeIgniter->run()
CRITICAL - 2023-06-30 21:10:25 --> Call to undefined method App\Models\ModelKaryawan::getResultArray
in SYSTEMPATH\Model.php on line 774.
 1 APPPATH\Controllers\API\LoginApi.php(52): CodeIgniter\Model->__call('getResultArray', [])
 2 SYSTEMPATH\CodeIgniter.php(927): App\Controllers\API\LoginApi->index()
 3 SYSTEMPATH\CodeIgniter.php(482): CodeIgniter\CodeIgniter->runController(Object(App\Controllers\API\LoginApi))
 4 SYSTEMPATH\CodeIgniter.php(351): CodeIgniter\CodeIgniter->handleRequest(null, Object(Config\Cache), false)
 5 FCPATH\index.php(67): CodeIgniter\CodeIgniter->run()
CRITICAL - 2023-06-30 21:11:46 --> CodeIgniter\Database\BaseBuilder::getWhere(): Argument #2 ($limit) must be of type ?int, string given, called in D:\INSTALER\XAMP806\htdocs\maadvertising.co.id\system\Model.php on line 772
in SYSTEMPATH\Database\BaseBuilder.php on line 1706.
 1 SYSTEMPATH\Model.php(772): CodeIgniter\Database\BaseBuilder->getWhere('username_karyawan', 'test123')
 2 APPPATH\Models\ModelKaryawan.php(27): CodeIgniter\Model->__call('getWhere', [...])
 3 APPPATH\Controllers\API\LoginApi.php(51): App\Models\ModelKaryawan->cariid('test123')
 4 SYSTEMPATH\CodeIgniter.php(927): App\Controllers\API\LoginApi->index()
 5 SYSTEMPATH\CodeIgniter.php(482): CodeIgniter\CodeIgniter->runController(Object(App\Controllers\API\LoginApi))
 6 SYSTEMPATH\CodeIgniter.php(351): CodeIgniter\CodeIgniter->handleRequest(null, Object(Config\Cache), false)
 7 FCPATH\index.php(67): CodeIgniter\CodeIgniter->run()
CRITICAL - 2023-06-30 21:12:50 --> Call to undefined method App\Models\ModelKaryawan::getresult
in SYSTEMPATH\Model.php on line 774.
 1 APPPATH\Models\ModelKaryawan.php(27): CodeIgniter\Model->__call('getresult', [])
 2 APPPATH\Controllers\API\LoginApi.php(51): App\Models\ModelKaryawan->cariid('test123')
 3 SYSTEMPATH\CodeIgniter.php(927): App\Controllers\API\LoginApi->index()
 4 SYSTEMPATH\CodeIgniter.php(482): CodeIgniter\CodeIgniter->runController(Object(App\Controllers\API\LoginApi))
 5 SYSTEMPATH\CodeIgniter.php(351): CodeIgniter\CodeIgniter->handleRequest(null, Object(Config\Cache), false)
 6 FCPATH\index.php(67): CodeIgniter\CodeIgniter->run()
CRITICAL - 2023-06-30 21:13:40 --> Undefined array key "idkaryawan"
in APPPATH\Controllers\API\LoginApi.php on line 53.
 1 APPPATH\Controllers\API\LoginApi.php(53): CodeIgniter\Debug\Exceptions->errorHandler(2, 'Undefined array key "idkaryawan"', 'APPPATH\\Controllers\\API\\LoginApi.php', 53)
 2 SYSTEMPATH\CodeIgniter.php(927): App\Controllers\API\LoginApi->index()
 3 SYSTEMPATH\CodeIgniter.php(482): CodeIgniter\CodeIgniter->runController(Object(App\Controllers\API\LoginApi))
 4 SYSTEMPATH\CodeIgniter.php(351): CodeIgniter\CodeIgniter->handleRequest(null, Object(Config\Cache), false)
 5 FCPATH\index.php(67): CodeIgniter\CodeIgniter->run()
CRITICAL - 2023-06-30 21:14:53 --> Undefined array key "idkaryawan"
in APPPATH\Controllers\API\LoginApi.php on line 53.
 1 APPPATH\Controllers\API\LoginApi.php(53): CodeIgniter\Debug\Exceptions->errorHandler(2, 'Undefined array key "idkaryawan"', 'APPPATH\\Controllers\\API\\LoginApi.php', 53)
 2 SYSTEMPATH\CodeIgniter.php(927): App\Controllers\API\LoginApi->index()
 3 SYSTEMPATH\CodeIgniter.php(482): CodeIgniter\CodeIgniter->runController(Object(App\Controllers\API\LoginApi))
 4 SYSTEMPATH\CodeIgniter.php(351): CodeIgniter\CodeIgniter->handleRequest(null, Object(Config\Cache), false)
 5 FCPATH\index.php(67): CodeIgniter\CodeIgniter->run()
CRITICAL - 2023-06-30 21:15:23 --> Undefined array key "idkaryawan"
in APPPATH\Controllers\API\LoginApi.php on line 53.
 1 APPPATH\Controllers\API\LoginApi.php(53): CodeIgniter\Debug\Exceptions->errorHandler(2, 'Undefined array key "idkaryawan"', 'APPPATH\\Controllers\\API\\LoginApi.php', 53)
 2 SYSTEMPATH\CodeIgniter.php(927): App\Controllers\API\LoginApi->index()
 3 SYSTEMPATH\CodeIgniter.php(482): CodeIgniter\CodeIgniter->runController(Object(App\Controllers\API\LoginApi))
 4 SYSTEMPATH\CodeIgniter.php(351): CodeIgniter\CodeIgniter->handleRequest(null, Object(Config\Cache), false)
 5 FCPATH\index.php(67): CodeIgniter\CodeIgniter->run()
CRITICAL - 2023-06-30 21:15:41 --> Undefined array key "idkaryawan"
in APPPATH\Controllers\API\LoginApi.php on line 53.
 1 APPPATH\Controllers\API\LoginApi.php(53): CodeIgniter\Debug\Exceptions->errorHandler(2, 'Undefined array key "idkaryawan"', 'APPPATH\\Controllers\\API\\LoginApi.php', 53)
 2 SYSTEMPATH\CodeIgniter.php(927): App\Controllers\API\LoginApi->index()
 3 SYSTEMPATH\CodeIgniter.php(482): CodeIgniter\CodeIgniter->runController(Object(App\Controllers\API\LoginApi))
 4 SYSTEMPATH\CodeIgniter.php(351): CodeIgniter\CodeIgniter->handleRequest(null, Object(Config\Cache), false)
 5 FCPATH\index.php(67): CodeIgniter\CodeIgniter->run()
CRITICAL - 2023-06-30 21:17:22 --> Undefined array key "idkaryawan"
in APPPATH\Controllers\API\LoginApi.php on line 54.
 1 APPPATH\Controllers\API\LoginApi.php(54): CodeIgniter\Debug\Exceptions->errorHandler(2, 'Undefined array key "idkaryawan"', 'APPPATH\\Controllers\\API\\LoginApi.php', 54)
 2 SYSTEMPATH\CodeIgniter.php(927): App\Controllers\API\LoginApi->index()
 3 SYSTEMPATH\CodeIgniter.php(482): CodeIgniter\CodeIgniter->runController(Object(App\Controllers\API\LoginApi))
 4 SYSTEMPATH\CodeIgniter.php(351): CodeIgniter\CodeIgniter->handleRequest(null, Object(Config\Cache), false)
 5 FCPATH\index.php(67): CodeIgniter\CodeIgniter->run()
CRITICAL - 2023-06-30 23:18:23 --> Undefined array key 1
in APPPATH\Filters\Cektoken.php on line 43.
 1 APPPATH\Filters\Cektoken.php(43): CodeIgniter\Debug\Exceptions->errorHandler(2, 'Undefined array key 1', 'APPPATH\\Filters\\Cektoken.php', 43)
 2 SYSTEMPATH\Filters\Filters.php(173): App\Filters\Cektoken->before(Object(CodeIgniter\HTTP\IncomingRequest), null)
 3 SYSTEMPATH\CodeIgniter.php(455): CodeIgniter\Filters\Filters->run('API/RekapInformasiDataKaryawan/REK-18010623', 'before')
 4 SYSTEMPATH\CodeIgniter.php(351): CodeIgniter\CodeIgniter->handleRequest(null, Object(Config\Cache), false)
 5 FCPATH\index.php(67): CodeIgniter\CodeIgniter->run()
CRITICAL - 2023-06-30 23:18:35 --> Undefined array key 1
in APPPATH\Filters\Cektoken.php on line 43.
 1 APPPATH\Filters\Cektoken.php(43): CodeIgniter\Debug\Exceptions->errorHandler(2, 'Undefined array key 1', 'APPPATH\\Filters\\Cektoken.php', 43)
 2 SYSTEMPATH\Filters\Filters.php(173): App\Filters\Cektoken->before(Object(CodeIgniter\HTTP\IncomingRequest), null)
 3 SYSTEMPATH\CodeIgniter.php(455): CodeIgniter\Filters\Filters->run('API/RekapInformasiDataKaryawan/REK-18010623', 'before')
 4 SYSTEMPATH\CodeIgniter.php(351): CodeIgniter\CodeIgniter->handleRequest(null, Object(Config\Cache), false)
 5 FCPATH\index.php(67): CodeIgniter\CodeIgniter->run()
CRITICAL - 2023-06-30 23:18:54 --> Undefined array key 1
in APPPATH\Filters\Cektoken.php on line 43.
 1 APPPATH\Filters\Cektoken.php(43): CodeIgniter\Debug\Exceptions->errorHandler(2, 'Undefined array key 1', 'APPPATH\\Filters\\Cektoken.php', 43)
 2 SYSTEMPATH\Filters\Filters.php(173): App\Filters\Cektoken->before(Object(CodeIgniter\HTTP\IncomingRequest), null)
 3 SYSTEMPATH\CodeIgniter.php(455): CodeIgniter\Filters\Filters->run('API/RekapInformasiDataKaryawan/REK-18010623', 'before')
 4 SYSTEMPATH\CodeIgniter.php(351): CodeIgniter\CodeIgniter->handleRequest(null, Object(Config\Cache), false)
 5 FCPATH\index.php(67): CodeIgniter\CodeIgniter->run()
CRITICAL - 2023-06-30 23:21:42 --> Undefined array key 1
in APPPATH\Filters\Cektoken.php on line 43.
 1 APPPATH\Filters\Cektoken.php(43): CodeIgniter\Debug\Exceptions->errorHandler(2, 'Undefined array key 1', 'APPPATH\\Filters\\Cektoken.php', 43)
 2 SYSTEMPATH\Filters\Filters.php(173): App\Filters\Cektoken->before(Object(CodeIgniter\HTTP\IncomingRequest), null)
 3 SYSTEMPATH\CodeIgniter.php(455): CodeIgniter\Filters\Filters->run('API/RekapInformasiDataKaryawan/REK-18010623', 'before')
 4 SYSTEMPATH\CodeIgniter.php(351): CodeIgniter\CodeIgniter->handleRequest(null, Object(Config\Cache), false)
 5 FCPATH\index.php(67): CodeIgniter\CodeIgniter->run()
